<?xml version="1.0" encoding="UTF-8"?>
<!-- Generated by org.testng.reporters.JUnitXMLReporter -->
<testsuite ignored="0" hostname="Priyaramasami-Personal-11255" failures="1" tests="1" name="Test" time="218.117" errors="0" timestamp="2025-07-07T13:36:10 IST">
  <testcase classname="TestCases.TC01_Custom_PMSBY" name="runTest" time="201.255">
    <failure type="java.lang.AssertionError" message="Field verification failed: 1 mismatch(es). See console for details.">
      <![CDATA[java.lang.AssertionError: Field verification failed: 1 mismatch(es). See console for details.
at CustomMenu.PMSBY.VerificationValidation(PMSBY.java:259)
at CustomMenu.PMSBY.execute(PMSBY.java:75)
at TestCases.TC01_Custom_PMSBY.executeStep(TC01_Custom_PMSBY.java:74)
at TestCases.TC01_Custom_PMSBY.runTest(TC01_Custom_PMSBY.java:54)
at java.base/java.util.ArrayList.forEach(ArrayList.java:1511)
... Removed 28 stack frames]]>
    </failure>
  </testcase> <!-- runTest -->
</testsuite> <!-- Test -->
