<?xml version="1.0" encoding="UTF-8"?>
<!-- Generated by org.testng.reporters.JUnitXMLReporter -->
<testsuite ignored="0" hostname="christina" failures="4" tests="4" name="FunctionalityTesting" time="96.495" errors="0" timestamp="2025-11-03T11:43:55 IST">
  <testcase classname="PaymentTestCases.TC02_IssuingdocumentaryCreditMaintenance" name="runTest" time="10.249">
    <failure type="java.lang.AssertionError" message="❌ Assertion Failure: Application error found: Q12 - The documentary credit record already exists.">
      <![CDATA[java.lang.AssertionError: ❌ Assertion Failure: Application error found: Q12 - The documentary credit record already exists.
at PaymentTestCases.TC02_IssuingdocumentaryCreditMaintenance.runTest(TC02_IssuingdocumentaryCreditMaintenance.java:83)
at java.base/java.util.ArrayList.forEach(ArrayList.java:1511)
... Removed 32 stack frames]]>
    </failure>
  </testcase> <!-- runTest -->
  <testcase classname="PaymentTestCases.TC09_CopyingDocumentaryCredit" name="runTest" time="12.868">
    <failure type="java.lang.AssertionError" message="❌ Assertion Failure: Application error found: Q12 - The documentary credit record already exists.">
      <![CDATA[java.lang.AssertionError: ❌ Assertion Failure: Application error found: Q12 - The documentary credit record already exists.
at PaymentTestCases.TC09_CopyingDocumentaryCredit.runTest(TC09_CopyingDocumentaryCredit.java:83)
at java.base/java.util.ArrayList.forEach(ArrayList.java:1511)
... Removed 32 stack frames]]>
    </failure>
  </testcase> <!-- runTest -->
  <testcase classname="PaymentTestCases.TC10_AdviseDocumentaryCredit" name="runTest" time="11.199">
    <failure type="java.lang.AssertionError" message="❌ Assertion Failure: Test failed: Q12 - The documentary credit record already exists.">
      <![CDATA[java.lang.AssertionError: ❌ Assertion Failure: Test failed: Q12 - The documentary credit record already exists.
at PaymentTestCases.TC10_AdviseDocumentaryCredit.runTest(TC10_AdviseDocumentaryCredit.java:77)
at java.base/java.util.ArrayList.forEach(ArrayList.java:1511)
... Removed 32 stack frames]]>
    </failure>
  </testcase> <!-- runTest -->
  <testcase classname="PaymentTestCases.TC11_AmendingDocumentaryCredit" name="runTest" time="52.122">
    <failure type="java.lang.AssertionError" message="❌ Assertion Failure: Test failed: unexpected alert open: {Alert text : undefined}
  (Session info: MicrosoftEdge=142.0.3595.53): undefined
Build info: version: &amp;apos;4.29.0&amp;apos;, revision: &amp;apos;5fc1ec94cb&amp;apos;
System info: os.name: &amp;apos;Windows 11&amp;apos;, os.arch: &amp;apos;amd64&amp;apos;, os.version: &amp;apos;10.0&amp;apos;, java.version: &amp;apos;17.0.12&amp;apos;
Driver info: org.openqa.selenium.edge.EdgeDriver
Command: [1851f83b2de1a17a117d4814889bf1dd, findElement {using=name, value=CoreServer}]
Capabilities {acceptInsecureCerts: false, browserName: MicrosoftEdge, browserVersion: 142.0.3595.53, fedcm:accounts: true, goog:processID: 2532, ms:edgeOptions: {debuggerAddress: localhost:63443}, msedge: {msedgedriverVersion: 142.0.3595.53 (e9d637e9672e..., userDataDir: C:\Users\chris\AppData\Loca...}, networkConnectionEnabled: false, pageLoadStrategy: normal, platformName: windows, proxy: Proxy(), se:cdp: ws://localhost:63443/devtoo..., se:cdpVersion: 142.0.3595.53, setWindowRect: true, strictFileInteractability: false, timeouts: {implicit: 0, pageLoad: 300000, script: 30000}, unhandledPromptBehavior: dismiss and notify, webauthn:extension:credBlob: true, webauthn:extension:largeBlob: true, webauthn:extension:minPinLength: true, webauthn:extension:prf: true, webauthn:virtualAuthenticators: true}
Session ID: 1851f83b2de1a17a117d4814889bf1dd">
      <![CDATA[java.lang.AssertionError: ❌ Assertion Failure: Test failed: unexpected alert open: {Alert text : undefined}
  (Session info: MicrosoftEdge=142.0.3595.53): undefined
Build info: version: '4.29.0', revision: '5fc1ec94cb'
System info: os.name: 'Windows 11', os.arch: 'amd64', os.version: '10.0', java.version: '17.0.12'
Driver info: org.openqa.selenium.edge.EdgeDriver
Command: [1851f83b2de1a17a117d4814889bf1dd, findElement {using=name, value=CoreServer}]
Capabilities {acceptInsecureCerts: false, browserName: MicrosoftEdge, browserVersion: 142.0.3595.53, fedcm:accounts: true, goog:processID: 2532, ms:edgeOptions: {debuggerAddress: localhost:63443}, msedge: {msedgedriverVersion: 142.0.3595.53 (e9d637e9672e..., userDataDir: C:\Users\chris\AppData\Loca...}, networkConnectionEnabled: false, pageLoadStrategy: normal, platformName: windows, proxy: Proxy(), se:cdp: ws://localhost:63443/devtoo..., se:cdpVersion: 142.0.3595.53, setWindowRect: true, strictFileInteractability: false, timeouts: {implicit: 0, pageLoad: 300000, script: 30000}, unhandledPromptBehavior: dismiss and notify, webauthn:extension:credBlob: true, webauthn:extension:largeBlob: true, webauthn:extension:minPinLength: true, webauthn:extension:prf: true, webauthn:virtualAuthenticators: true}
Session ID: 1851f83b2de1a17a117d4814889bf1dd
at PaymentTestCases.TC11_AmendingDocumentaryCredit.runTest(TC11_AmendingDocumentaryCredit.java:81)
at java.base/java.util.ArrayList.forEach(ArrayList.java:1511)
... Removed 32 stack frames]]>
    </failure>
  </testcase> <!-- runTest -->
</testsuite> <!-- FunctionalityTesting -->
