<?xml version="1.0" encoding="UTF-8"?>
<!-- Generated by org.testng.reporters.JUnitReportReporter -->
<testsuite hostname="Priyaramasami-Personal-11255" failures="0" tests="1" name="TestCases.TC04_IssueChequeBookToTheSavingsAccountWith10LeavesAfterTransactionStopTheChequeAndRevoke" time="1.033" errors="0" timestamp="2025-10-15T16:51:53 IST" skipped="0">
  <testcase classname="TestCases.TC04_IssueChequeBookToTheSavingsAccountWith10LeavesAfterTransactionStopTheChequeAndRevoke" name="runTest" time="1.033"/>
</testsuite> <!-- TestCases.TC04_IssueChequeBookToTheSavingsAccountWith10LeavesAfterTransactionStopTheChequeAndRevoke -->
