<?xml version="1.0" encoding="UTF-8"?>
<!-- Generated by org.testng.reporters.JUnitXMLReporter -->
<testsuite ignored="0" hostname="christina" failures="228" tests="228" name="DLYRPT_Execution" time="3.588" errors="0" timestamp="2025-09-12T10:45:08 IST">
  <testcase classname="Reports.DLYRPT" name="Report" time="0.005">
    <failure type="java.lang.NullPointerException" message="Cannot invoke &amp;quot;org.openqa.selenium.support.ui.WebDriverWait.until(java.util.function.Function)&amp;quot; because &amp;quot;Reports.DLYRPT.wait&amp;quot; is null">
      <![CDATA[java.lang.NullPointerException: Cannot invoke "org.openqa.selenium.support.ui.WebDriverWait.until(java.util.function.Function)" because "Reports.DLYRPT.wait" is null
at Reports.DLYRPT.Report(DLYRPT.java:43)
at java.base/java.util.ArrayList.forEach(ArrayList.java:1511)
at TestCases.Report_DLYRPTTestCase.runDLYRPTFlow(Report_DLYRPTTestCase.java:56)
at java.base/java.util.ArrayList.forEach(ArrayList.java:1511)
... Removed 51 stack frames]]>
    </failure>
  </testcase> <!-- Report -->
  <testcase classname="Reports.DLYRPT" name="Report" time="0.002">
    <failure type="java.lang.NullPointerException" message="Cannot invoke &amp;quot;org.openqa.selenium.support.ui.WebDriverWait.until(java.util.function.Function)&amp;quot; because &amp;quot;Reports.DLYRPT.wait&amp;quot; is null">
      <![CDATA[java.lang.NullPointerException: Cannot invoke "org.openqa.selenium.support.ui.WebDriverWait.until(java.util.function.Function)" because "Reports.DLYRPT.wait" is null
at Reports.DLYRPT.Report(DLYRPT.java:43)
at java.base/java.util.ArrayList.forEach(ArrayList.java:1511)
at TestCases.Report_DLYRPTTestCase.runDLYRPTFlow(Report_DLYRPTTestCase.java:56)
at java.base/java.util.ArrayList.forEach(ArrayList.java:1511)
... Removed 51 stack frames]]>
    </failure>
  </testcase> <!-- Report -->
  <testcase classname="Reports.DLYRPT" name="Report" time="0.003">
    <failure type="java.lang.NullPointerException" message="Cannot invoke &amp;quot;org.openqa.selenium.support.ui.WebDriverWait.until(java.util.function.Function)&amp;quot; because &amp;quot;Reports.DLYRPT.wait&amp;quot; is null">
      <![CDATA[java.lang.NullPointerException: Cannot invoke "org.openqa.selenium.support.ui.WebDriverWait.until(java.util.function.Function)" because "Reports.DLYRPT.wait" is null
at Reports.DLYRPT.Report(DLYRPT.java:43)
at java.base/java.util.ArrayList.forEach(ArrayList.java:1511)
at TestCases.Report_DLYRPTTestCase.runDLYRPTFlow(Report_DLYRPTTestCase.java:56)
at java.base/java.util.ArrayList.forEach(ArrayList.java:1511)
... Removed 51 stack frames]]>
    </failure>
  </testcase> <!-- Report -->
  <testcase classname="Reports.DLYRPT" name="Report" time="0.002">
    <failure type="java.lang.NullPointerException" message="Cannot invoke &amp;quot;org.openqa.selenium.support.ui.WebDriverWait.until(java.util.function.Function)&amp;quot; because &amp;quot;Reports.DLYRPT.wait&amp;quot; is null">
      <![CDATA[java.lang.NullPointerException: Cannot invoke "org.openqa.selenium.support.ui.WebDriverWait.until(java.util.function.Function)" because "Reports.DLYRPT.wait" is null
at Reports.DLYRPT.Report(DLYRPT.java:43)
at java.base/java.util.ArrayList.forEach(ArrayList.java:1511)
at TestCases.Report_DLYRPTTestCase.runDLYRPTFlow(Report_DLYRPTTestCase.java:56)
at java.base/java.util.ArrayList.forEach(ArrayList.java:1511)
... Removed 51 stack frames]]>
    </failure>
  </testcase> <!-- Report -->
  <testcase classname="Reports.DLYRPT" name="Report" time="0.002">
    <failure type="java.lang.NullPointerException" message="Cannot invoke &amp;quot;org.openqa.selenium.support.ui.WebDriverWait.until(java.util.function.Function)&amp;quot; because &amp;quot;Reports.DLYRPT.wait&amp;quot; is null">
      <![CDATA[java.lang.NullPointerException: Cannot invoke "org.openqa.selenium.support.ui.WebDriverWait.until(java.util.function.Function)" because "Reports.DLYRPT.wait" is null
at Reports.DLYRPT.Report(DLYRPT.java:43)
at java.base/java.util.ArrayList.forEach(ArrayList.java:1511)
at TestCases.Report_DLYRPTTestCase.runDLYRPTFlow(Report_DLYRPTTestCase.java:56)
at java.base/java.util.ArrayList.forEach(ArrayList.java:1511)
... Removed 51 stack frames]]>
    </failure>
  </testcase> <!-- Report -->
  <testcase classname="Reports.DLYRPT" name="Report" time="0.01">
    <failure type="java.lang.NullPointerException" message="Cannot invoke &amp;quot;org.openqa.selenium.support.ui.WebDriverWait.until(java.util.function.Function)&amp;quot; because &amp;quot;Reports.DLYRPT.wait&amp;quot; is null">
      <![CDATA[java.lang.NullPointerException: Cannot invoke "org.openqa.selenium.support.ui.WebDriverWait.until(java.util.function.Function)" because "Reports.DLYRPT.wait" is null
at Reports.DLYRPT.Report(DLYRPT.java:43)
at java.base/java.util.ArrayList.forEach(ArrayList.java:1511)
at TestCases.Report_DLYRPTTestCase.runDLYRPTFlow(Report_DLYRPTTestCase.java:56)
at java.base/java.util.ArrayList.forEach(ArrayList.java:1511)
... Removed 51 stack frames]]>
    </failure>
  </testcase> <!-- Report -->
  <testcase classname="Reports.DLYRPT" name="Report" time="0.002">
    <failure type="java.lang.NullPointerException" message="Cannot invoke &amp;quot;org.openqa.selenium.support.ui.WebDriverWait.until(java.util.function.Function)&amp;quot; because &amp;quot;Reports.DLYRPT.wait&amp;quot; is null">
      <![CDATA[java.lang.NullPointerException: Cannot invoke "org.openqa.selenium.support.ui.WebDriverWait.until(java.util.function.Function)" because "Reports.DLYRPT.wait" is null
at Reports.DLYRPT.Report(DLYRPT.java:43)
at java.base/java.util.ArrayList.forEach(ArrayList.java:1511)
at TestCases.Report_DLYRPTTestCase.runDLYRPTFlow(Report_DLYRPTTestCase.java:56)
at java.base/java.util.ArrayList.forEach(ArrayList.java:1511)
... Removed 51 stack frames]]>
    </failure>
  </testcase> <!-- Report -->
  <testcase classname="Reports.DLYRPT" name="Report" time="0.002">
    <failure type="java.lang.NullPointerException" message="Cannot invoke &amp;quot;org.openqa.selenium.support.ui.WebDriverWait.until(java.util.function.Function)&amp;quot; because &amp;quot;Reports.DLYRPT.wait&amp;quot; is null">
      <![CDATA[java.lang.NullPointerException: Cannot invoke "org.openqa.selenium.support.ui.WebDriverWait.until(java.util.function.Function)" because "Reports.DLYRPT.wait" is null
at Reports.DLYRPT.Report(DLYRPT.java:43)
at java.base/java.util.ArrayList.forEach(ArrayList.java:1511)
at TestCases.Report_DLYRPTTestCase.runDLYRPTFlow(Report_DLYRPTTestCase.java:56)
at java.base/java.util.ArrayList.forEach(ArrayList.java:1511)
... Removed 51 stack frames]]>
    </failure>
  </testcase> <!-- Report -->
  <testcase classname="Reports.DLYRPT" name="Report" time="0.001">
    <failure type="java.lang.NullPointerException" message="Cannot invoke &amp;quot;org.openqa.selenium.support.ui.WebDriverWait.until(java.util.function.Function)&amp;quot; because &amp;quot;Reports.DLYRPT.wait&amp;quot; is null">
      <![CDATA[java.lang.NullPointerException: Cannot invoke "org.openqa.selenium.support.ui.WebDriverWait.until(java.util.function.Function)" because "Reports.DLYRPT.wait" is null
at Reports.DLYRPT.Report(DLYRPT.java:43)
at java.base/java.util.ArrayList.forEach(ArrayList.java:1511)
at TestCases.Report_DLYRPTTestCase.runDLYRPTFlow(Report_DLYRPTTestCase.java:56)
at java.base/java.util.ArrayList.forEach(ArrayList.java:1511)
... Removed 51 stack frames]]>
    </failure>
  </testcase> <!-- Report -->
  <testcase classname="Reports.DLYRPT" name="Report" time="0.002">
    <failure type="java.lang.NullPointerException" message="Cannot invoke &amp;quot;org.openqa.selenium.support.ui.WebDriverWait.until(java.util.function.Function)&amp;quot; because &amp;quot;Reports.DLYRPT.wait&amp;quot; is null">
      <![CDATA[java.lang.NullPointerException: Cannot invoke "org.openqa.selenium.support.ui.WebDriverWait.until(java.util.function.Function)" because "Reports.DLYRPT.wait" is null
at Reports.DLYRPT.Report(DLYRPT.java:43)
at java.base/java.util.ArrayList.forEach(ArrayList.java:1511)
at TestCases.Report_DLYRPTTestCase.runDLYRPTFlow(Report_DLYRPTTestCase.java:56)
at java.base/java.util.ArrayList.forEach(ArrayList.java:1511)
... Removed 51 stack frames]]>
    </failure>
  </testcase> <!-- Report -->
  <testcase classname="Reports.DLYRPT" name="Report" time="0.002">
    <failure type="java.lang.NullPointerException" message="Cannot invoke &amp;quot;org.openqa.selenium.support.ui.WebDriverWait.until(java.util.function.Function)&amp;quot; because &amp;quot;Reports.DLYRPT.wait&amp;quot; is null">
      <![CDATA[java.lang.NullPointerException: Cannot invoke "org.openqa.selenium.support.ui.WebDriverWait.until(java.util.function.Function)" because "Reports.DLYRPT.wait" is null
at Reports.DLYRPT.Report(DLYRPT.java:43)
at java.base/java.util.ArrayList.forEach(ArrayList.java:1511)
at TestCases.Report_DLYRPTTestCase.runDLYRPTFlow(Report_DLYRPTTestCase.java:56)
at java.base/java.util.ArrayList.forEach(ArrayList.java:1511)
... Removed 51 stack frames]]>
    </failure>
  </testcase> <!-- Report -->
  <testcase classname="Reports.DLYRPT" name="Report" time="0.001">
    <failure type="java.lang.NullPointerException" message="Cannot invoke &amp;quot;org.openqa.selenium.support.ui.WebDriverWait.until(java.util.function.Function)&amp;quot; because &amp;quot;Reports.DLYRPT.wait&amp;quot; is null">
      <![CDATA[java.lang.NullPointerException: Cannot invoke "org.openqa.selenium.support.ui.WebDriverWait.until(java.util.function.Function)" because "Reports.DLYRPT.wait" is null
at Reports.DLYRPT.Report(DLYRPT.java:43)
at java.base/java.util.ArrayList.forEach(ArrayList.java:1511)
at TestCases.Report_DLYRPTTestCase.runDLYRPTFlow(Report_DLYRPTTestCase.java:56)
at java.base/java.util.ArrayList.forEach(ArrayList.java:1511)
... Removed 51 stack frames]]>
    </failure>
  </testcase> <!-- Report -->
  <testcase classname="Reports.DLYRPT" name="Report" time="0.002">
    <failure type="java.lang.NullPointerException" message="Cannot invoke &amp;quot;org.openqa.selenium.support.ui.WebDriverWait.until(java.util.function.Function)&amp;quot; because &amp;quot;Reports.DLYRPT.wait&amp;quot; is null">
      <![CDATA[java.lang.NullPointerException: Cannot invoke "org.openqa.selenium.support.ui.WebDriverWait.until(java.util.function.Function)" because "Reports.DLYRPT.wait" is null
at Reports.DLYRPT.Report(DLYRPT.java:43)
at java.base/java.util.ArrayList.forEach(ArrayList.java:1511)
at TestCases.Report_DLYRPTTestCase.runDLYRPTFlow(Report_DLYRPTTestCase.java:56)
at java.base/java.util.ArrayList.forEach(ArrayList.java:1511)
... Removed 51 stack frames]]>
    </failure>
  </testcase> <!-- Report -->
  <testcase classname="Reports.DLYRPT" name="Report" time="0.002">
    <failure type="java.lang.NullPointerException" message="Cannot invoke &amp;quot;org.openqa.selenium.support.ui.WebDriverWait.until(java.util.function.Function)&amp;quot; because &amp;quot;Reports.DLYRPT.wait&amp;quot; is null">
      <![CDATA[java.lang.NullPointerException: Cannot invoke "org.openqa.selenium.support.ui.WebDriverWait.until(java.util.function.Function)" because "Reports.DLYRPT.wait" is null
at Reports.DLYRPT.Report(DLYRPT.java:43)
at java.base/java.util.ArrayList.forEach(ArrayList.java:1511)
at TestCases.Report_DLYRPTTestCase.runDLYRPTFlow(Report_DLYRPTTestCase.java:56)
at java.base/java.util.ArrayList.forEach(ArrayList.java:1511)
... Removed 51 stack frames]]>
    </failure>
  </testcase> <!-- Report -->
  <testcase classname="Reports.DLYRPT" name="Report" time="0.004">
    <failure type="java.lang.NullPointerException" message="Cannot invoke &amp;quot;org.openqa.selenium.support.ui.WebDriverWait.until(java.util.function.Function)&amp;quot; because &amp;quot;Reports.DLYRPT.wait&amp;quot; is null">
      <![CDATA[java.lang.NullPointerException: Cannot invoke "org.openqa.selenium.support.ui.WebDriverWait.until(java.util.function.Function)" because "Reports.DLYRPT.wait" is null
at Reports.DLYRPT.Report(DLYRPT.java:43)
at java.base/java.util.ArrayList.forEach(ArrayList.java:1511)
at TestCases.Report_DLYRPTTestCase.runDLYRPTFlow(Report_DLYRPTTestCase.java:56)
at java.base/java.util.ArrayList.forEach(ArrayList.java:1511)
... Removed 51 stack frames]]>
    </failure>
  </testcase> <!-- Report -->
  <testcase classname="Reports.DLYRPT" name="Report" time="0.004">
    <failure type="java.lang.NullPointerException" message="Cannot invoke &amp;quot;org.openqa.selenium.support.ui.WebDriverWait.until(java.util.function.Function)&amp;quot; because &amp;quot;Reports.DLYRPT.wait&amp;quot; is null">
      <![CDATA[java.lang.NullPointerException: Cannot invoke "org.openqa.selenium.support.ui.WebDriverWait.until(java.util.function.Function)" because "Reports.DLYRPT.wait" is null
at Reports.DLYRPT.Report(DLYRPT.java:43)
at java.base/java.util.ArrayList.forEach(ArrayList.java:1511)
at TestCases.Report_DLYRPTTestCase.runDLYRPTFlow(Report_DLYRPTTestCase.java:56)
at java.base/java.util.ArrayList.forEach(ArrayList.java:1511)
... Removed 51 stack frames]]>
    </failure>
  </testcase> <!-- Report -->
  <testcase classname="Reports.DLYRPT" name="Report" time="0.002">
    <failure type="java.lang.NullPointerException" message="Cannot invoke &amp;quot;org.openqa.selenium.support.ui.WebDriverWait.until(java.util.function.Function)&amp;quot; because &amp;quot;Reports.DLYRPT.wait&amp;quot; is null">
      <![CDATA[java.lang.NullPointerException: Cannot invoke "org.openqa.selenium.support.ui.WebDriverWait.until(java.util.function.Function)" because "Reports.DLYRPT.wait" is null
at Reports.DLYRPT.Report(DLYRPT.java:43)
at java.base/java.util.ArrayList.forEach(ArrayList.java:1511)
at TestCases.Report_DLYRPTTestCase.runDLYRPTFlow(Report_DLYRPTTestCase.java:56)
at java.base/java.util.ArrayList.forEach(ArrayList.java:1511)
... Removed 50 stack frames]]>
    </failure>
  </testcase> <!-- Report -->
  <testcase classname="Reports.DLYRPT" name="Report" time="0.002">
    <failure type="java.lang.NullPointerException" message="Cannot invoke &amp;quot;org.openqa.selenium.support.ui.WebDriverWait.until(java.util.function.Function)&amp;quot; because &amp;quot;Reports.DLYRPT.wait&amp;quot; is null">
      <![CDATA[java.lang.NullPointerException: Cannot invoke "org.openqa.selenium.support.ui.WebDriverWait.until(java.util.function.Function)" because "Reports.DLYRPT.wait" is null
at Reports.DLYRPT.Report(DLYRPT.java:43)
at java.base/java.util.ArrayList.forEach(ArrayList.java:1511)
at TestCases.Report_DLYRPTTestCase.runDLYRPTFlow(Report_DLYRPTTestCase.java:56)
at java.base/java.util.ArrayList.forEach(ArrayList.java:1511)
... Removed 50 stack frames]]>
    </failure>
  </testcase> <!-- Report -->
  <testcase classname="Reports.DLYRPT" name="Report" time="0.001">
    <failure type="java.lang.NullPointerException" message="Cannot invoke &amp;quot;org.openqa.selenium.support.ui.WebDriverWait.until(java.util.function.Function)&amp;quot; because &amp;quot;Reports.DLYRPT.wait&amp;quot; is null">
      <![CDATA[java.lang.NullPointerException: Cannot invoke "org.openqa.selenium.support.ui.WebDriverWait.until(java.util.function.Function)" because "Reports.DLYRPT.wait" is null
at Reports.DLYRPT.Report(DLYRPT.java:43)
at java.base/java.util.ArrayList.forEach(ArrayList.java:1511)
at TestCases.Report_DLYRPTTestCase.runDLYRPTFlow(Report_DLYRPTTestCase.java:56)
at java.base/java.util.ArrayList.forEach(ArrayList.java:1511)
... Removed 50 stack frames]]>
    </failure>
  </testcase> <!-- Report -->
  <testcase classname="Reports.DLYRPT" name="Report" time="0.002">
    <failure type="java.lang.NullPointerException" message="Cannot invoke &amp;quot;org.openqa.selenium.support.ui.WebDriverWait.until(java.util.function.Function)&amp;quot; because &amp;quot;Reports.DLYRPT.wait&amp;quot; is null">
      <![CDATA[java.lang.NullPointerException: Cannot invoke "org.openqa.selenium.support.ui.WebDriverWait.until(java.util.function.Function)" because "Reports.DLYRPT.wait" is null
at Reports.DLYRPT.Report(DLYRPT.java:43)
at java.base/java.util.ArrayList.forEach(ArrayList.java:1511)
at TestCases.Report_DLYRPTTestCase.runDLYRPTFlow(Report_DLYRPTTestCase.java:56)
at java.base/java.util.ArrayList.forEach(ArrayList.java:1511)
... Removed 50 stack frames]]>
    </failure>
  </testcase> <!-- Report -->
  <testcase classname="Reports.DLYRPT" name="Report" time="0.002">
    <failure type="java.lang.NullPointerException" message="Cannot invoke &amp;quot;org.openqa.selenium.support.ui.WebDriverWait.until(java.util.function.Function)&amp;quot; because &amp;quot;Reports.DLYRPT.wait&amp;quot; is null">
      <![CDATA[java.lang.NullPointerException: Cannot invoke "org.openqa.selenium.support.ui.WebDriverWait.until(java.util.function.Function)" because "Reports.DLYRPT.wait" is null
at Reports.DLYRPT.Report(DLYRPT.java:43)
at java.base/java.util.ArrayList.forEach(ArrayList.java:1511)
at TestCases.Report_DLYRPTTestCase.runDLYRPTFlow(Report_DLYRPTTestCase.java:56)
at java.base/java.util.ArrayList.forEach(ArrayList.java:1511)
... Removed 50 stack frames]]>
    </failure>
  </testcase> <!-- Report -->
  <testcase classname="Reports.DLYRPT" name="Report" time="0.001">
    <failure type="java.lang.NullPointerException" message="Cannot invoke &amp;quot;org.openqa.selenium.support.ui.WebDriverWait.until(java.util.function.Function)&amp;quot; because &amp;quot;Reports.DLYRPT.wait&amp;quot; is null">
      <![CDATA[java.lang.NullPointerException: Cannot invoke "org.openqa.selenium.support.ui.WebDriverWait.until(java.util.function.Function)" because "Reports.DLYRPT.wait" is null
at Reports.DLYRPT.Report(DLYRPT.java:43)
at java.base/java.util.ArrayList.forEach(ArrayList.java:1511)
at TestCases.Report_DLYRPTTestCase.runDLYRPTFlow(Report_DLYRPTTestCase.java:56)
at java.base/java.util.ArrayList.forEach(ArrayList.java:1511)
... Removed 50 stack frames]]>
    </failure>
  </testcase> <!-- Report -->
  <testcase classname="Reports.DLYRPT" name="Report" time="0.003">
    <failure type="java.lang.NullPointerException" message="Cannot invoke &amp;quot;org.openqa.selenium.support.ui.WebDriverWait.until(java.util.function.Function)&amp;quot; because &amp;quot;Reports.DLYRPT.wait&amp;quot; is null">
      <![CDATA[java.lang.NullPointerException: Cannot invoke "org.openqa.selenium.support.ui.WebDriverWait.until(java.util.function.Function)" because "Reports.DLYRPT.wait" is null
at Reports.DLYRPT.Report(DLYRPT.java:43)
at java.base/java.util.ArrayList.forEach(ArrayList.java:1511)
at TestCases.Report_DLYRPTTestCase.runDLYRPTFlow(Report_DLYRPTTestCase.java:56)
at java.base/java.util.ArrayList.forEach(ArrayList.java:1511)
... Removed 50 stack frames]]>
    </failure>
  </testcase> <!-- Report -->
  <testcase classname="Reports.DLYRPT" name="Report" time="0.002">
    <failure type="java.lang.NullPointerException" message="Cannot invoke &amp;quot;org.openqa.selenium.support.ui.WebDriverWait.until(java.util.function.Function)&amp;quot; because &amp;quot;Reports.DLYRPT.wait&amp;quot; is null">
      <![CDATA[java.lang.NullPointerException: Cannot invoke "org.openqa.selenium.support.ui.WebDriverWait.until(java.util.function.Function)" because "Reports.DLYRPT.wait" is null
at Reports.DLYRPT.Report(DLYRPT.java:43)
at java.base/java.util.ArrayList.forEach(ArrayList.java:1511)
at TestCases.Report_DLYRPTTestCase.runDLYRPTFlow(Report_DLYRPTTestCase.java:56)
at java.base/java.util.ArrayList.forEach(ArrayList.java:1511)
... Removed 50 stack frames]]>
    </failure>
  </testcase> <!-- Report -->
  <testcase classname="Reports.DLYRPT" name="Report" time="0.002">
    <failure type="java.lang.NullPointerException" message="Cannot invoke &amp;quot;org.openqa.selenium.support.ui.WebDriverWait.until(java.util.function.Function)&amp;quot; because &amp;quot;Reports.DLYRPT.wait&amp;quot; is null">
      <![CDATA[java.lang.NullPointerException: Cannot invoke "org.openqa.selenium.support.ui.WebDriverWait.until(java.util.function.Function)" because "Reports.DLYRPT.wait" is null
at Reports.DLYRPT.Report(DLYRPT.java:43)
at java.base/java.util.ArrayList.forEach(ArrayList.java:1511)
at TestCases.Report_DLYRPTTestCase.runDLYRPTFlow(Report_DLYRPTTestCase.java:56)
at java.base/java.util.ArrayList.forEach(ArrayList.java:1511)
... Removed 50 stack frames]]>
    </failure>
  </testcase> <!-- Report -->
  <testcase classname="Reports.DLYRPT" name="Report" time="0.002">
    <failure type="java.lang.NullPointerException" message="Cannot invoke &amp;quot;org.openqa.selenium.support.ui.WebDriverWait.until(java.util.function.Function)&amp;quot; because &amp;quot;Reports.DLYRPT.wait&amp;quot; is null">
      <![CDATA[java.lang.NullPointerException: Cannot invoke "org.openqa.selenium.support.ui.WebDriverWait.until(java.util.function.Function)" because "Reports.DLYRPT.wait" is null
at Reports.DLYRPT.Report(DLYRPT.java:43)
at java.base/java.util.ArrayList.forEach(ArrayList.java:1511)
at TestCases.Report_DLYRPTTestCase.runDLYRPTFlow(Report_DLYRPTTestCase.java:56)
at java.base/java.util.ArrayList.forEach(ArrayList.java:1511)
... Removed 50 stack frames]]>
    </failure>
  </testcase> <!-- Report -->
  <testcase classname="Reports.DLYRPT" name="Report" time="0.002">
    <failure type="java.lang.NullPointerException" message="Cannot invoke &amp;quot;org.openqa.selenium.support.ui.WebDriverWait.until(java.util.function.Function)&amp;quot; because &amp;quot;Reports.DLYRPT.wait&amp;quot; is null">
      <![CDATA[java.lang.NullPointerException: Cannot invoke "org.openqa.selenium.support.ui.WebDriverWait.until(java.util.function.Function)" because "Reports.DLYRPT.wait" is null
at Reports.DLYRPT.Report(DLYRPT.java:43)
at java.base/java.util.ArrayList.forEach(ArrayList.java:1511)
at TestCases.Report_DLYRPTTestCase.runDLYRPTFlow(Report_DLYRPTTestCase.java:56)
at java.base/java.util.ArrayList.forEach(ArrayList.java:1511)
... Removed 50 stack frames]]>
    </failure>
  </testcase> <!-- Report -->
  <testcase classname="Reports.DLYRPT" name="Report" time="0.001">
    <failure type="java.lang.NullPointerException" message="Cannot invoke &amp;quot;org.openqa.selenium.support.ui.WebDriverWait.until(java.util.function.Function)&amp;quot; because &amp;quot;Reports.DLYRPT.wait&amp;quot; is null">
      <![CDATA[java.lang.NullPointerException: Cannot invoke "org.openqa.selenium.support.ui.WebDriverWait.until(java.util.function.Function)" because "Reports.DLYRPT.wait" is null
at Reports.DLYRPT.Report(DLYRPT.java:43)
at java.base/java.util.ArrayList.forEach(ArrayList.java:1511)
at TestCases.Report_DLYRPTTestCase.runDLYRPTFlow(Report_DLYRPTTestCase.java:56)
at java.base/java.util.ArrayList.forEach(ArrayList.java:1511)
... Removed 50 stack frames]]>
    </failure>
  </testcase> <!-- Report -->
  <testcase classname="Reports.DLYRPT" name="Report" time="0.001">
    <failure type="java.lang.NullPointerException" message="Cannot invoke &amp;quot;org.openqa.selenium.support.ui.WebDriverWait.until(java.util.function.Function)&amp;quot; because &amp;quot;Reports.DLYRPT.wait&amp;quot; is null">
      <![CDATA[java.lang.NullPointerException: Cannot invoke "org.openqa.selenium.support.ui.WebDriverWait.until(java.util.function.Function)" because "Reports.DLYRPT.wait" is null
at Reports.DLYRPT.Report(DLYRPT.java:43)
at java.base/java.util.ArrayList.forEach(ArrayList.java:1511)
at TestCases.Report_DLYRPTTestCase.runDLYRPTFlow(Report_DLYRPTTestCase.java:56)
at java.base/java.util.ArrayList.forEach(ArrayList.java:1511)
... Removed 50 stack frames]]>
    </failure>
  </testcase> <!-- Report -->
  <testcase classname="Reports.DLYRPT" name="Report" time="0.001">
    <failure type="java.lang.NullPointerException" message="Cannot invoke &amp;quot;org.openqa.selenium.support.ui.WebDriverWait.until(java.util.function.Function)&amp;quot; because &amp;quot;Reports.DLYRPT.wait&amp;quot; is null">
      <![CDATA[java.lang.NullPointerException: Cannot invoke "org.openqa.selenium.support.ui.WebDriverWait.until(java.util.function.Function)" because "Reports.DLYRPT.wait" is null
at Reports.DLYRPT.Report(DLYRPT.java:43)
at java.base/java.util.ArrayList.forEach(ArrayList.java:1511)
at TestCases.Report_DLYRPTTestCase.runDLYRPTFlow(Report_DLYRPTTestCase.java:56)
at java.base/java.util.ArrayList.forEach(ArrayList.java:1511)
... Removed 50 stack frames]]>
    </failure>
  </testcase> <!-- Report -->
  <testcase classname="Reports.DLYRPT" name="Report" time="0.002">
    <failure type="java.lang.NullPointerException" message="Cannot invoke &amp;quot;org.openqa.selenium.support.ui.WebDriverWait.until(java.util.function.Function)&amp;quot; because &amp;quot;Reports.DLYRPT.wait&amp;quot; is null">
      <![CDATA[java.lang.NullPointerException: Cannot invoke "org.openqa.selenium.support.ui.WebDriverWait.until(java.util.function.Function)" because "Reports.DLYRPT.wait" is null
at Reports.DLYRPT.Report(DLYRPT.java:43)
at java.base/java.util.ArrayList.forEach(ArrayList.java:1511)
at TestCases.Report_DLYRPTTestCase.runDLYRPTFlow(Report_DLYRPTTestCase.java:56)
at java.base/java.util.ArrayList.forEach(ArrayList.java:1511)
... Removed 50 stack frames]]>
    </failure>
  </testcase> <!-- Report -->
  <testcase classname="Reports.DLYRPT" name="Report" time="0.002">
    <failure type="java.lang.NullPointerException" message="Cannot invoke &amp;quot;org.openqa.selenium.support.ui.WebDriverWait.until(java.util.function.Function)&amp;quot; because &amp;quot;Reports.DLYRPT.wait&amp;quot; is null">
      <![CDATA[java.lang.NullPointerException: Cannot invoke "org.openqa.selenium.support.ui.WebDriverWait.until(java.util.function.Function)" because "Reports.DLYRPT.wait" is null
at Reports.DLYRPT.Report(DLYRPT.java:43)
at java.base/java.util.ArrayList.forEach(ArrayList.java:1511)
at TestCases.Report_DLYRPTTestCase.runDLYRPTFlow(Report_DLYRPTTestCase.java:56)
at java.base/java.util.ArrayList.forEach(ArrayList.java:1511)
... Removed 50 stack frames]]>
    </failure>
  </testcase> <!-- Report -->
  <testcase classname="Reports.DLYRPT" name="Report" time="0.002">
    <failure type="java.lang.NullPointerException" message="Cannot invoke &amp;quot;org.openqa.selenium.support.ui.WebDriverWait.until(java.util.function.Function)&amp;quot; because &amp;quot;Reports.DLYRPT.wait&amp;quot; is null">
      <![CDATA[java.lang.NullPointerException: Cannot invoke "org.openqa.selenium.support.ui.WebDriverWait.until(java.util.function.Function)" because "Reports.DLYRPT.wait" is null
at Reports.DLYRPT.Report(DLYRPT.java:43)
at java.base/java.util.ArrayList.forEach(ArrayList.java:1511)
at TestCases.Report_DLYRPTTestCase.runDLYRPTFlow(Report_DLYRPTTestCase.java:56)
at java.base/java.util.ArrayList.forEach(ArrayList.java:1511)
... Removed 50 stack frames]]>
    </failure>
  </testcase> <!-- Report -->
  <testcase classname="Reports.DLYRPT" name="Report" time="0.001">
    <failure type="java.lang.NullPointerException" message="Cannot invoke &amp;quot;org.openqa.selenium.support.ui.WebDriverWait.until(java.util.function.Function)&amp;quot; because &amp;quot;Reports.DLYRPT.wait&amp;quot; is null">
      <![CDATA[java.lang.NullPointerException: Cannot invoke "org.openqa.selenium.support.ui.WebDriverWait.until(java.util.function.Function)" because "Reports.DLYRPT.wait" is null
at Reports.DLYRPT.Report(DLYRPT.java:43)
at java.base/java.util.ArrayList.forEach(ArrayList.java:1511)
at TestCases.Report_DLYRPTTestCase.runDLYRPTFlow(Report_DLYRPTTestCase.java:56)
at java.base/java.util.ArrayList.forEach(ArrayList.java:1511)
... Removed 50 stack frames]]>
    </failure>
  </testcase> <!-- Report -->
  <testcase classname="Reports.DLYRPT" name="Report" time="0.003">
    <failure type="java.lang.NullPointerException" message="Cannot invoke &amp;quot;org.openqa.selenium.support.ui.WebDriverWait.until(java.util.function.Function)&amp;quot; because &amp;quot;Reports.DLYRPT.wait&amp;quot; is null">
      <![CDATA[java.lang.NullPointerException: Cannot invoke "org.openqa.selenium.support.ui.WebDriverWait.until(java.util.function.Function)" because "Reports.DLYRPT.wait" is null
at Reports.DLYRPT.Report(DLYRPT.java:43)
at java.base/java.util.ArrayList.forEach(ArrayList.java:1511)
at TestCases.Report_DLYRPTTestCase.runDLYRPTFlow(Report_DLYRPTTestCase.java:56)
at java.base/java.util.ArrayList.forEach(ArrayList.java:1511)
... Removed 50 stack frames]]>
    </failure>
  </testcase> <!-- Report -->
  <testcase classname="Reports.DLYRPT" name="Report" time="0.002">
    <failure type="java.lang.NullPointerException" message="Cannot invoke &amp;quot;org.openqa.selenium.support.ui.WebDriverWait.until(java.util.function.Function)&amp;quot; because &amp;quot;Reports.DLYRPT.wait&amp;quot; is null">
      <![CDATA[java.lang.NullPointerException: Cannot invoke "org.openqa.selenium.support.ui.WebDriverWait.until(java.util.function.Function)" because "Reports.DLYRPT.wait" is null
at Reports.DLYRPT.Report(DLYRPT.java:43)
at java.base/java.util.ArrayList.forEach(ArrayList.java:1511)
at TestCases.Report_DLYRPTTestCase.runDLYRPTFlow(Report_DLYRPTTestCase.java:56)
at java.base/java.util.ArrayList.forEach(ArrayList.java:1511)
... Removed 50 stack frames]]>
    </failure>
  </testcase> <!-- Report -->
  <testcase classname="Reports.DLYRPT" name="Report" time="0.003">
    <failure type="java.lang.NullPointerException" message="Cannot invoke &amp;quot;org.openqa.selenium.support.ui.WebDriverWait.until(java.util.function.Function)&amp;quot; because &amp;quot;Reports.DLYRPT.wait&amp;quot; is null">
      <![CDATA[java.lang.NullPointerException: Cannot invoke "org.openqa.selenium.support.ui.WebDriverWait.until(java.util.function.Function)" because "Reports.DLYRPT.wait" is null
at Reports.DLYRPT.Report(DLYRPT.java:43)
at java.base/java.util.ArrayList.forEach(ArrayList.java:1511)
at TestCases.Report_DLYRPTTestCase.runDLYRPTFlow(Report_DLYRPTTestCase.java:56)
at java.base/java.util.ArrayList.forEach(ArrayList.java:1511)
... Removed 50 stack frames]]>
    </failure>
  </testcase> <!-- Report -->
  <testcase classname="Reports.DLYRPT" name="Report" time="0.002">
    <failure type="java.lang.NullPointerException" message="Cannot invoke &amp;quot;org.openqa.selenium.support.ui.WebDriverWait.until(java.util.function.Function)&amp;quot; because &amp;quot;Reports.DLYRPT.wait&amp;quot; is null">
      <![CDATA[java.lang.NullPointerException: Cannot invoke "org.openqa.selenium.support.ui.WebDriverWait.until(java.util.function.Function)" because "Reports.DLYRPT.wait" is null
at Reports.DLYRPT.Report(DLYRPT.java:43)
at java.base/java.util.ArrayList.forEach(ArrayList.java:1511)
at TestCases.Report_DLYRPTTestCase.runDLYRPTFlow(Report_DLYRPTTestCase.java:56)
at java.base/java.util.ArrayList.forEach(ArrayList.java:1511)
... Removed 50 stack frames]]>
    </failure>
  </testcase> <!-- Report -->
  <testcase classname="Reports.DLYRPT" name="Report" time="0.003">
    <failure type="java.lang.NullPointerException" message="Cannot invoke &amp;quot;org.openqa.selenium.support.ui.WebDriverWait.until(java.util.function.Function)&amp;quot; because &amp;quot;Reports.DLYRPT.wait&amp;quot; is null">
      <![CDATA[java.lang.NullPointerException: Cannot invoke "org.openqa.selenium.support.ui.WebDriverWait.until(java.util.function.Function)" because "Reports.DLYRPT.wait" is null
at Reports.DLYRPT.Report(DLYRPT.java:43)
at java.base/java.util.ArrayList.forEach(ArrayList.java:1511)
at TestCases.Report_DLYRPTTestCase.runDLYRPTFlow(Report_DLYRPTTestCase.java:56)
at java.base/java.util.ArrayList.forEach(ArrayList.java:1511)
... Removed 50 stack frames]]>
    </failure>
  </testcase> <!-- Report -->
  <testcase classname="Reports.DLYRPT" name="Report" time="0.002">
    <failure type="java.lang.NullPointerException" message="Cannot invoke &amp;quot;org.openqa.selenium.support.ui.WebDriverWait.until(java.util.function.Function)&amp;quot; because &amp;quot;Reports.DLYRPT.wait&amp;quot; is null">
      <![CDATA[java.lang.NullPointerException: Cannot invoke "org.openqa.selenium.support.ui.WebDriverWait.until(java.util.function.Function)" because "Reports.DLYRPT.wait" is null
at Reports.DLYRPT.Report(DLYRPT.java:43)
at java.base/java.util.ArrayList.forEach(ArrayList.java:1511)
at TestCases.Report_DLYRPTTestCase.runDLYRPTFlow(Report_DLYRPTTestCase.java:56)
at java.base/java.util.ArrayList.forEach(ArrayList.java:1511)
... Removed 50 stack frames]]>
    </failure>
  </testcase> <!-- Report -->
  <testcase classname="Reports.DLYRPT" name="Report" time="0.002">
    <failure type="java.lang.NullPointerException" message="Cannot invoke &amp;quot;org.openqa.selenium.support.ui.WebDriverWait.until(java.util.function.Function)&amp;quot; because &amp;quot;Reports.DLYRPT.wait&amp;quot; is null">
      <![CDATA[java.lang.NullPointerException: Cannot invoke "org.openqa.selenium.support.ui.WebDriverWait.until(java.util.function.Function)" because "Reports.DLYRPT.wait" is null
at Reports.DLYRPT.Report(DLYRPT.java:43)
at java.base/java.util.ArrayList.forEach(ArrayList.java:1511)
at TestCases.Report_DLYRPTTestCase.runDLYRPTFlow(Report_DLYRPTTestCase.java:56)
at java.base/java.util.ArrayList.forEach(ArrayList.java:1511)
... Removed 50 stack frames]]>
    </failure>
  </testcase> <!-- Report -->
  <testcase classname="Reports.DLYRPT" name="Report" time="0.002">
    <failure type="java.lang.NullPointerException" message="Cannot invoke &amp;quot;org.openqa.selenium.support.ui.WebDriverWait.until(java.util.function.Function)&amp;quot; because &amp;quot;Reports.DLYRPT.wait&amp;quot; is null">
      <![CDATA[java.lang.NullPointerException: Cannot invoke "org.openqa.selenium.support.ui.WebDriverWait.until(java.util.function.Function)" because "Reports.DLYRPT.wait" is null
at Reports.DLYRPT.Report(DLYRPT.java:43)
at java.base/java.util.ArrayList.forEach(ArrayList.java:1511)
at TestCases.Report_DLYRPTTestCase.runDLYRPTFlow(Report_DLYRPTTestCase.java:56)
at java.base/java.util.ArrayList.forEach(ArrayList.java:1511)
... Removed 50 stack frames]]>
    </failure>
  </testcase> <!-- Report -->
  <testcase classname="Reports.DLYRPT" name="Report" time="0.002">
    <failure type="java.lang.NullPointerException" message="Cannot invoke &amp;quot;org.openqa.selenium.support.ui.WebDriverWait.until(java.util.function.Function)&amp;quot; because &amp;quot;Reports.DLYRPT.wait&amp;quot; is null">
      <![CDATA[java.lang.NullPointerException: Cannot invoke "org.openqa.selenium.support.ui.WebDriverWait.until(java.util.function.Function)" because "Reports.DLYRPT.wait" is null
at Reports.DLYRPT.Report(DLYRPT.java:43)
at java.base/java.util.ArrayList.forEach(ArrayList.java:1511)
at TestCases.Report_DLYRPTTestCase.runDLYRPTFlow(Report_DLYRPTTestCase.java:56)
at java.base/java.util.ArrayList.forEach(ArrayList.java:1511)
... Removed 50 stack frames]]>
    </failure>
  </testcase> <!-- Report -->
  <testcase classname="Reports.DLYRPT" name="Report" time="0.001">
    <failure type="java.lang.NullPointerException" message="Cannot invoke &amp;quot;org.openqa.selenium.support.ui.WebDriverWait.until(java.util.function.Function)&amp;quot; because &amp;quot;Reports.DLYRPT.wait&amp;quot; is null">
      <![CDATA[java.lang.NullPointerException: Cannot invoke "org.openqa.selenium.support.ui.WebDriverWait.until(java.util.function.Function)" because "Reports.DLYRPT.wait" is null
at Reports.DLYRPT.Report(DLYRPT.java:43)
at java.base/java.util.ArrayList.forEach(ArrayList.java:1511)
at TestCases.Report_DLYRPTTestCase.runDLYRPTFlow(Report_DLYRPTTestCase.java:56)
at java.base/java.util.ArrayList.forEach(ArrayList.java:1511)
... Removed 50 stack frames]]>
    </failure>
  </testcase> <!-- Report -->
  <testcase classname="Reports.DLYRPT" name="Report" time="0.002">
    <failure type="java.lang.NullPointerException" message="Cannot invoke &amp;quot;org.openqa.selenium.support.ui.WebDriverWait.until(java.util.function.Function)&amp;quot; because &amp;quot;Reports.DLYRPT.wait&amp;quot; is null">
      <![CDATA[java.lang.NullPointerException: Cannot invoke "org.openqa.selenium.support.ui.WebDriverWait.until(java.util.function.Function)" because "Reports.DLYRPT.wait" is null
at Reports.DLYRPT.Report(DLYRPT.java:43)
at java.base/java.util.ArrayList.forEach(ArrayList.java:1511)
at TestCases.Report_DLYRPTTestCase.runDLYRPTFlow(Report_DLYRPTTestCase.java:56)
at java.base/java.util.ArrayList.forEach(ArrayList.java:1511)
... Removed 50 stack frames]]>
    </failure>
  </testcase> <!-- Report -->
  <testcase classname="Reports.DLYRPT" name="Report" time="0.002">
    <failure type="java.lang.NullPointerException" message="Cannot invoke &amp;quot;org.openqa.selenium.support.ui.WebDriverWait.until(java.util.function.Function)&amp;quot; because &amp;quot;Reports.DLYRPT.wait&amp;quot; is null">
      <![CDATA[java.lang.NullPointerException: Cannot invoke "org.openqa.selenium.support.ui.WebDriverWait.until(java.util.function.Function)" because "Reports.DLYRPT.wait" is null
at Reports.DLYRPT.Report(DLYRPT.java:43)
at java.base/java.util.ArrayList.forEach(ArrayList.java:1511)
at TestCases.Report_DLYRPTTestCase.runDLYRPTFlow(Report_DLYRPTTestCase.java:56)
at java.base/java.util.ArrayList.forEach(ArrayList.java:1511)
... Removed 50 stack frames]]>
    </failure>
  </testcase> <!-- Report -->
  <testcase classname="Reports.DLYRPT" name="Report" time="0.001">
    <failure type="java.lang.NullPointerException" message="Cannot invoke &amp;quot;org.openqa.selenium.support.ui.WebDriverWait.until(java.util.function.Function)&amp;quot; because &amp;quot;Reports.DLYRPT.wait&amp;quot; is null">
      <![CDATA[java.lang.NullPointerException: Cannot invoke "org.openqa.selenium.support.ui.WebDriverWait.until(java.util.function.Function)" because "Reports.DLYRPT.wait" is null
at Reports.DLYRPT.Report(DLYRPT.java:43)
at java.base/java.util.ArrayList.forEach(ArrayList.java:1511)
at TestCases.Report_DLYRPTTestCase.runDLYRPTFlow(Report_DLYRPTTestCase.java:56)
at java.base/java.util.ArrayList.forEach(ArrayList.java:1511)
... Removed 50 stack frames]]>
    </failure>
  </testcase> <!-- Report -->
  <testcase classname="Reports.DLYRPT" name="Report" time="0.003">
    <failure type="java.lang.NullPointerException" message="Cannot invoke &amp;quot;org.openqa.selenium.support.ui.WebDriverWait.until(java.util.function.Function)&amp;quot; because &amp;quot;Reports.DLYRPT.wait&amp;quot; is null">
      <![CDATA[java.lang.NullPointerException: Cannot invoke "org.openqa.selenium.support.ui.WebDriverWait.until(java.util.function.Function)" because "Reports.DLYRPT.wait" is null
at Reports.DLYRPT.Report(DLYRPT.java:43)
at java.base/java.util.ArrayList.forEach(ArrayList.java:1511)
at TestCases.Report_DLYRPTTestCase.runDLYRPTFlow(Report_DLYRPTTestCase.java:56)
at java.base/java.util.ArrayList.forEach(ArrayList.java:1511)
... Removed 50 stack frames]]>
    </failure>
  </testcase> <!-- Report -->
  <testcase classname="Reports.DLYRPT" name="Report" time="0.001">
    <failure type="java.lang.NullPointerException" message="Cannot invoke &amp;quot;org.openqa.selenium.support.ui.WebDriverWait.until(java.util.function.Function)&amp;quot; because &amp;quot;Reports.DLYRPT.wait&amp;quot; is null">
      <![CDATA[java.lang.NullPointerException: Cannot invoke "org.openqa.selenium.support.ui.WebDriverWait.until(java.util.function.Function)" because "Reports.DLYRPT.wait" is null
at Reports.DLYRPT.Report(DLYRPT.java:43)
at java.base/java.util.ArrayList.forEach(ArrayList.java:1511)
at TestCases.Report_DLYRPTTestCase.runDLYRPTFlow(Report_DLYRPTTestCase.java:56)
at java.base/java.util.ArrayList.forEach(ArrayList.java:1511)
... Removed 50 stack frames]]>
    </failure>
  </testcase> <!-- Report -->
  <testcase classname="Reports.DLYRPT" name="Report" time="0.001">
    <failure type="java.lang.NullPointerException" message="Cannot invoke &amp;quot;org.openqa.selenium.support.ui.WebDriverWait.until(java.util.function.Function)&amp;quot; because &amp;quot;Reports.DLYRPT.wait&amp;quot; is null">
      <![CDATA[java.lang.NullPointerException: Cannot invoke "org.openqa.selenium.support.ui.WebDriverWait.until(java.util.function.Function)" because "Reports.DLYRPT.wait" is null
at Reports.DLYRPT.Report(DLYRPT.java:43)
at java.base/java.util.ArrayList.forEach(ArrayList.java:1511)
at TestCases.Report_DLYRPTTestCase.runDLYRPTFlow(Report_DLYRPTTestCase.java:56)
at java.base/java.util.ArrayList.forEach(ArrayList.java:1511)
... Removed 50 stack frames]]>
    </failure>
  </testcase> <!-- Report -->
  <testcase classname="Reports.DLYRPT" name="Report" time="0.003">
    <failure type="java.lang.NullPointerException" message="Cannot invoke &amp;quot;org.openqa.selenium.support.ui.WebDriverWait.until(java.util.function.Function)&amp;quot; because &amp;quot;Reports.DLYRPT.wait&amp;quot; is null">
      <![CDATA[java.lang.NullPointerException: Cannot invoke "org.openqa.selenium.support.ui.WebDriverWait.until(java.util.function.Function)" because "Reports.DLYRPT.wait" is null
at Reports.DLYRPT.Report(DLYRPT.java:43)
at java.base/java.util.ArrayList.forEach(ArrayList.java:1511)
at TestCases.Report_DLYRPTTestCase.runDLYRPTFlow(Report_DLYRPTTestCase.java:56)
at java.base/java.util.ArrayList.forEach(ArrayList.java:1511)
... Removed 50 stack frames]]>
    </failure>
  </testcase> <!-- Report -->
  <testcase classname="Reports.DLYRPT" name="Report" time="0.003">
    <failure type="java.lang.NullPointerException" message="Cannot invoke &amp;quot;org.openqa.selenium.support.ui.WebDriverWait.until(java.util.function.Function)&amp;quot; because &amp;quot;Reports.DLYRPT.wait&amp;quot; is null">
      <![CDATA[java.lang.NullPointerException: Cannot invoke "org.openqa.selenium.support.ui.WebDriverWait.until(java.util.function.Function)" because "Reports.DLYRPT.wait" is null
at Reports.DLYRPT.Report(DLYRPT.java:43)
at java.base/java.util.ArrayList.forEach(ArrayList.java:1511)
at TestCases.Report_DLYRPTTestCase.runDLYRPTFlow(Report_DLYRPTTestCase.java:56)
at java.base/java.util.ArrayList.forEach(ArrayList.java:1511)
... Removed 50 stack frames]]>
    </failure>
  </testcase> <!-- Report -->
  <testcase classname="Reports.DLYRPT" name="Report" time="0.003">
    <failure type="java.lang.NullPointerException" message="Cannot invoke &amp;quot;org.openqa.selenium.support.ui.WebDriverWait.until(java.util.function.Function)&amp;quot; because &amp;quot;Reports.DLYRPT.wait&amp;quot; is null">
      <![CDATA[java.lang.NullPointerException: Cannot invoke "org.openqa.selenium.support.ui.WebDriverWait.until(java.util.function.Function)" because "Reports.DLYRPT.wait" is null
at Reports.DLYRPT.Report(DLYRPT.java:43)
at java.base/java.util.ArrayList.forEach(ArrayList.java:1511)
at TestCases.Report_DLYRPTTestCase.runDLYRPTFlow(Report_DLYRPTTestCase.java:56)
at java.base/java.util.ArrayList.forEach(ArrayList.java:1511)
... Removed 50 stack frames]]>
    </failure>
  </testcase> <!-- Report -->
  <testcase classname="Reports.DLYRPT" name="Report" time="0.002">
    <failure type="java.lang.NullPointerException" message="Cannot invoke &amp;quot;org.openqa.selenium.support.ui.WebDriverWait.until(java.util.function.Function)&amp;quot; because &amp;quot;Reports.DLYRPT.wait&amp;quot; is null">
      <![CDATA[java.lang.NullPointerException: Cannot invoke "org.openqa.selenium.support.ui.WebDriverWait.until(java.util.function.Function)" because "Reports.DLYRPT.wait" is null
at Reports.DLYRPT.Report(DLYRPT.java:43)
at java.base/java.util.ArrayList.forEach(ArrayList.java:1511)
at TestCases.Report_DLYRPTTestCase.runDLYRPTFlow(Report_DLYRPTTestCase.java:56)
at java.base/java.util.ArrayList.forEach(ArrayList.java:1511)
... Removed 50 stack frames]]>
    </failure>
  </testcase> <!-- Report -->
  <testcase classname="Reports.DLYRPT" name="Report" time="0.002">
    <failure type="java.lang.NullPointerException" message="Cannot invoke &amp;quot;org.openqa.selenium.support.ui.WebDriverWait.until(java.util.function.Function)&amp;quot; because &amp;quot;Reports.DLYRPT.wait&amp;quot; is null">
      <![CDATA[java.lang.NullPointerException: Cannot invoke "org.openqa.selenium.support.ui.WebDriverWait.until(java.util.function.Function)" because "Reports.DLYRPT.wait" is null
at Reports.DLYRPT.Report(DLYRPT.java:43)
at java.base/java.util.ArrayList.forEach(ArrayList.java:1511)
at TestCases.Report_DLYRPTTestCase.runDLYRPTFlow(Report_DLYRPTTestCase.java:56)
at java.base/java.util.ArrayList.forEach(ArrayList.java:1511)
... Removed 50 stack frames]]>
    </failure>
  </testcase> <!-- Report -->
  <testcase classname="Reports.DLYRPT" name="Report" time="0.003">
    <failure type="java.lang.NullPointerException" message="Cannot invoke &amp;quot;org.openqa.selenium.support.ui.WebDriverWait.until(java.util.function.Function)&amp;quot; because &amp;quot;Reports.DLYRPT.wait&amp;quot; is null">
      <![CDATA[java.lang.NullPointerException: Cannot invoke "org.openqa.selenium.support.ui.WebDriverWait.until(java.util.function.Function)" because "Reports.DLYRPT.wait" is null
at Reports.DLYRPT.Report(DLYRPT.java:43)
at java.base/java.util.ArrayList.forEach(ArrayList.java:1511)
at TestCases.Report_DLYRPTTestCase.runDLYRPTFlow(Report_DLYRPTTestCase.java:56)
at java.base/java.util.ArrayList.forEach(ArrayList.java:1511)
... Removed 50 stack frames]]>
    </failure>
  </testcase> <!-- Report -->
  <testcase classname="Reports.DLYRPT" name="Report" time="0.002">
    <failure type="java.lang.NullPointerException" message="Cannot invoke &amp;quot;org.openqa.selenium.support.ui.WebDriverWait.until(java.util.function.Function)&amp;quot; because &amp;quot;Reports.DLYRPT.wait&amp;quot; is null">
      <![CDATA[java.lang.NullPointerException: Cannot invoke "org.openqa.selenium.support.ui.WebDriverWait.until(java.util.function.Function)" because "Reports.DLYRPT.wait" is null
at Reports.DLYRPT.Report(DLYRPT.java:43)
at java.base/java.util.ArrayList.forEach(ArrayList.java:1511)
at TestCases.Report_DLYRPTTestCase.runDLYRPTFlow(Report_DLYRPTTestCase.java:56)
at java.base/java.util.ArrayList.forEach(ArrayList.java:1511)
... Removed 50 stack frames]]>
    </failure>
  </testcase> <!-- Report -->
  <testcase classname="Reports.DLYRPT" name="Report" time="0.002">
    <failure type="java.lang.NullPointerException" message="Cannot invoke &amp;quot;org.openqa.selenium.support.ui.WebDriverWait.until(java.util.function.Function)&amp;quot; because &amp;quot;Reports.DLYRPT.wait&amp;quot; is null">
      <![CDATA[java.lang.NullPointerException: Cannot invoke "org.openqa.selenium.support.ui.WebDriverWait.until(java.util.function.Function)" because "Reports.DLYRPT.wait" is null
at Reports.DLYRPT.Report(DLYRPT.java:43)
at java.base/java.util.ArrayList.forEach(ArrayList.java:1511)
at TestCases.Report_DLYRPTTestCase.runDLYRPTFlow(Report_DLYRPTTestCase.java:56)
at java.base/java.util.ArrayList.forEach(ArrayList.java:1511)
... Removed 50 stack frames]]>
    </failure>
  </testcase> <!-- Report -->
  <testcase classname="Reports.DLYRPT" name="Report" time="0.001">
    <failure type="java.lang.NullPointerException" message="Cannot invoke &amp;quot;org.openqa.selenium.support.ui.WebDriverWait.until(java.util.function.Function)&amp;quot; because &amp;quot;Reports.DLYRPT.wait&amp;quot; is null">
      <![CDATA[java.lang.NullPointerException: Cannot invoke "org.openqa.selenium.support.ui.WebDriverWait.until(java.util.function.Function)" because "Reports.DLYRPT.wait" is null
at Reports.DLYRPT.Report(DLYRPT.java:43)
at java.base/java.util.ArrayList.forEach(ArrayList.java:1511)
at TestCases.Report_DLYRPTTestCase.runDLYRPTFlow(Report_DLYRPTTestCase.java:56)
at java.base/java.util.ArrayList.forEach(ArrayList.java:1511)
... Removed 50 stack frames]]>
    </failure>
  </testcase> <!-- Report -->
  <testcase classname="Reports.DLYRPT" name="Report" time="0.002">
    <failure type="java.lang.NullPointerException" message="Cannot invoke &amp;quot;org.openqa.selenium.support.ui.WebDriverWait.until(java.util.function.Function)&amp;quot; because &amp;quot;Reports.DLYRPT.wait&amp;quot; is null">
      <![CDATA[java.lang.NullPointerException: Cannot invoke "org.openqa.selenium.support.ui.WebDriverWait.until(java.util.function.Function)" because "Reports.DLYRPT.wait" is null
at Reports.DLYRPT.Report(DLYRPT.java:43)
at java.base/java.util.ArrayList.forEach(ArrayList.java:1511)
at TestCases.Report_DLYRPTTestCase.runDLYRPTFlow(Report_DLYRPTTestCase.java:56)
at java.base/java.util.ArrayList.forEach(ArrayList.java:1511)
... Removed 50 stack frames]]>
    </failure>
  </testcase> <!-- Report -->
  <testcase classname="Reports.DLYRPT" name="Report" time="0.003">
    <failure type="java.lang.NullPointerException" message="Cannot invoke &amp;quot;org.openqa.selenium.support.ui.WebDriverWait.until(java.util.function.Function)&amp;quot; because &amp;quot;Reports.DLYRPT.wait&amp;quot; is null">
      <![CDATA[java.lang.NullPointerException: Cannot invoke "org.openqa.selenium.support.ui.WebDriverWait.until(java.util.function.Function)" because "Reports.DLYRPT.wait" is null
at Reports.DLYRPT.Report(DLYRPT.java:43)
at java.base/java.util.ArrayList.forEach(ArrayList.java:1511)
at TestCases.Report_DLYRPTTestCase.runDLYRPTFlow(Report_DLYRPTTestCase.java:56)
at java.base/java.util.ArrayList.forEach(ArrayList.java:1511)
... Removed 50 stack frames]]>
    </failure>
  </testcase> <!-- Report -->
  <testcase classname="Reports.DLYRPT" name="Report" time="0.002">
    <failure type="java.lang.NullPointerException" message="Cannot invoke &amp;quot;org.openqa.selenium.support.ui.WebDriverWait.until(java.util.function.Function)&amp;quot; because &amp;quot;Reports.DLYRPT.wait&amp;quot; is null">
      <![CDATA[java.lang.NullPointerException: Cannot invoke "org.openqa.selenium.support.ui.WebDriverWait.until(java.util.function.Function)" because "Reports.DLYRPT.wait" is null
at Reports.DLYRPT.Report(DLYRPT.java:43)
at java.base/java.util.ArrayList.forEach(ArrayList.java:1511)
at TestCases.Report_DLYRPTTestCase.runDLYRPTFlow(Report_DLYRPTTestCase.java:56)
at java.base/java.util.ArrayList.forEach(ArrayList.java:1511)
... Removed 50 stack frames]]>
    </failure>
  </testcase> <!-- Report -->
  <testcase classname="Reports.DLYRPT" name="Report" time="0.002">
    <failure type="java.lang.NullPointerException" message="Cannot invoke &amp;quot;org.openqa.selenium.support.ui.WebDriverWait.until(java.util.function.Function)&amp;quot; because &amp;quot;Reports.DLYRPT.wait&amp;quot; is null">
      <![CDATA[java.lang.NullPointerException: Cannot invoke "org.openqa.selenium.support.ui.WebDriverWait.until(java.util.function.Function)" because "Reports.DLYRPT.wait" is null
at Reports.DLYRPT.Report(DLYRPT.java:43)
at java.base/java.util.ArrayList.forEach(ArrayList.java:1511)
at TestCases.Report_DLYRPTTestCase.runDLYRPTFlow(Report_DLYRPTTestCase.java:56)
at java.base/java.util.ArrayList.forEach(ArrayList.java:1511)
... Removed 50 stack frames]]>
    </failure>
  </testcase> <!-- Report -->
  <testcase classname="Reports.DLYRPT" name="Report" time="0.002">
    <failure type="java.lang.NullPointerException" message="Cannot invoke &amp;quot;org.openqa.selenium.support.ui.WebDriverWait.until(java.util.function.Function)&amp;quot; because &amp;quot;Reports.DLYRPT.wait&amp;quot; is null">
      <![CDATA[java.lang.NullPointerException: Cannot invoke "org.openqa.selenium.support.ui.WebDriverWait.until(java.util.function.Function)" because "Reports.DLYRPT.wait" is null
at Reports.DLYRPT.Report(DLYRPT.java:43)
at java.base/java.util.ArrayList.forEach(ArrayList.java:1511)
at TestCases.Report_DLYRPTTestCase.runDLYRPTFlow(Report_DLYRPTTestCase.java:56)
at java.base/java.util.ArrayList.forEach(ArrayList.java:1511)
... Removed 50 stack frames]]>
    </failure>
  </testcase> <!-- Report -->
  <testcase classname="Reports.DLYRPT" name="Report" time="0.002">
    <failure type="java.lang.NullPointerException" message="Cannot invoke &amp;quot;org.openqa.selenium.support.ui.WebDriverWait.until(java.util.function.Function)&amp;quot; because &amp;quot;Reports.DLYRPT.wait&amp;quot; is null">
      <![CDATA[java.lang.NullPointerException: Cannot invoke "org.openqa.selenium.support.ui.WebDriverWait.until(java.util.function.Function)" because "Reports.DLYRPT.wait" is null
at Reports.DLYRPT.Report(DLYRPT.java:43)
at java.base/java.util.ArrayList.forEach(ArrayList.java:1511)
at TestCases.Report_DLYRPTTestCase.runDLYRPTFlow(Report_DLYRPTTestCase.java:56)
at java.base/java.util.ArrayList.forEach(ArrayList.java:1511)
... Removed 50 stack frames]]>
    </failure>
  </testcase> <!-- Report -->
  <testcase classname="Reports.DLYRPT" name="Report" time="0.001">
    <failure type="java.lang.NullPointerException" message="Cannot invoke &amp;quot;org.openqa.selenium.support.ui.WebDriverWait.until(java.util.function.Function)&amp;quot; because &amp;quot;Reports.DLYRPT.wait&amp;quot; is null">
      <![CDATA[java.lang.NullPointerException: Cannot invoke "org.openqa.selenium.support.ui.WebDriverWait.until(java.util.function.Function)" because "Reports.DLYRPT.wait" is null
at Reports.DLYRPT.Report(DLYRPT.java:43)
at java.base/java.util.ArrayList.forEach(ArrayList.java:1511)
at TestCases.Report_DLYRPTTestCase.runDLYRPTFlow(Report_DLYRPTTestCase.java:56)
at java.base/java.util.ArrayList.forEach(ArrayList.java:1511)
... Removed 50 stack frames]]>
    </failure>
  </testcase> <!-- Report -->
  <testcase classname="Reports.DLYRPT" name="Report" time="0.001">
    <failure type="java.lang.NullPointerException" message="Cannot invoke &amp;quot;org.openqa.selenium.support.ui.WebDriverWait.until(java.util.function.Function)&amp;quot; because &amp;quot;Reports.DLYRPT.wait&amp;quot; is null">
      <![CDATA[java.lang.NullPointerException: Cannot invoke "org.openqa.selenium.support.ui.WebDriverWait.until(java.util.function.Function)" because "Reports.DLYRPT.wait" is null
at Reports.DLYRPT.Report(DLYRPT.java:43)
at java.base/java.util.ArrayList.forEach(ArrayList.java:1511)
at TestCases.Report_DLYRPTTestCase.runDLYRPTFlow(Report_DLYRPTTestCase.java:56)
at java.base/java.util.ArrayList.forEach(ArrayList.java:1511)
... Removed 50 stack frames]]>
    </failure>
  </testcase> <!-- Report -->
  <testcase classname="Reports.DLYRPT" name="Report" time="0.002">
    <failure type="java.lang.NullPointerException" message="Cannot invoke &amp;quot;org.openqa.selenium.support.ui.WebDriverWait.until(java.util.function.Function)&amp;quot; because &amp;quot;Reports.DLYRPT.wait&amp;quot; is null">
      <![CDATA[java.lang.NullPointerException: Cannot invoke "org.openqa.selenium.support.ui.WebDriverWait.until(java.util.function.Function)" because "Reports.DLYRPT.wait" is null
at Reports.DLYRPT.Report(DLYRPT.java:43)
at java.base/java.util.ArrayList.forEach(ArrayList.java:1511)
at TestCases.Report_DLYRPTTestCase.runDLYRPTFlow(Report_DLYRPTTestCase.java:56)
at java.base/java.util.ArrayList.forEach(ArrayList.java:1511)
... Removed 50 stack frames]]>
    </failure>
  </testcase> <!-- Report -->
  <testcase classname="Reports.DLYRPT" name="Report" time="0.002">
    <failure type="java.lang.NullPointerException" message="Cannot invoke &amp;quot;org.openqa.selenium.support.ui.WebDriverWait.until(java.util.function.Function)&amp;quot; because &amp;quot;Reports.DLYRPT.wait&amp;quot; is null">
      <![CDATA[java.lang.NullPointerException: Cannot invoke "org.openqa.selenium.support.ui.WebDriverWait.until(java.util.function.Function)" because "Reports.DLYRPT.wait" is null
at Reports.DLYRPT.Report(DLYRPT.java:43)
at java.base/java.util.ArrayList.forEach(ArrayList.java:1511)
at TestCases.Report_DLYRPTTestCase.runDLYRPTFlow(Report_DLYRPTTestCase.java:56)
at java.base/java.util.ArrayList.forEach(ArrayList.java:1511)
... Removed 50 stack frames]]>
    </failure>
  </testcase> <!-- Report -->
  <testcase classname="Reports.DLYRPT" name="Report" time="0.002">
    <failure type="java.lang.NullPointerException" message="Cannot invoke &amp;quot;org.openqa.selenium.support.ui.WebDriverWait.until(java.util.function.Function)&amp;quot; because &amp;quot;Reports.DLYRPT.wait&amp;quot; is null">
      <![CDATA[java.lang.NullPointerException: Cannot invoke "org.openqa.selenium.support.ui.WebDriverWait.until(java.util.function.Function)" because "Reports.DLYRPT.wait" is null
at Reports.DLYRPT.Report(DLYRPT.java:43)
at java.base/java.util.ArrayList.forEach(ArrayList.java:1511)
at TestCases.Report_DLYRPTTestCase.runDLYRPTFlow(Report_DLYRPTTestCase.java:56)
at java.base/java.util.ArrayList.forEach(ArrayList.java:1511)
... Removed 50 stack frames]]>
    </failure>
  </testcase> <!-- Report -->
  <testcase classname="Reports.DLYRPT" name="Report" time="0.002">
    <failure type="java.lang.NullPointerException" message="Cannot invoke &amp;quot;org.openqa.selenium.support.ui.WebDriverWait.until(java.util.function.Function)&amp;quot; because &amp;quot;Reports.DLYRPT.wait&amp;quot; is null">
      <![CDATA[java.lang.NullPointerException: Cannot invoke "org.openqa.selenium.support.ui.WebDriverWait.until(java.util.function.Function)" because "Reports.DLYRPT.wait" is null
at Reports.DLYRPT.Report(DLYRPT.java:43)
at java.base/java.util.ArrayList.forEach(ArrayList.java:1511)
at TestCases.Report_DLYRPTTestCase.runDLYRPTFlow(Report_DLYRPTTestCase.java:56)
at java.base/java.util.ArrayList.forEach(ArrayList.java:1511)
... Removed 50 stack frames]]>
    </failure>
  </testcase> <!-- Report -->
  <testcase classname="Reports.DLYRPT" name="Report" time="0.002">
    <failure type="java.lang.NullPointerException" message="Cannot invoke &amp;quot;org.openqa.selenium.support.ui.WebDriverWait.until(java.util.function.Function)&amp;quot; because &amp;quot;Reports.DLYRPT.wait&amp;quot; is null">
      <![CDATA[java.lang.NullPointerException: Cannot invoke "org.openqa.selenium.support.ui.WebDriverWait.until(java.util.function.Function)" because "Reports.DLYRPT.wait" is null
at Reports.DLYRPT.Report(DLYRPT.java:43)
at java.base/java.util.ArrayList.forEach(ArrayList.java:1511)
at TestCases.Report_DLYRPTTestCase.runDLYRPTFlow(Report_DLYRPTTestCase.java:56)
at java.base/java.util.ArrayList.forEach(ArrayList.java:1511)
... Removed 50 stack frames]]>
    </failure>
  </testcase> <!-- Report -->
  <testcase classname="Reports.DLYRPT" name="Report" time="0.002">
    <failure type="java.lang.NullPointerException" message="Cannot invoke &amp;quot;org.openqa.selenium.support.ui.WebDriverWait.until(java.util.function.Function)&amp;quot; because &amp;quot;Reports.DLYRPT.wait&amp;quot; is null">
      <![CDATA[java.lang.NullPointerException: Cannot invoke "org.openqa.selenium.support.ui.WebDriverWait.until(java.util.function.Function)" because "Reports.DLYRPT.wait" is null
at Reports.DLYRPT.Report(DLYRPT.java:43)
at java.base/java.util.ArrayList.forEach(ArrayList.java:1511)
at TestCases.Report_DLYRPTTestCase.runDLYRPTFlow(Report_DLYRPTTestCase.java:56)
at java.base/java.util.ArrayList.forEach(ArrayList.java:1511)
... Removed 50 stack frames]]>
    </failure>
  </testcase> <!-- Report -->
  <testcase classname="Reports.DLYRPT" name="Report" time="0.002">
    <failure type="java.lang.NullPointerException" message="Cannot invoke &amp;quot;org.openqa.selenium.support.ui.WebDriverWait.until(java.util.function.Function)&amp;quot; because &amp;quot;Reports.DLYRPT.wait&amp;quot; is null">
      <![CDATA[java.lang.NullPointerException: Cannot invoke "org.openqa.selenium.support.ui.WebDriverWait.until(java.util.function.Function)" because "Reports.DLYRPT.wait" is null
at Reports.DLYRPT.Report(DLYRPT.java:43)
at java.base/java.util.ArrayList.forEach(ArrayList.java:1511)
at TestCases.Report_DLYRPTTestCase.runDLYRPTFlow(Report_DLYRPTTestCase.java:56)
at java.base/java.util.ArrayList.forEach(ArrayList.java:1511)
... Removed 50 stack frames]]>
    </failure>
  </testcase> <!-- Report -->
  <testcase classname="Reports.DLYRPT" name="Report" time="0.002">
    <failure type="java.lang.NullPointerException" message="Cannot invoke &amp;quot;org.openqa.selenium.support.ui.WebDriverWait.until(java.util.function.Function)&amp;quot; because &amp;quot;Reports.DLYRPT.wait&amp;quot; is null">
      <![CDATA[java.lang.NullPointerException: Cannot invoke "org.openqa.selenium.support.ui.WebDriverWait.until(java.util.function.Function)" because "Reports.DLYRPT.wait" is null
at Reports.DLYRPT.Report(DLYRPT.java:43)
at java.base/java.util.ArrayList.forEach(ArrayList.java:1511)
at TestCases.Report_DLYRPTTestCase.runDLYRPTFlow(Report_DLYRPTTestCase.java:56)
at java.base/java.util.ArrayList.forEach(ArrayList.java:1511)
... Removed 50 stack frames]]>
    </failure>
  </testcase> <!-- Report -->
  <testcase classname="Reports.DLYRPT" name="Report" time="0.003">
    <failure type="java.lang.NullPointerException" message="Cannot invoke &amp;quot;org.openqa.selenium.support.ui.WebDriverWait.until(java.util.function.Function)&amp;quot; because &amp;quot;Reports.DLYRPT.wait&amp;quot; is null">
      <![CDATA[java.lang.NullPointerException: Cannot invoke "org.openqa.selenium.support.ui.WebDriverWait.until(java.util.function.Function)" because "Reports.DLYRPT.wait" is null
at Reports.DLYRPT.Report(DLYRPT.java:43)
at java.base/java.util.ArrayList.forEach(ArrayList.java:1511)
at TestCases.Report_DLYRPTTestCase.runDLYRPTFlow(Report_DLYRPTTestCase.java:56)
at java.base/java.util.ArrayList.forEach(ArrayList.java:1511)
... Removed 50 stack frames]]>
    </failure>
  </testcase> <!-- Report -->
  <testcase classname="Reports.DLYRPT" name="Report" time="0.003">
    <failure type="java.lang.NullPointerException" message="Cannot invoke &amp;quot;org.openqa.selenium.support.ui.WebDriverWait.until(java.util.function.Function)&amp;quot; because &amp;quot;Reports.DLYRPT.wait&amp;quot; is null">
      <![CDATA[java.lang.NullPointerException: Cannot invoke "org.openqa.selenium.support.ui.WebDriverWait.until(java.util.function.Function)" because "Reports.DLYRPT.wait" is null
at Reports.DLYRPT.Report(DLYRPT.java:43)
at java.base/java.util.ArrayList.forEach(ArrayList.java:1511)
at TestCases.Report_DLYRPTTestCase.runDLYRPTFlow(Report_DLYRPTTestCase.java:56)
at java.base/java.util.ArrayList.forEach(ArrayList.java:1511)
... Removed 50 stack frames]]>
    </failure>
  </testcase> <!-- Report -->
  <testcase classname="Reports.DLYRPT" name="Report" time="0.003">
    <failure type="java.lang.NullPointerException" message="Cannot invoke &amp;quot;org.openqa.selenium.support.ui.WebDriverWait.until(java.util.function.Function)&amp;quot; because &amp;quot;Reports.DLYRPT.wait&amp;quot; is null">
      <![CDATA[java.lang.NullPointerException: Cannot invoke "org.openqa.selenium.support.ui.WebDriverWait.until(java.util.function.Function)" because "Reports.DLYRPT.wait" is null
at Reports.DLYRPT.Report(DLYRPT.java:43)
at java.base/java.util.ArrayList.forEach(ArrayList.java:1511)
at TestCases.Report_DLYRPTTestCase.runDLYRPTFlow(Report_DLYRPTTestCase.java:56)
at java.base/java.util.ArrayList.forEach(ArrayList.java:1511)
... Removed 50 stack frames]]>
    </failure>
  </testcase> <!-- Report -->
  <testcase classname="Reports.DLYRPT" name="Report" time="0.002">
    <failure type="java.lang.NullPointerException" message="Cannot invoke &amp;quot;org.openqa.selenium.support.ui.WebDriverWait.until(java.util.function.Function)&amp;quot; because &amp;quot;Reports.DLYRPT.wait&amp;quot; is null">
      <![CDATA[java.lang.NullPointerException: Cannot invoke "org.openqa.selenium.support.ui.WebDriverWait.until(java.util.function.Function)" because "Reports.DLYRPT.wait" is null
at Reports.DLYRPT.Report(DLYRPT.java:43)
at java.base/java.util.ArrayList.forEach(ArrayList.java:1511)
at TestCases.Report_DLYRPTTestCase.runDLYRPTFlow(Report_DLYRPTTestCase.java:56)
at java.base/java.util.ArrayList.forEach(ArrayList.java:1511)
... Removed 50 stack frames]]>
    </failure>
  </testcase> <!-- Report -->
  <testcase classname="Reports.DLYRPT" name="Report" time="0.002">
    <failure type="java.lang.NullPointerException" message="Cannot invoke &amp;quot;org.openqa.selenium.support.ui.WebDriverWait.until(java.util.function.Function)&amp;quot; because &amp;quot;Reports.DLYRPT.wait&amp;quot; is null">
      <![CDATA[java.lang.NullPointerException: Cannot invoke "org.openqa.selenium.support.ui.WebDriverWait.until(java.util.function.Function)" because "Reports.DLYRPT.wait" is null
at Reports.DLYRPT.Report(DLYRPT.java:43)
at java.base/java.util.ArrayList.forEach(ArrayList.java:1511)
at TestCases.Report_DLYRPTTestCase.runDLYRPTFlow(Report_DLYRPTTestCase.java:56)
at java.base/java.util.ArrayList.forEach(ArrayList.java:1511)
... Removed 50 stack frames]]>
    </failure>
  </testcase> <!-- Report -->
  <testcase classname="Reports.DLYRPT" name="Report" time="0.002">
    <failure type="java.lang.NullPointerException" message="Cannot invoke &amp;quot;org.openqa.selenium.support.ui.WebDriverWait.until(java.util.function.Function)&amp;quot; because &amp;quot;Reports.DLYRPT.wait&amp;quot; is null">
      <![CDATA[java.lang.NullPointerException: Cannot invoke "org.openqa.selenium.support.ui.WebDriverWait.until(java.util.function.Function)" because "Reports.DLYRPT.wait" is null
at Reports.DLYRPT.Report(DLYRPT.java:43)
at java.base/java.util.ArrayList.forEach(ArrayList.java:1511)
at TestCases.Report_DLYRPTTestCase.runDLYRPTFlow(Report_DLYRPTTestCase.java:56)
at java.base/java.util.ArrayList.forEach(ArrayList.java:1511)
... Removed 50 stack frames]]>
    </failure>
  </testcase> <!-- Report -->
  <testcase classname="Reports.DLYRPT" name="Report" time="0.002">
    <failure type="java.lang.NullPointerException" message="Cannot invoke &amp;quot;org.openqa.selenium.support.ui.WebDriverWait.until(java.util.function.Function)&amp;quot; because &amp;quot;Reports.DLYRPT.wait&amp;quot; is null">
      <![CDATA[java.lang.NullPointerException: Cannot invoke "org.openqa.selenium.support.ui.WebDriverWait.until(java.util.function.Function)" because "Reports.DLYRPT.wait" is null
at Reports.DLYRPT.Report(DLYRPT.java:43)
at java.base/java.util.ArrayList.forEach(ArrayList.java:1511)
at TestCases.Report_DLYRPTTestCase.runDLYRPTFlow(Report_DLYRPTTestCase.java:56)
at java.base/java.util.ArrayList.forEach(ArrayList.java:1511)
... Removed 50 stack frames]]>
    </failure>
  </testcase> <!-- Report -->
  <testcase classname="Reports.DLYRPT" name="Report" time="0.002">
    <failure type="java.lang.NullPointerException" message="Cannot invoke &amp;quot;org.openqa.selenium.support.ui.WebDriverWait.until(java.util.function.Function)&amp;quot; because &amp;quot;Reports.DLYRPT.wait&amp;quot; is null">
      <![CDATA[java.lang.NullPointerException: Cannot invoke "org.openqa.selenium.support.ui.WebDriverWait.until(java.util.function.Function)" because "Reports.DLYRPT.wait" is null
at Reports.DLYRPT.Report(DLYRPT.java:43)
at java.base/java.util.ArrayList.forEach(ArrayList.java:1511)
at TestCases.Report_DLYRPTTestCase.runDLYRPTFlow(Report_DLYRPTTestCase.java:56)
at java.base/java.util.ArrayList.forEach(ArrayList.java:1511)
... Removed 50 stack frames]]>
    </failure>
  </testcase> <!-- Report -->
  <testcase classname="Reports.DLYRPT" name="Report" time="0.002">
    <failure type="java.lang.NullPointerException" message="Cannot invoke &amp;quot;org.openqa.selenium.support.ui.WebDriverWait.until(java.util.function.Function)&amp;quot; because &amp;quot;Reports.DLYRPT.wait&amp;quot; is null">
      <![CDATA[java.lang.NullPointerException: Cannot invoke "org.openqa.selenium.support.ui.WebDriverWait.until(java.util.function.Function)" because "Reports.DLYRPT.wait" is null
at Reports.DLYRPT.Report(DLYRPT.java:43)
at java.base/java.util.ArrayList.forEach(ArrayList.java:1511)
at TestCases.Report_DLYRPTTestCase.runDLYRPTFlow(Report_DLYRPTTestCase.java:56)
at java.base/java.util.ArrayList.forEach(ArrayList.java:1511)
... Removed 50 stack frames]]>
    </failure>
  </testcase> <!-- Report -->
  <testcase classname="Reports.DLYRPT" name="Report" time="0.003">
    <failure type="java.lang.NullPointerException" message="Cannot invoke &amp;quot;org.openqa.selenium.support.ui.WebDriverWait.until(java.util.function.Function)&amp;quot; because &amp;quot;Reports.DLYRPT.wait&amp;quot; is null">
      <![CDATA[java.lang.NullPointerException: Cannot invoke "org.openqa.selenium.support.ui.WebDriverWait.until(java.util.function.Function)" because "Reports.DLYRPT.wait" is null
at Reports.DLYRPT.Report(DLYRPT.java:43)
at java.base/java.util.ArrayList.forEach(ArrayList.java:1511)
at TestCases.Report_DLYRPTTestCase.runDLYRPTFlow(Report_DLYRPTTestCase.java:56)
at java.base/java.util.ArrayList.forEach(ArrayList.java:1511)
... Removed 50 stack frames]]>
    </failure>
  </testcase> <!-- Report -->
  <testcase classname="Reports.DLYRPT" name="Report" time="0.002">
    <failure type="java.lang.NullPointerException" message="Cannot invoke &amp;quot;org.openqa.selenium.support.ui.WebDriverWait.until(java.util.function.Function)&amp;quot; because &amp;quot;Reports.DLYRPT.wait&amp;quot; is null">
      <![CDATA[java.lang.NullPointerException: Cannot invoke "org.openqa.selenium.support.ui.WebDriverWait.until(java.util.function.Function)" because "Reports.DLYRPT.wait" is null
at Reports.DLYRPT.Report(DLYRPT.java:43)
at java.base/java.util.ArrayList.forEach(ArrayList.java:1511)
at TestCases.Report_DLYRPTTestCase.runDLYRPTFlow(Report_DLYRPTTestCase.java:56)
at java.base/java.util.ArrayList.forEach(ArrayList.java:1511)
... Removed 50 stack frames]]>
    </failure>
  </testcase> <!-- Report -->
  <testcase classname="Reports.DLYRPT" name="Report" time="0.003">
    <failure type="java.lang.NullPointerException" message="Cannot invoke &amp;quot;org.openqa.selenium.support.ui.WebDriverWait.until(java.util.function.Function)&amp;quot; because &amp;quot;Reports.DLYRPT.wait&amp;quot; is null">
      <![CDATA[java.lang.NullPointerException: Cannot invoke "org.openqa.selenium.support.ui.WebDriverWait.until(java.util.function.Function)" because "Reports.DLYRPT.wait" is null
at Reports.DLYRPT.Report(DLYRPT.java:43)
at java.base/java.util.ArrayList.forEach(ArrayList.java:1511)
at TestCases.Report_DLYRPTTestCase.runDLYRPTFlow(Report_DLYRPTTestCase.java:56)
at java.base/java.util.ArrayList.forEach(ArrayList.java:1511)
... Removed 50 stack frames]]>
    </failure>
  </testcase> <!-- Report -->
  <testcase classname="Reports.DLYRPT" name="Report" time="0.002">
    <failure type="java.lang.NullPointerException" message="Cannot invoke &amp;quot;org.openqa.selenium.support.ui.WebDriverWait.until(java.util.function.Function)&amp;quot; because &amp;quot;Reports.DLYRPT.wait&amp;quot; is null">
      <![CDATA[java.lang.NullPointerException: Cannot invoke "org.openqa.selenium.support.ui.WebDriverWait.until(java.util.function.Function)" because "Reports.DLYRPT.wait" is null
at Reports.DLYRPT.Report(DLYRPT.java:43)
at java.base/java.util.ArrayList.forEach(ArrayList.java:1511)
at TestCases.Report_DLYRPTTestCase.runDLYRPTFlow(Report_DLYRPTTestCase.java:56)
at java.base/java.util.ArrayList.forEach(ArrayList.java:1511)
... Removed 50 stack frames]]>
    </failure>
  </testcase> <!-- Report -->
  <testcase classname="Reports.DLYRPT" name="Report" time="0.005">
    <failure type="java.lang.NullPointerException" message="Cannot invoke &amp;quot;org.openqa.selenium.support.ui.WebDriverWait.until(java.util.function.Function)&amp;quot; because &amp;quot;Reports.DLYRPT.wait&amp;quot; is null">
      <![CDATA[java.lang.NullPointerException: Cannot invoke "org.openqa.selenium.support.ui.WebDriverWait.until(java.util.function.Function)" because "Reports.DLYRPT.wait" is null
at Reports.DLYRPT.Report(DLYRPT.java:43)
at java.base/java.util.ArrayList.forEach(ArrayList.java:1511)
at TestCases.Report_DLYRPTTestCase.runDLYRPTFlow(Report_DLYRPTTestCase.java:56)
at java.base/java.util.ArrayList.forEach(ArrayList.java:1511)
... Removed 50 stack frames]]>
    </failure>
  </testcase> <!-- Report -->
  <testcase classname="Reports.DLYRPT" name="Report" time="0.003">
    <failure type="java.lang.NullPointerException" message="Cannot invoke &amp;quot;org.openqa.selenium.support.ui.WebDriverWait.until(java.util.function.Function)&amp;quot; because &amp;quot;Reports.DLYRPT.wait&amp;quot; is null">
      <![CDATA[java.lang.NullPointerException: Cannot invoke "org.openqa.selenium.support.ui.WebDriverWait.until(java.util.function.Function)" because "Reports.DLYRPT.wait" is null
at Reports.DLYRPT.Report(DLYRPT.java:43)
at java.base/java.util.ArrayList.forEach(ArrayList.java:1511)
at TestCases.Report_DLYRPTTestCase.runDLYRPTFlow(Report_DLYRPTTestCase.java:56)
at java.base/java.util.ArrayList.forEach(ArrayList.java:1511)
... Removed 50 stack frames]]>
    </failure>
  </testcase> <!-- Report -->
  <testcase classname="Reports.DLYRPT" name="Report" time="0.001">
    <failure type="java.lang.NullPointerException" message="Cannot invoke &amp;quot;org.openqa.selenium.support.ui.WebDriverWait.until(java.util.function.Function)&amp;quot; because &amp;quot;Reports.DLYRPT.wait&amp;quot; is null">
      <![CDATA[java.lang.NullPointerException: Cannot invoke "org.openqa.selenium.support.ui.WebDriverWait.until(java.util.function.Function)" because "Reports.DLYRPT.wait" is null
at Reports.DLYRPT.Report(DLYRPT.java:43)
at java.base/java.util.ArrayList.forEach(ArrayList.java:1511)
at TestCases.Report_DLYRPTTestCase.runDLYRPTFlow(Report_DLYRPTTestCase.java:56)
at java.base/java.util.ArrayList.forEach(ArrayList.java:1511)
... Removed 50 stack frames]]>
    </failure>
  </testcase> <!-- Report -->
  <testcase classname="Reports.DLYRPT" name="Report" time="0.003">
    <failure type="java.lang.NullPointerException" message="Cannot invoke &amp;quot;org.openqa.selenium.support.ui.WebDriverWait.until(java.util.function.Function)&amp;quot; because &amp;quot;Reports.DLYRPT.wait&amp;quot; is null">
      <![CDATA[java.lang.NullPointerException: Cannot invoke "org.openqa.selenium.support.ui.WebDriverWait.until(java.util.function.Function)" because "Reports.DLYRPT.wait" is null
at Reports.DLYRPT.Report(DLYRPT.java:43)
at java.base/java.util.ArrayList.forEach(ArrayList.java:1511)
at TestCases.Report_DLYRPTTestCase.runDLYRPTFlow(Report_DLYRPTTestCase.java:56)
at java.base/java.util.ArrayList.forEach(ArrayList.java:1511)
... Removed 50 stack frames]]>
    </failure>
  </testcase> <!-- Report -->
  <testcase classname="Reports.DLYRPT" name="Report" time="0.003">
    <failure type="java.lang.NullPointerException" message="Cannot invoke &amp;quot;org.openqa.selenium.support.ui.WebDriverWait.until(java.util.function.Function)&amp;quot; because &amp;quot;Reports.DLYRPT.wait&amp;quot; is null">
      <![CDATA[java.lang.NullPointerException: Cannot invoke "org.openqa.selenium.support.ui.WebDriverWait.until(java.util.function.Function)" because "Reports.DLYRPT.wait" is null
at Reports.DLYRPT.Report(DLYRPT.java:43)
at java.base/java.util.ArrayList.forEach(ArrayList.java:1511)
at TestCases.Report_DLYRPTTestCase.runDLYRPTFlow(Report_DLYRPTTestCase.java:56)
at java.base/java.util.ArrayList.forEach(ArrayList.java:1511)
... Removed 50 stack frames]]>
    </failure>
  </testcase> <!-- Report -->
  <testcase classname="Reports.DLYRPT" name="Report" time="0.004">
    <failure type="java.lang.NullPointerException" message="Cannot invoke &amp;quot;org.openqa.selenium.support.ui.WebDriverWait.until(java.util.function.Function)&amp;quot; because &amp;quot;Reports.DLYRPT.wait&amp;quot; is null">
      <![CDATA[java.lang.NullPointerException: Cannot invoke "org.openqa.selenium.support.ui.WebDriverWait.until(java.util.function.Function)" because "Reports.DLYRPT.wait" is null
at Reports.DLYRPT.Report(DLYRPT.java:43)
at java.base/java.util.ArrayList.forEach(ArrayList.java:1511)
at TestCases.Report_DLYRPTTestCase.runDLYRPTFlow(Report_DLYRPTTestCase.java:56)
at java.base/java.util.ArrayList.forEach(ArrayList.java:1511)
... Removed 50 stack frames]]>
    </failure>
  </testcase> <!-- Report -->
  <testcase classname="Reports.DLYRPT" name="Report" time="0.002">
    <failure type="java.lang.NullPointerException" message="Cannot invoke &amp;quot;org.openqa.selenium.support.ui.WebDriverWait.until(java.util.function.Function)&amp;quot; because &amp;quot;Reports.DLYRPT.wait&amp;quot; is null">
      <![CDATA[java.lang.NullPointerException: Cannot invoke "org.openqa.selenium.support.ui.WebDriverWait.until(java.util.function.Function)" because "Reports.DLYRPT.wait" is null
at Reports.DLYRPT.Report(DLYRPT.java:43)
at java.base/java.util.ArrayList.forEach(ArrayList.java:1511)
at TestCases.Report_DLYRPTTestCase.runDLYRPTFlow(Report_DLYRPTTestCase.java:56)
at java.base/java.util.ArrayList.forEach(ArrayList.java:1511)
... Removed 50 stack frames]]>
    </failure>
  </testcase> <!-- Report -->
  <testcase classname="Reports.DLYRPT" name="Report" time="0.006">
    <failure type="java.lang.NullPointerException" message="Cannot invoke &amp;quot;org.openqa.selenium.support.ui.WebDriverWait.until(java.util.function.Function)&amp;quot; because &amp;quot;Reports.DLYRPT.wait&amp;quot; is null">
      <![CDATA[java.lang.NullPointerException: Cannot invoke "org.openqa.selenium.support.ui.WebDriverWait.until(java.util.function.Function)" because "Reports.DLYRPT.wait" is null
at Reports.DLYRPT.Report(DLYRPT.java:43)
at java.base/java.util.ArrayList.forEach(ArrayList.java:1511)
at TestCases.Report_DLYRPTTestCase.runDLYRPTFlow(Report_DLYRPTTestCase.java:56)
at java.base/java.util.ArrayList.forEach(ArrayList.java:1511)
... Removed 50 stack frames]]>
    </failure>
  </testcase> <!-- Report -->
  <testcase classname="Reports.DLYRPT" name="Report" time="0.005">
    <failure type="java.lang.NullPointerException" message="Cannot invoke &amp;quot;org.openqa.selenium.support.ui.WebDriverWait.until(java.util.function.Function)&amp;quot; because &amp;quot;Reports.DLYRPT.wait&amp;quot; is null">
      <![CDATA[java.lang.NullPointerException: Cannot invoke "org.openqa.selenium.support.ui.WebDriverWait.until(java.util.function.Function)" because "Reports.DLYRPT.wait" is null
at Reports.DLYRPT.Report(DLYRPT.java:43)
at java.base/java.util.ArrayList.forEach(ArrayList.java:1511)
at TestCases.Report_DLYRPTTestCase.runDLYRPTFlow(Report_DLYRPTTestCase.java:56)
at java.base/java.util.ArrayList.forEach(ArrayList.java:1511)
... Removed 50 stack frames]]>
    </failure>
  </testcase> <!-- Report -->
  <testcase classname="Reports.DLYRPT" name="Report" time="0.002">
    <failure type="java.lang.NullPointerException" message="Cannot invoke &amp;quot;org.openqa.selenium.support.ui.WebDriverWait.until(java.util.function.Function)&amp;quot; because &amp;quot;Reports.DLYRPT.wait&amp;quot; is null">
      <![CDATA[java.lang.NullPointerException: Cannot invoke "org.openqa.selenium.support.ui.WebDriverWait.until(java.util.function.Function)" because "Reports.DLYRPT.wait" is null
at Reports.DLYRPT.Report(DLYRPT.java:43)
at java.base/java.util.ArrayList.forEach(ArrayList.java:1511)
at TestCases.Report_DLYRPTTestCase.runDLYRPTFlow(Report_DLYRPTTestCase.java:56)
at java.base/java.util.ArrayList.forEach(ArrayList.java:1511)
... Removed 50 stack frames]]>
    </failure>
  </testcase> <!-- Report -->
  <testcase classname="Reports.DLYRPT" name="Report" time="0.002">
    <failure type="java.lang.NullPointerException" message="Cannot invoke &amp;quot;org.openqa.selenium.support.ui.WebDriverWait.until(java.util.function.Function)&amp;quot; because &amp;quot;Reports.DLYRPT.wait&amp;quot; is null">
      <![CDATA[java.lang.NullPointerException: Cannot invoke "org.openqa.selenium.support.ui.WebDriverWait.until(java.util.function.Function)" because "Reports.DLYRPT.wait" is null
at Reports.DLYRPT.Report(DLYRPT.java:43)
at java.base/java.util.ArrayList.forEach(ArrayList.java:1511)
at TestCases.Report_DLYRPTTestCase.runDLYRPTFlow(Report_DLYRPTTestCase.java:56)
at java.base/java.util.ArrayList.forEach(ArrayList.java:1511)
... Removed 50 stack frames]]>
    </failure>
  </testcase> <!-- Report -->
  <testcase classname="Reports.DLYRPT" name="Report" time="0.003">
    <failure type="java.lang.NullPointerException" message="Cannot invoke &amp;quot;org.openqa.selenium.support.ui.WebDriverWait.until(java.util.function.Function)&amp;quot; because &amp;quot;Reports.DLYRPT.wait&amp;quot; is null">
[...]
    <failure type="java.lang.NullPointerException" message="Cannot invoke &amp;quot;org.openqa.selenium.support.ui.WebDriverWait.until(java.util.function.Function)&amp;quot; because &amp;quot;Reports.DLYRPT.wait&amp;quot; is null">
      <![CDATA[java.lang.NullPointerException: Cannot invoke "org.openqa.selenium.support.ui.WebDriverWait.until(java.util.function.Function)" because "Reports.DLYRPT.wait" is null
at Reports.DLYRPT.Report(DLYRPT.java:43)
at java.base/java.util.ArrayList.forEach(ArrayList.java:1511)
at TestCases.Report_DLYRPTTestCase.runDLYRPTFlow(Report_DLYRPTTestCase.java:56)
at java.base/java.util.ArrayList.forEach(ArrayList.java:1511)
... Removed 50 stack frames]]>
    </failure>
  </testcase> <!-- Report -->
  <testcase classname="Reports.DLYRPT" name="Report" time="0.003">
    <failure type="java.lang.NullPointerException" message="Cannot invoke &amp;quot;org.openqa.selenium.support.ui.WebDriverWait.until(java.util.function.Function)&amp;quot; because &amp;quot;Reports.DLYRPT.wait&amp;quot; is null">
      <![CDATA[java.lang.NullPointerException: Cannot invoke "org.openqa.selenium.support.ui.WebDriverWait.until(java.util.function.Function)" because "Reports.DLYRPT.wait" is null
at Reports.DLYRPT.Report(DLYRPT.java:43)
at java.base/java.util.ArrayList.forEach(ArrayList.java:1511)
at TestCases.Report_DLYRPTTestCase.runDLYRPTFlow(Report_DLYRPTTestCase.java:56)
at java.base/java.util.ArrayList.forEach(ArrayList.java:1511)
... Removed 50 stack frames]]>
    </failure>
  </testcase> <!-- Report -->
  <testcase classname="Reports.DLYRPT" name="Report" time="0.002">
    <failure type="java.lang.NullPointerException" message="Cannot invoke &amp;quot;org.openqa.selenium.support.ui.WebDriverWait.until(java.util.function.Function)&amp;quot; because &amp;quot;Reports.DLYRPT.wait&amp;quot; is null">
      <![CDATA[java.lang.NullPointerException: Cannot invoke "org.openqa.selenium.support.ui.WebDriverWait.until(java.util.function.Function)" because "Reports.DLYRPT.wait" is null
at Reports.DLYRPT.Report(DLYRPT.java:43)
at java.base/java.util.ArrayList.forEach(ArrayList.java:1511)
at TestCases.Report_DLYRPTTestCase.runDLYRPTFlow(Report_DLYRPTTestCase.java:56)
at java.base/java.util.ArrayList.forEach(ArrayList.java:1511)
... Removed 50 stack frames]]>
    </failure>
  </testcase> <!-- Report -->
  <testcase classname="Reports.DLYRPT" name="Report" time="0.001">
    <failure type="java.lang.NullPointerException" message="Cannot invoke &amp;quot;org.openqa.selenium.support.ui.WebDriverWait.until(java.util.function.Function)&amp;quot; because &amp;quot;Reports.DLYRPT.wait&amp;quot; is null">
      <![CDATA[java.lang.NullPointerException: Cannot invoke "org.openqa.selenium.support.ui.WebDriverWait.until(java.util.function.Function)" because "Reports.DLYRPT.wait" is null
at Reports.DLYRPT.Report(DLYRPT.java:43)
at java.base/java.util.ArrayList.forEach(ArrayList.java:1511)
at TestCases.Report_DLYRPTTestCase.runDLYRPTFlow(Report_DLYRPTTestCase.java:56)
at java.base/java.util.ArrayList.forEach(ArrayList.java:1511)
... Removed 50 stack frames]]>
    </failure>
  </testcase> <!-- Report -->
  <testcase classname="Reports.DLYRPT" name="Report" time="0.001">
    <failure type="java.lang.NullPointerException" message="Cannot invoke &amp;quot;org.openqa.selenium.support.ui.WebDriverWait.until(java.util.function.Function)&amp;quot; because &amp;quot;Reports.DLYRPT.wait&amp;quot; is null">
      <![CDATA[java.lang.NullPointerException: Cannot invoke "org.openqa.selenium.support.ui.WebDriverWait.until(java.util.function.Function)" because "Reports.DLYRPT.wait" is null
at Reports.DLYRPT.Report(DLYRPT.java:43)
at java.base/java.util.ArrayList.forEach(ArrayList.java:1511)
at TestCases.Report_DLYRPTTestCase.runDLYRPTFlow(Report_DLYRPTTestCase.java:56)
at java.base/java.util.ArrayList.forEach(ArrayList.java:1511)
... Removed 50 stack frames]]>
    </failure>
  </testcase> <!-- Report -->
  <testcase classname="Reports.DLYRPT" name="Report" time="0.002">
    <failure type="java.lang.NullPointerException" message="Cannot invoke &amp;quot;org.openqa.selenium.support.ui.WebDriverWait.until(java.util.function.Function)&amp;quot; because &amp;quot;Reports.DLYRPT.wait&amp;quot; is null">
      <![CDATA[java.lang.NullPointerException: Cannot invoke "org.openqa.selenium.support.ui.WebDriverWait.until(java.util.function.Function)" because "Reports.DLYRPT.wait" is null
at Reports.DLYRPT.Report(DLYRPT.java:43)
at java.base/java.util.ArrayList.forEach(ArrayList.java:1511)
at TestCases.Report_DLYRPTTestCase.runDLYRPTFlow(Report_DLYRPTTestCase.java:56)
at java.base/java.util.ArrayList.forEach(ArrayList.java:1511)
... Removed 50 stack frames]]>
    </failure>
  </testcase> <!-- Report -->
  <testcase classname="Reports.DLYRPT" name="Report" time="0.001">
    <failure type="java.lang.NullPointerException" message="Cannot invoke &amp;quot;org.openqa.selenium.support.ui.WebDriverWait.until(java.util.function.Function)&amp;quot; because &amp;quot;Reports.DLYRPT.wait&amp;quot; is null">
      <![CDATA[java.lang.NullPointerException: Cannot invoke "org.openqa.selenium.support.ui.WebDriverWait.until(java.util.function.Function)" because "Reports.DLYRPT.wait" is null
at Reports.DLYRPT.Report(DLYRPT.java:43)
at java.base/java.util.ArrayList.forEach(ArrayList.java:1511)
at TestCases.Report_DLYRPTTestCase.runDLYRPTFlow(Report_DLYRPTTestCase.java:56)
at java.base/java.util.ArrayList.forEach(ArrayList.java:1511)
... Removed 50 stack frames]]>
    </failure>
  </testcase> <!-- Report -->
  <testcase classname="Reports.DLYRPT" name="Report" time="0.001">
    <failure type="java.lang.NullPointerException" message="Cannot invoke &amp;quot;org.openqa.selenium.support.ui.WebDriverWait.until(java.util.function.Function)&amp;quot; because &amp;quot;Reports.DLYRPT.wait&amp;quot; is null">
      <![CDATA[java.lang.NullPointerException: Cannot invoke "org.openqa.selenium.support.ui.WebDriverWait.until(java.util.function.Function)" because "Reports.DLYRPT.wait" is null
at Reports.DLYRPT.Report(DLYRPT.java:43)
at java.base/java.util.ArrayList.forEach(ArrayList.java:1511)
at TestCases.Report_DLYRPTTestCase.runDLYRPTFlow(Report_DLYRPTTestCase.java:56)
at java.base/java.util.ArrayList.forEach(ArrayList.java:1511)
... Removed 50 stack frames]]>
    </failure>
  </testcase> <!-- Report -->
  <testcase classname="Reports.DLYRPT" name="Report" time="0.001">
    <failure type="java.lang.NullPointerException" message="Cannot invoke &amp;quot;org.openqa.selenium.support.ui.WebDriverWait.until(java.util.function.Function)&amp;quot; because &amp;quot;Reports.DLYRPT.wait&amp;quot; is null">
      <![CDATA[java.lang.NullPointerException: Cannot invoke "org.openqa.selenium.support.ui.WebDriverWait.until(java.util.function.Function)" because "Reports.DLYRPT.wait" is null
at Reports.DLYRPT.Report(DLYRPT.java:43)
at java.base/java.util.ArrayList.forEach(ArrayList.java:1511)
at TestCases.Report_DLYRPTTestCase.runDLYRPTFlow(Report_DLYRPTTestCase.java:56)
at java.base/java.util.ArrayList.forEach(ArrayList.java:1511)
... Removed 50 stack frames]]>
    </failure>
  </testcase> <!-- Report -->
  <testcase classname="Reports.DLYRPT" name="Report" time="0.001">
    <failure type="java.lang.NullPointerException" message="Cannot invoke &amp;quot;org.openqa.selenium.support.ui.WebDriverWait.until(java.util.function.Function)&amp;quot; because &amp;quot;Reports.DLYRPT.wait&amp;quot; is null">
      <![CDATA[java.lang.NullPointerException: Cannot invoke "org.openqa.selenium.support.ui.WebDriverWait.until(java.util.function.Function)" because "Reports.DLYRPT.wait" is null
at Reports.DLYRPT.Report(DLYRPT.java:43)
at java.base/java.util.ArrayList.forEach(ArrayList.java:1511)
at TestCases.Report_DLYRPTTestCase.runDLYRPTFlow(Report_DLYRPTTestCase.java:56)
at java.base/java.util.ArrayList.forEach(ArrayList.java:1511)
... Removed 50 stack frames]]>
    </failure>
  </testcase> <!-- Report -->
  <testcase classname="Reports.DLYRPT" name="Report" time="0.0">
    <failure type="java.lang.NullPointerException" message="Cannot invoke &amp;quot;org.openqa.selenium.support.ui.WebDriverWait.until(java.util.function.Function)&amp;quot; because &amp;quot;Reports.DLYRPT.wait&amp;quot; is null">
      <![CDATA[java.lang.NullPointerException: Cannot invoke "org.openqa.selenium.support.ui.WebDriverWait.until(java.util.function.Function)" because "Reports.DLYRPT.wait" is null
at Reports.DLYRPT.Report(DLYRPT.java:43)
at java.base/java.util.ArrayList.forEach(ArrayList.java:1511)
at TestCases.Report_DLYRPTTestCase.runDLYRPTFlow(Report_DLYRPTTestCase.java:56)
at java.base/java.util.ArrayList.forEach(ArrayList.java:1511)
... Removed 50 stack frames]]>
    </failure>
  </testcase> <!-- Report -->
  <testcase classname="Reports.DLYRPT" name="Report" time="0.001">
    <failure type="java.lang.NullPointerException" message="Cannot invoke &amp;quot;org.openqa.selenium.support.ui.WebDriverWait.until(java.util.function.Function)&amp;quot; because &amp;quot;Reports.DLYRPT.wait&amp;quot; is null">
      <![CDATA[java.lang.NullPointerException: Cannot invoke "org.openqa.selenium.support.ui.WebDriverWait.until(java.util.function.Function)" because "Reports.DLYRPT.wait" is null
at Reports.DLYRPT.Report(DLYRPT.java:43)
at java.base/java.util.ArrayList.forEach(ArrayList.java:1511)
at TestCases.Report_DLYRPTTestCase.runDLYRPTFlow(Report_DLYRPTTestCase.java:56)
at java.base/java.util.ArrayList.forEach(ArrayList.java:1511)
... Removed 50 stack frames]]>
    </failure>
  </testcase> <!-- Report -->
  <testcase classname="Reports.DLYRPT" name="Report" time="0.002">
    <failure type="java.lang.NullPointerException" message="Cannot invoke &amp;quot;org.openqa.selenium.support.ui.WebDriverWait.until(java.util.function.Function)&amp;quot; because &amp;quot;Reports.DLYRPT.wait&amp;quot; is null">
      <![CDATA[java.lang.NullPointerException: Cannot invoke "org.openqa.selenium.support.ui.WebDriverWait.until(java.util.function.Function)" because "Reports.DLYRPT.wait" is null
at Reports.DLYRPT.Report(DLYRPT.java:43)
at java.base/java.util.ArrayList.forEach(ArrayList.java:1511)
at TestCases.Report_DLYRPTTestCase.runDLYRPTFlow(Report_DLYRPTTestCase.java:56)
at java.base/java.util.ArrayList.forEach(ArrayList.java:1511)
... Removed 50 stack frames]]>
    </failure>
  </testcase> <!-- Report -->
  <testcase classname="Reports.DLYRPT" name="Report" time="0.001">
    <failure type="java.lang.NullPointerException" message="Cannot invoke &amp;quot;org.openqa.selenium.support.ui.WebDriverWait.until(java.util.function.Function)&amp;quot; because &amp;quot;Reports.DLYRPT.wait&amp;quot; is null">
      <![CDATA[java.lang.NullPointerException: Cannot invoke "org.openqa.selenium.support.ui.WebDriverWait.until(java.util.function.Function)" because "Reports.DLYRPT.wait" is null
at Reports.DLYRPT.Report(DLYRPT.java:43)
at java.base/java.util.ArrayList.forEach(ArrayList.java:1511)
at TestCases.Report_DLYRPTTestCase.runDLYRPTFlow(Report_DLYRPTTestCase.java:56)
at java.base/java.util.ArrayList.forEach(ArrayList.java:1511)
... Removed 50 stack frames]]>
    </failure>
  </testcase> <!-- Report -->
  <testcase classname="Reports.DLYRPT" name="Report" time="0.001">
    <failure type="java.lang.NullPointerException" message="Cannot invoke &amp;quot;org.openqa.selenium.support.ui.WebDriverWait.until(java.util.function.Function)&amp;quot; because &amp;quot;Reports.DLYRPT.wait&amp;quot; is null">
      <![CDATA[java.lang.NullPointerException: Cannot invoke "org.openqa.selenium.support.ui.WebDriverWait.until(java.util.function.Function)" because "Reports.DLYRPT.wait" is null
at Reports.DLYRPT.Report(DLYRPT.java:43)
at java.base/java.util.ArrayList.forEach(ArrayList.java:1511)
at TestCases.Report_DLYRPTTestCase.runDLYRPTFlow(Report_DLYRPTTestCase.java:56)
at java.base/java.util.ArrayList.forEach(ArrayList.java:1511)
... Removed 50 stack frames]]>
    </failure>
  </testcase> <!-- Report -->
  <testcase classname="Reports.DLYRPT" name="Report" time="0.001">
    <failure type="java.lang.NullPointerException" message="Cannot invoke &amp;quot;org.openqa.selenium.support.ui.WebDriverWait.until(java.util.function.Function)&amp;quot; because &amp;quot;Reports.DLYRPT.wait&amp;quot; is null">
      <![CDATA[java.lang.NullPointerException: Cannot invoke "org.openqa.selenium.support.ui.WebDriverWait.until(java.util.function.Function)" because "Reports.DLYRPT.wait" is null
at Reports.DLYRPT.Report(DLYRPT.java:43)
at java.base/java.util.ArrayList.forEach(ArrayList.java:1511)
at TestCases.Report_DLYRPTTestCase.runDLYRPTFlow(Report_DLYRPTTestCase.java:56)
at java.base/java.util.ArrayList.forEach(ArrayList.java:1511)
... Removed 50 stack frames]]>
    </failure>
  </testcase> <!-- Report -->
  <testcase classname="Reports.DLYRPT" name="Report" time="0.002">
    <failure type="java.lang.NullPointerException" message="Cannot invoke &amp;quot;org.openqa.selenium.support.ui.WebDriverWait.until(java.util.function.Function)&amp;quot; because &amp;quot;Reports.DLYRPT.wait&amp;quot; is null">
      <![CDATA[java.lang.NullPointerException: Cannot invoke "org.openqa.selenium.support.ui.WebDriverWait.until(java.util.function.Function)" because "Reports.DLYRPT.wait" is null
at Reports.DLYRPT.Report(DLYRPT.java:43)
at java.base/java.util.ArrayList.forEach(ArrayList.java:1511)
at TestCases.Report_DLYRPTTestCase.runDLYRPTFlow(Report_DLYRPTTestCase.java:56)
at java.base/java.util.ArrayList.forEach(ArrayList.java:1511)
... Removed 50 stack frames]]>
    </failure>
  </testcase> <!-- Report -->
  <testcase classname="Reports.DLYRPT" name="Report" time="0.002">
    <failure type="java.lang.NullPointerException" message="Cannot invoke &amp;quot;org.openqa.selenium.support.ui.WebDriverWait.until(java.util.function.Function)&amp;quot; because &amp;quot;Reports.DLYRPT.wait&amp;quot; is null">
      <![CDATA[java.lang.NullPointerException: Cannot invoke "org.openqa.selenium.support.ui.WebDriverWait.until(java.util.function.Function)" because "Reports.DLYRPT.wait" is null
at Reports.DLYRPT.Report(DLYRPT.java:43)
at java.base/java.util.ArrayList.forEach(ArrayList.java:1511)
at TestCases.Report_DLYRPTTestCase.runDLYRPTFlow(Report_DLYRPTTestCase.java:56)
at java.base/java.util.ArrayList.forEach(ArrayList.java:1511)
... Removed 50 stack frames]]>
    </failure>
  </testcase> <!-- Report -->
  <testcase classname="Reports.DLYRPT" name="Report" time="0.001">
    <failure type="java.lang.NullPointerException" message="Cannot invoke &amp;quot;org.openqa.selenium.support.ui.WebDriverWait.until(java.util.function.Function)&amp;quot; because &amp;quot;Reports.DLYRPT.wait&amp;quot; is null">
      <![CDATA[java.lang.NullPointerException: Cannot invoke "org.openqa.selenium.support.ui.WebDriverWait.until(java.util.function.Function)" because "Reports.DLYRPT.wait" is null
at Reports.DLYRPT.Report(DLYRPT.java:43)
at java.base/java.util.ArrayList.forEach(ArrayList.java:1511)
at TestCases.Report_DLYRPTTestCase.runDLYRPTFlow(Report_DLYRPTTestCase.java:56)
at java.base/java.util.ArrayList.forEach(ArrayList.java:1511)
... Removed 50 stack frames]]>
    </failure>
  </testcase> <!-- Report -->
  <testcase classname="Reports.DLYRPT" name="Report" time="0.002">
    <failure type="java.lang.NullPointerException" message="Cannot invoke &amp;quot;org.openqa.selenium.support.ui.WebDriverWait.until(java.util.function.Function)&amp;quot; because &amp;quot;Reports.DLYRPT.wait&amp;quot; is null">
      <![CDATA[java.lang.NullPointerException: Cannot invoke "org.openqa.selenium.support.ui.WebDriverWait.until(java.util.function.Function)" because "Reports.DLYRPT.wait" is null
at Reports.DLYRPT.Report(DLYRPT.java:43)
at java.base/java.util.ArrayList.forEach(ArrayList.java:1511)
at TestCases.Report_DLYRPTTestCase.runDLYRPTFlow(Report_DLYRPTTestCase.java:56)
at java.base/java.util.ArrayList.forEach(ArrayList.java:1511)
... Removed 50 stack frames]]>
    </failure>
  </testcase> <!-- Report -->
  <testcase classname="Reports.DLYRPT" name="Report" time="0.001">
    <failure type="java.lang.NullPointerException" message="Cannot invoke &amp;quot;org.openqa.selenium.support.ui.WebDriverWait.until(java.util.function.Function)&amp;quot; because &amp;quot;Reports.DLYRPT.wait&amp;quot; is null">
      <![CDATA[java.lang.NullPointerException: Cannot invoke "org.openqa.selenium.support.ui.WebDriverWait.until(java.util.function.Function)" because "Reports.DLYRPT.wait" is null
at Reports.DLYRPT.Report(DLYRPT.java:43)
at java.base/java.util.ArrayList.forEach(ArrayList.java:1511)
at TestCases.Report_DLYRPTTestCase.runDLYRPTFlow(Report_DLYRPTTestCase.java:56)
at java.base/java.util.ArrayList.forEach(ArrayList.java:1511)
... Removed 50 stack frames]]>
    </failure>
  </testcase> <!-- Report -->
  <testcase classname="Reports.DLYRPT" name="Report" time="0.002">
    <failure type="java.lang.NullPointerException" message="Cannot invoke &amp;quot;org.openqa.selenium.support.ui.WebDriverWait.until(java.util.function.Function)&amp;quot; because &amp;quot;Reports.DLYRPT.wait&amp;quot; is null">
      <![CDATA[java.lang.NullPointerException: Cannot invoke "org.openqa.selenium.support.ui.WebDriverWait.until(java.util.function.Function)" because "Reports.DLYRPT.wait" is null
at Reports.DLYRPT.Report(DLYRPT.java:43)
at java.base/java.util.ArrayList.forEach(ArrayList.java:1511)
at TestCases.Report_DLYRPTTestCase.runDLYRPTFlow(Report_DLYRPTTestCase.java:56)
at java.base/java.util.ArrayList.forEach(ArrayList.java:1511)
... Removed 50 stack frames]]>
    </failure>
  </testcase> <!-- Report -->
  <testcase classname="Reports.DLYRPT" name="Report" time="0.002">
    <failure type="java.lang.NullPointerException" message="Cannot invoke &amp;quot;org.openqa.selenium.support.ui.WebDriverWait.until(java.util.function.Function)&amp;quot; because &amp;quot;Reports.DLYRPT.wait&amp;quot; is null">
      <![CDATA[java.lang.NullPointerException: Cannot invoke "org.openqa.selenium.support.ui.WebDriverWait.until(java.util.function.Function)" because "Reports.DLYRPT.wait" is null
at Reports.DLYRPT.Report(DLYRPT.java:43)
at java.base/java.util.ArrayList.forEach(ArrayList.java:1511)
at TestCases.Report_DLYRPTTestCase.runDLYRPTFlow(Report_DLYRPTTestCase.java:56)
at java.base/java.util.ArrayList.forEach(ArrayList.java:1511)
... Removed 50 stack frames]]>
    </failure>
  </testcase> <!-- Report -->
  <testcase classname="Reports.DLYRPT" name="Report" time="0.002">
    <failure type="java.lang.NullPointerException" message="Cannot invoke &amp;quot;org.openqa.selenium.support.ui.WebDriverWait.until(java.util.function.Function)&amp;quot; because &amp;quot;Reports.DLYRPT.wait&amp;quot; is null">
      <![CDATA[java.lang.NullPointerException: Cannot invoke "org.openqa.selenium.support.ui.WebDriverWait.until(java.util.function.Function)" because "Reports.DLYRPT.wait" is null
at Reports.DLYRPT.Report(DLYRPT.java:43)
at java.base/java.util.ArrayList.forEach(ArrayList.java:1511)
at TestCases.Report_DLYRPTTestCase.runDLYRPTFlow(Report_DLYRPTTestCase.java:56)
at java.base/java.util.ArrayList.forEach(ArrayList.java:1511)
... Removed 50 stack frames]]>
    </failure>
  </testcase> <!-- Report -->
  <testcase classname="Reports.DLYRPT" name="Report" time="0.001">
    <failure type="java.lang.NullPointerException" message="Cannot invoke &amp;quot;org.openqa.selenium.support.ui.WebDriverWait.until(java.util.function.Function)&amp;quot; because &amp;quot;Reports.DLYRPT.wait&amp;quot; is null">
      <![CDATA[java.lang.NullPointerException: Cannot invoke "org.openqa.selenium.support.ui.WebDriverWait.until(java.util.function.Function)" because "Reports.DLYRPT.wait" is null
at Reports.DLYRPT.Report(DLYRPT.java:43)
at java.base/java.util.ArrayList.forEach(ArrayList.java:1511)
at TestCases.Report_DLYRPTTestCase.runDLYRPTFlow(Report_DLYRPTTestCase.java:56)
at java.base/java.util.ArrayList.forEach(ArrayList.java:1511)
... Removed 50 stack frames]]>
    </failure>
  </testcase> <!-- Report -->
</testsuite> <!-- DLYRPT_Execution -->
