<!DOCTYPE html PUBLIC "-//W3C//DTD XHTML 1.1//EN" "https://www.w3.org/TR/xhtml11/DTD/xhtml11.dtd">
<html xmlns="https://www.w3.org/1999/xhtml">
<head>
<meta http-equiv="content-type" content="text/html; charset=UTF-8"/>
<title>TestNG Report</title>
<style type="text/css">table {margin-bottom:10px;border-collapse:collapse;empty-cells:show}th,td {border:1px solid #009;padding:.25em .5em}th {vertical-align:bottom}td {vertical-align:top}table a {font-weight:bold}.stripe td {background-color: #E6EBF9}.num {text-align:right}.passedodd td {background-color: #3F3}.passedeven td {background-color: #0A0}.skippedodd td {background-color: #DDD}.skippedeven td {background-color: #CCC}.failedodd td,.attn {background-color: #F33}.failedeven td,.stripe .attn {background-color: #D00}.stacktrace {white-space:pre;font-family:monospace}.totop {font-size:85%;text-align:center;border-bottom:2px solid #000}.invisible {display:none}</style>
</head>
<body>
<table>
<tr><th>Test</th><th># Passed</th><th># Skipped</th><th># Retried</th><th># Failed</th><th>Time (ms)</th><th>Included Groups</th><th>Excluded Groups</th></tr>
<tr><th colspan="8">FunctionalityTesting</th></tr>
<tr><td><a href="#t0">FunctionalityTesting</a></td><td class="num">0</td><td class="num">0</td><td class="num">0</td><td class="num attn">4</td><td class="num">96,495</td><td></td><td></td></tr>
</table>
<table id='summary'><thead><tr><th>Class</th><th>Method</th><th>Start</th><th>Time (ms)</th></tr></thead><tbody><tr><th colspan="4">FunctionalityTesting</th></tr></tbody><tbody id="t0"><tr><th colspan="4">FunctionalityTesting &#8212; failed</th></tr><tr class="failedeven"><td rowspan="1">PaymentTestCases.TC02_IssuingdocumentaryCreditMaintenance</td><td><a href="#m0">runTest</a></td><td rowspan="1">1762150348852</td><td rowspan="1">10249</td></tr><tr class="failedodd"><td rowspan="1">PaymentTestCases.TC09_CopyingDocumentaryCredit</td><td><a href="#m1">runTest</a></td><td rowspan="1">1762150359314</td><td rowspan="1">12868</td></tr><tr class="failedeven"><td rowspan="1">PaymentTestCases.TC10_AdviseDocumentaryCredit</td><td><a href="#m2">runTest</a></td><td rowspan="1">1762150372227</td><td rowspan="1">11199</td></tr><tr class="failedodd"><td rowspan="1">PaymentTestCases.TC11_AmendingDocumentaryCredit</td><td><a href="#m3">runTest</a></td><td rowspan="1">1762150383458</td><td rowspan="1">52122</td></tr></tbody>
</table>
<h2>FunctionalityTesting</h2><h3 id="m0">PaymentTestCases.TC02_IssuingdocumentaryCreditMaintenance#runTest</h3><table class="result"><tr><th>Exception</th></tr><tr><td><div class="stacktrace">java.lang.AssertionError: ❌ Assertion Failure: Application error found: Q12 - The documentary credit record already exists.
	at PaymentTestCases.TC02_IssuingdocumentaryCreditMaintenance.runTest(TC02_IssuingdocumentaryCreditMaintenance.java:83)
	at java.base/java.util.ArrayList.forEach(ArrayList.java:1511)
... Removed 32 stack frames</div></td></tr></table><p class="totop"><a href="#summary">back to summary</a></p>
<h3 id="m1">PaymentTestCases.TC09_CopyingDocumentaryCredit#runTest</h3><table class="result"><tr><th>Exception</th></tr><tr><td><div class="stacktrace">java.lang.AssertionError: ❌ Assertion Failure: Application error found: Q12 - The documentary credit record already exists.
	at PaymentTestCases.TC09_CopyingDocumentaryCredit.runTest(TC09_CopyingDocumentaryCredit.java:83)
	at java.base/java.util.ArrayList.forEach(ArrayList.java:1511)
... Removed 32 stack frames</div></td></tr></table><p class="totop"><a href="#summary">back to summary</a></p>
<h3 id="m2">PaymentTestCases.TC10_AdviseDocumentaryCredit#runTest</h3><table class="result"><tr><th>Exception</th></tr><tr><td><div class="stacktrace">java.lang.AssertionError: ❌ Assertion Failure: Test failed: Q12 - The documentary credit record already exists.
	at PaymentTestCases.TC10_AdviseDocumentaryCredit.runTest(TC10_AdviseDocumentaryCredit.java:77)
	at java.base/java.util.ArrayList.forEach(ArrayList.java:1511)
... Removed 32 stack frames</div></td></tr></table><p class="totop"><a href="#summary">back to summary</a></p>
<h3 id="m3">PaymentTestCases.TC11_AmendingDocumentaryCredit#runTest</h3><table class="result"><tr><th>Exception</th></tr><tr><td><div class="stacktrace">java.lang.AssertionError: ❌ Assertion Failure: Test failed: unexpected alert open: {Alert text : undefined}
  (Session info: MicrosoftEdge=142.0.3595.53): undefined
Build info: version: &apos;4.29.0&apos;, revision: &apos;5fc1ec94cb&apos;
System info: os.name: &apos;Windows 11&apos;, os.arch: &apos;amd64&apos;, os.version: &apos;10.0&apos;, java.version: &apos;17.0.12&apos;
Driver info: org.openqa.selenium.edge.EdgeDriver
Command: [1851f83b2de1a17a117d4814889bf1dd, findElement {using=name, value=CoreServer}]
Capabilities {acceptInsecureCerts: false, browserName: MicrosoftEdge, browserVersion: 142.0.3595.53, fedcm:accounts: true, goog:processID: 2532, ms:edgeOptions: {debuggerAddress: localhost:63443}, msedge: {msedgedriverVersion: 142.0.3595.53 (e9d637e9672e..., userDataDir: C:\Users\chris\AppData\Loca...}, networkConnectionEnabled: false, pageLoadStrategy: normal, platformName: windows, proxy: Proxy(), se:cdp: ws://localhost:63443/devtoo..., se:cdpVersion: 142.0.3595.53, setWindowRect: true, strictFileInteractability: false, timeouts: {implicit: 0, pageLoad: 300000, script: 30000}, unhandledPromptBehavior: dismiss and notify, webauthn:extension:credBlob: true, webauthn:extension:largeBlob: true, webauthn:extension:minPinLength: true, webauthn:extension:prf: true, webauthn:virtualAuthenticators: true}
Session ID: 1851f83b2de1a17a117d4814889bf1dd
	at PaymentTestCases.TC11_AmendingDocumentaryCredit.runTest(TC11_AmendingDocumentaryCredit.java:81)
	at java.base/java.util.ArrayList.forEach(ArrayList.java:1511)
... Removed 32 stack frames</div></td></tr></table><p class="totop"><a href="#summary">back to summary</a></p>
</body>
</html>
