<?xml version="1.0" encoding="UTF-8"?>
<!-- Generated by org.testng.reporters.JUnitXMLReporter -->
<testsuite ignored="0" hostname="christina" failures="0" tests="2" name="UnScheduledPaymentStepsExecution" time="112.893" errors="0" timestamp="2025-10-09T14:37:50 IST">
  <testcase classname="NegativeTestCase.Unscheduledpaymentofmigratedaccounts" name="CreateLoan" time="33.96"/>
  <testcase classname="NegativeTestCase.Verifyunscheduledpaymentofmigratedaccounts" name="CreateLoan" time="29.855"/>
</testsuite> <!-- UnScheduledPaymentStepsExecution -->
