<?xml version="1.0" encoding="UTF-8"?>
<!-- Generated by org.testng.reporters.JUnitXMLReporter -->
<testsuite ignored="0" hostname="christina" failures="1" tests="1" name="TermDepositStepsExecution" time="107.352" errors="0" timestamp="2025-10-10T12:22:43 IST">
  <testcase classname="TermDeposit.CloseTermDeposit" name="colsingtdaccount" time="78.593">
    <failure type="java.lang.AssertionError" message="❌ Test Failed: Closed A/c. ID is empty! expected [false] but found [true]">
      <![CDATA[java.lang.AssertionError: ❌ Test Failed: Closed A/c. ID is empty! expected [false] but found [true]
at TermDeposit.CloseTermDeposit.colsingtdaccount(CloseTermDeposit.java:154)
at java.base/java.util.ArrayList.forEach(ArrayList.java:1511)
at TestCases.TC06_CloseTermDeposit.runTestSuiteInOrder(TC06_CloseTermDeposit.java:55)
at java.base/java.util.ArrayList.forEach(ArrayList.java:1511)
... Removed 58 stack frames]]>
    </failure>
  </testcase> <!-- colsingtdaccount -->
</testsuite> <!-- TermDepositStepsExecution -->
