============================================================
üìò Test Suite Started: AllCoreBankingTests at 07-10-2025 10:42:40
============================================================

‚ñ∂Ô∏è Starting Test: runTest
‚ùå FAILED: runTest | Duration: 66602 ms
   ‚Ü≥ Reason: java.lang.RuntimeException: TC01 failed: unexpected alert open: {Alert text : An error occurred while fetching favorite menus.}
  (Session info: MicrosoftEdge=141.0.3537.57): An error occurred while fetching favorite menus.
Build info: version: '4.29.0', revision: '5fc1ec94cb'
System info: os.name: 'Windows 11', os.arch: 'amd64', os.version: '10.0', java.version: '17.0.12'
Driver info: org.openqa.selenium.edge.EdgeDriver
Command: [67bf77ea6ed8e994a4dcf197ff6e40fc, findElement {value=menuSelect, using=id}]
Capabilities {acceptInsecureCerts: false, browserName: MicrosoftEdge, browserVersion: 141.0.3537.57, fedcm:accounts: true, ms:edgeOptions: {debuggerAddress: localhost:57912}, msedge: {msedgedriverVersion: 141.0.3537.57 (edf1b001e567..., userDataDir: C:\Users\priya\AppData\Loca...}, networkConnectionEnabled: false, pageLoadStrategy: normal, platformName: windows, proxy: Proxy(), se:cdp: ws://localhost:57912/devtoo..., se:cdpVersion: 141.0.3537.57, setWindowRect: true, strictFileInteractability: false, timeouts: {implicit: 0, pageLoad: 300000, script: 30000}, unhandledPromptBehavior: dismiss and notify, webauthn:extension:credBlob: true, webauthn:extension:largeBlob: true, webauthn:extension:minPinLength: true, webauthn:extension:prf: true, webauthn:virtualAuthenticators: true}
Session ID: 67bf77ea6ed8e994a4dcf197ff6e40fc

‚ñ∂Ô∏è Starting Test: runTest
‚ùå FAILED: runTest | Duration: 675 ms
   ‚Ü≥ Reason: java.lang.RuntimeException: ‚ùå Exception Occurred: unexpected alert open: {Alert text : An error occurred while fetching favorite menus.}
  (Session info: MicrosoftEdge=141.0.3537.57): An error occurred while fetching favorite menus.
Build info: version: '4.29.0', revision: '5fc1ec94cb'
System info: os.name: 'Windows 11', os.arch: 'amd64', os.version: '10.0', java.version: '17.0.12'
Driver info: org.openqa.selenium.edge.EdgeDriver
Command: [67bf77ea6ed8e994a4dcf197ff6e40fc, get {url=https://bbssl19.bbssl.com:33333/fininfra/ui/SSOLogin.jsp}]
Capabilities {acceptInsecureCerts: false, browserName: MicrosoftEdge, browserVersion: 141.0.3537.57, fedcm:accounts: true, ms:edgeOptions: {debuggerAddress: localhost:57912}, msedge: {msedgedriverVersion: 141.0.3537.57 (edf1b001e567..., userDataDir: C:\Users\priya\AppData\Loca...}, networkConnectionEnabled: false, pageLoadStrategy: normal, platformName: windows, proxy: Proxy(), se:cdp: ws://localhost:57912/devtoo..., se:cdpVersion: 141.0.3537.57, setWindowRect: true, strictFileInteractability: false, timeouts: {implicit: 0, pageLoad: 300000, script: 30000}, unhandledPromptBehavior: dismiss and notify, webauthn:extension:credBlob: true, webauthn:extension:largeBlob: true, webauthn:extension:minPinLength: true, webauthn:extension:prf: true, webauthn:virtualAuthenticators: true}
Session ID: 67bf77ea6ed8e994a4dcf197ff6e40fc

‚ñ∂Ô∏è Starting Test: runTest
‚ùå FAILED: runTest | Duration: 31772 ms
   ‚Ü≥ Reason: java.lang.RuntimeException: ‚ùå Exception Occurred: Expected condition failed: waiting for presence of element located by: By.id: menuSelect (tried for 10 second(s) with 500 milliseconds interval)

‚ñ∂Ô∏è Starting Test: runTest
‚ùå FAILED: runTest | Duration: 26265 ms
   ‚Ü≥ Reason: java.lang.AssertionError: ‚ùå Exception Occurred: Expected condition failed: waiting for presence of element located by: By.id: menuSelect (tried for 10 second(s) with 500 milliseconds interval)

‚ñ∂Ô∏è Starting Test: runTest
‚ùå FAILED: runTest | Duration: 63586 ms
   ‚Ü≥ Reason: java.lang.RuntimeException: ‚ùå Exception Occurred: Expected condition failed: waiting for presence of element located by: By.id: menuSelect (tried for 10 second(s) with 500 milliseconds interval)

‚ñ∂Ô∏è Starting Test: runTest
‚ùå FAILED: runTest | Duration: 781 ms
   ‚Ü≥ Reason: java.lang.IllegalArgumentException: Row 2 not found in sheet: TC06

‚ñ∂Ô∏è Starting Test: runTest
‚ùå FAILED: runTest | Duration: 47406 ms
   ‚Ü≥ Reason: org.openqa.selenium.UnhandledAlertException: unexpected alert open: {Alert text : Could not get a token for application.Fininfra}
  (Session info: MicrosoftEdge=141.0.3537.57): Could not get a token for application.Fininfra
Build info: version: '4.29.0', revision: '5fc1ec94cb'
System info: os.name: 'Windows 11', os.arch: 'amd64', os.version: '10.0', java.version: '17.0.12'
Driver info: org.openqa.selenium.edge.EdgeDriver
Command: [67bf77ea6ed8e994a4dcf197ff6e40fc, findElement {value=CoreServer, using=name}]
Capabilities {acceptInsecureCerts: false, browserName: MicrosoftEdge, browserVersion: 141.0.3537.57, fedcm:accounts: true, ms:edgeOptions: {debuggerAddress: localhost:57912}, msedge: {msedgedriverVersion: 141.0.3537.57 (edf1b001e567..., userDataDir: C:\Users\priya\AppData\Loca...}, networkConnectionEnabled: false, pageLoadStrategy: normal, platformName: windows, proxy: Proxy(), se:cdp: ws://localhost:57912/devtoo..., se:cdpVersion: 141.0.3537.57, setWindowRect: true, strictFileInteractability: false, timeouts: {implicit: 0, pageLoad: 300000, script: 30000}, unhandledPromptBehavior: dismiss and notify, webauthn:extension:credBlob: true, webauthn:extension:largeBlob: true, webauthn:extension:minPinLength: true, webauthn:extension:prf: true, webauthn:virtualAuthenticators: true}
Session ID: 67bf77ea6ed8e994a4dcf197ff6e40fc

‚ñ∂Ô∏è Starting Test: runTest
