<?xml version="1.0" encoding="UTF-8"?>
<!-- Generated by org.testng.reporters.JUnitXMLReporter -->
<testsuite ignored="0" hostname="christina" failures="0" tests="2" name="LoanAccountUsingColetralExecution" time="303.607" errors="0" timestamp="2025-10-10T10:35:59 IST">
  <testcase classname="NegativeTestCase.AddcollateralforLA" name="CreateLoan" time="125.844"/>
  <testcase classname="NegativeTestCase.VerifyLAColletralAccounts" name="VerifyLoanAccount" time="121.186"/>
</testsuite> <!-- LoanAccountUsingColetralExecution -->
