<?xml version="1.0" encoding="UTF-8"?>
<!-- Generated by org.testng.reporters.JUnitXMLReporter -->
<testsuite ignored="0" hostname="christina" failures="1" tests="6" name="Test" time="828.131" errors="0" timestamp="2025-10-31T12:32:25 IST">
  <testcase classname="TestCases.TC01_Payments_LodgeOutwardBill" name="runTest" time="111.291"/>
  <testcase classname="TestCases.TC05_Accept_The_Lodge" name="runTest" time="182.014"/>
  <testcase classname="TestCases.TC06_Export_Amend_Bill" name="runTest" time="59.022">
    <failure type="java.lang.AssertionError" message="❌ Assertion Failure: ❌ Exception during Submit or popup handling: Expected condition failed: waiting for visibility of element located by By.xpath: //label[@id=&amp;apos;compField&amp;apos;] (tried for 10 second(s) with 500 milliseconds interval)
Build info: version: &amp;apos;4.38.0&amp;apos;, revision: &amp;apos;6b412e825c*&amp;apos;
System info: os.name: &amp;apos;Windows 11&amp;apos;, os.arch: &amp;apos;amd64&amp;apos;, os.version: &amp;apos;10.0&amp;apos;, java.version: &amp;apos;17.0.12&amp;apos;
Driver info: org.openqa.selenium.edge.EdgeDriver
Capabilities {acceptInsecureCerts: true, browserName: MicrosoftEdge, browserVersion: 141.0.3537.99, fedcm:accounts: true, ms:edgeOptions: {debuggerAddress: localhost:56779}, msedge: {msedgedriverVersion: 141.0.3537.99 (1b2f83d6a142..., userDataDir: C:\Users\chris\AppData\Loca...}, networkConnectionEnabled: false, pageLoadStrategy: normal, platformName: windows, proxy: Proxy(), se:cdp: ws://localhost:56779/devtoo..., se:cdpVersion: 141.0.3537.99, setWindowRect: true, strictFileInteractability: false, timeouts: {implicit: 0, pageLoad: 300000, script: 30000}, unhandledPromptBehavior: dismiss and notify, webauthn:extension:credBlob: true, webauthn:extension:largeBlob: true, webauthn:extension:minPinLength: true, webauthn:extension:prf: true, webauthn:virtualAuthenticators: true}
Session ID: 90f550687a5173945d1910abd9b104ee">
      <![CDATA[java.lang.AssertionError: ❌ Assertion Failure: ❌ Exception during Submit or popup handling: Expected condition failed: waiting for visibility of element located by By.xpath: //label[@id='compField'] (tried for 10 second(s) with 500 milliseconds interval)
Build info: version: '4.38.0', revision: '6b412e825c*'
System info: os.name: 'Windows 11', os.arch: 'amd64', os.version: '10.0', java.version: '17.0.12'
Driver info: org.openqa.selenium.edge.EdgeDriver
Capabilities {acceptInsecureCerts: true, browserName: MicrosoftEdge, browserVersion: 141.0.3537.99, fedcm:accounts: true, ms:edgeOptions: {debuggerAddress: localhost:56779}, msedge: {msedgedriverVersion: 141.0.3537.99 (1b2f83d6a142..., userDataDir: C:\Users\chris\AppData\Loca...}, networkConnectionEnabled: false, pageLoadStrategy: normal, platformName: windows, proxy: Proxy(), se:cdp: ws://localhost:56779/devtoo..., se:cdpVersion: 141.0.3537.99, setWindowRect: true, strictFileInteractability: false, timeouts: {implicit: 0, pageLoad: 300000, script: 30000}, unhandledPromptBehavior: dismiss and notify, webauthn:extension:credBlob: true, webauthn:extension:largeBlob: true, webauthn:extension:minPinLength: true, webauthn:extension:prf: true, webauthn:virtualAuthenticators: true}
Session ID: 90f550687a5173945d1910abd9b104ee
at TestCases.TC06_Export_Amend_Bill.runTest(TC06_Export_Amend_Bill.java:91)
at java.base/java.util.ArrayList.forEach(ArrayList.java:1511)
... Removed 28 stack frames]]>
    </failure>
  </testcase> <!-- runTest -->
  <testcase classname="TestCases.TCO4_Outward_FreeDelivery" name="runTest" time="157.94"/>
  <testcase classname="TestCases.TC06_Close_Bill" name="runTest" time="156.938"/>
  <testcase classname="TestCases.TC03_Unclose_Bill" name="runTest" time="157.416"/>
</testsuite> <!-- Test -->
