<html>
<head>
<title>TestNG:  Default test</title>
<link href="../testng.css" rel="stylesheet" type="text/css" />
<link href="../my-testng.css" rel="stylesheet" type="text/css" />

<style type="text/css">
.log { display: none;} 
.stack-trace { display: none;} 
</style>
<script type="text/javascript">
<!--
function flip(e) {
  current = e.style.display;
  if (current == 'block') {
    e.style.display = 'none';
    return 0;
  }
  else {
    e.style.display = 'block';
    return 1;
  }
}

function toggleBox(szDivId, elem, msg1, msg2)
{
  var res = -1;  if (document.getElementById) {
    res = flip(document.getElementById(szDivId));
  }
  else if (document.all) {
    // this is the way old msie versions work
    res = flip(document.all[szDivId]);
  }
  if(elem) {
    if(res == 0) elem.innerHTML = msg1; else elem.innerHTML = msg2;
  }

}

function toggleAllBoxes() {
  if (document.getElementsByTagName) {
    d = document.getElementsByTagName('div');
    for (i = 0; i < d.length; i++) {
      if (d[i].className == 'log') {
        flip(d[i]);
      }
    }
  }
}

// -->
</script>

</head>
<body>
<h2 align='center'>Default test</h2><table border='1' align="center">
<tr>
<td>Tests passed/Failed/Skipped:</td><td>2/9/2</td>
</tr><tr>
<td>Started on:</td><td>Tue Oct 21 15:48:29 IST 2025</td>
</tr>
<tr><td>Total time:</td><td>74 seconds (74262 ms)</td>
</tr><tr>
<td>Included groups:</td><td></td>
</tr><tr>
<td>Excluded groups:</td><td></td>
</tr>
</table><p/>
<small><i>(Hover the method name to see the test class name)</i></small><p/>
<table width='100%' border='1' class='invocation-failed'>
<tr><td colspan='4' align='center'><b>FAILED CONFIGURATIONS</b></td></tr>
<tr><td><b>Test method</b></td>
<td><b>Attribute(s)</b></td>
<td width="30%"><b>Exception</b></td>
<td width="10%"><b>Time (seconds)</b></td>
<td><b>Instance</b></td>
</tr>
<tr>
<td title='Loan.LoanClose.setup()'><b>setup</b><br>Test class: Loan.LoanClose</td>
<td><div><pre>java.lang.NullPointerException: Cannot invoke &quot;org.openqa.selenium.WebDriver.get(String)&quot; because &quot;driver&quot; is null
	at Base.DriverManager.login(DriverManager.java:64)
	at Loan.LoanClose.setup(LoanClose.java:33)
	at java.base/java.util.ArrayList.forEach(ArrayList.java:1511)
... Removed 25 stack frames</pre></div><a href='#' onClick='toggleBox("stack-trace435167872", this, "Click to show all stack frames", "Click to hide stack frames")'>Click to show all stack frames</a>
<div class='stack-trace' id='stack-trace435167872'><pre>java.lang.NullPointerException: Cannot invoke &quot;org.openqa.selenium.WebDriver.get(String)&quot; because &quot;driver&quot; is null
	at Base.DriverManager.login(DriverManager.java:64)
	at Loan.LoanClose.setup(LoanClose.java:33)
	at java.base/jdk.internal.reflect.NativeMethodAccessorImpl.invoke0(Native Method)
	at java.base/jdk.internal.reflect.NativeMethodAccessorImpl.invoke(NativeMethodAccessorImpl.java:77)
	at java.base/jdk.internal.reflect.DelegatingMethodAccessorImpl.invoke(DelegatingMethodAccessorImpl.java:43)
	at java.base/java.lang.reflect.Method.invoke(Method.java:568)
	at org.testng.internal.invokers.MethodInvocationHelper.invokeMethod(MethodInvocationHelper.java:141)
	at org.testng.internal.invokers.MethodInvocationHelper.invokeMethodConsideringTimeout(MethodInvocationHelper.java:71)
	at org.testng.internal.invokers.ConfigInvoker.invokeConfigurationMethod(ConfigInvoker.java:400)
	at org.testng.internal.invokers.ConfigInvoker.invokeConfigurations(ConfigInvoker.java:333)
	at org.testng.internal.invokers.TestMethodWorker.invokeBeforeClassMethods(TestMethodWorker.java:188)
	at org.testng.internal.invokers.TestMethodWorker.run(TestMethodWorker.java:128)
	at java.base/java.util.ArrayList.forEach(ArrayList.java:1511)
	at org.testng.TestRunner.privateRun(TestRunner.java:741)
	at org.testng.TestRunner.run(TestRunner.java:616)
	at org.testng.SuiteRunner.runTest(SuiteRunner.java:421)
	at org.testng.SuiteRunner.runSequentially(SuiteRunner.java:413)
	at org.testng.SuiteRunner.privateRun(SuiteRunner.java:373)
	at org.testng.SuiteRunner.run(SuiteRunner.java:312)
	at org.testng.SuiteRunnerWorker.runSuite(SuiteRunnerWorker.java:52)
	at org.testng.SuiteRunnerWorker.run(SuiteRunnerWorker.java:95)
	at org.testng.TestNG.runSuitesSequentially(TestNG.java:1274)
	at org.testng.TestNG.runSuitesLocally(TestNG.java:1208)
	at org.testng.TestNG.runSuites(TestNG.java:1112)
	at org.testng.TestNG.run(TestNG.java:1079)
	at org.testng.remote.AbstractRemoteTestNG.run(AbstractRemoteTestNG.java:115)
	at org.testng.remote.RemoteTestNG.initAndRun(RemoteTestNG.java:293)
	at org.testng.remote.RemoteTestNG.main(RemoteTestNG.java:91)
</pre></div></td>
<td>0</td>
<td>Loan.LoanClose@1ae8bcbc</td></tr>
<tr>
<td title='Loan.LoanModifyAfterVerification.setup()'><b>setup</b><br>Test class: Loan.LoanModifyAfterVerification</td>
<td><div><pre>java.lang.NullPointerException: Cannot invoke &quot;org.openqa.selenium.WebDriver.get(String)&quot; because &quot;driver&quot; is null
	at Base.DriverManager.login(DriverManager.java:64)
	at Loan.LoanModifyAfterVerification.setup(LoanModifyAfterVerification.java:34)
	at java.base/java.util.ArrayList.forEach(ArrayList.java:1511)
... Removed 25 stack frames</pre></div><a href='#' onClick='toggleBox("stack-trace894746048", this, "Click to show all stack frames", "Click to hide stack frames")'>Click to show all stack frames</a>
<div class='stack-trace' id='stack-trace894746048'><pre>java.lang.NullPointerException: Cannot invoke &quot;org.openqa.selenium.WebDriver.get(String)&quot; because &quot;driver&quot; is null
	at Base.DriverManager.login(DriverManager.java:64)
	at Loan.LoanModifyAfterVerification.setup(LoanModifyAfterVerification.java:34)
	at java.base/jdk.internal.reflect.NativeMethodAccessorImpl.invoke0(Native Method)
	at java.base/jdk.internal.reflect.NativeMethodAccessorImpl.invoke(NativeMethodAccessorImpl.java:77)
	at java.base/jdk.internal.reflect.DelegatingMethodAccessorImpl.invoke(DelegatingMethodAccessorImpl.java:43)
	at java.base/java.lang.reflect.Method.invoke(Method.java:568)
	at org.testng.internal.invokers.MethodInvocationHelper.invokeMethod(MethodInvocationHelper.java:141)
	at org.testng.internal.invokers.MethodInvocationHelper.invokeMethodConsideringTimeout(MethodInvocationHelper.java:71)
	at org.testng.internal.invokers.ConfigInvoker.invokeConfigurationMethod(ConfigInvoker.java:400)
	at org.testng.internal.invokers.ConfigInvoker.invokeConfigurations(ConfigInvoker.java:333)
	at org.testng.internal.invokers.TestMethodWorker.invokeBeforeClassMethods(TestMethodWorker.java:188)
	at org.testng.internal.invokers.TestMethodWorker.run(TestMethodWorker.java:128)
	at java.base/java.util.ArrayList.forEach(ArrayList.java:1511)
	at org.testng.TestRunner.privateRun(TestRunner.java:741)
	at org.testng.TestRunner.run(TestRunner.java:616)
	at org.testng.SuiteRunner.runTest(SuiteRunner.java:421)
	at org.testng.SuiteRunner.runSequentially(SuiteRunner.java:413)
	at org.testng.SuiteRunner.privateRun(SuiteRunner.java:373)
	at org.testng.SuiteRunner.run(SuiteRunner.java:312)
	at org.testng.SuiteRunnerWorker.runSuite(SuiteRunnerWorker.java:52)
	at org.testng.SuiteRunnerWorker.run(SuiteRunnerWorker.java:95)
	at org.testng.TestNG.runSuitesSequentially(TestNG.java:1274)
	at org.testng.TestNG.runSuitesLocally(TestNG.java:1208)
	at org.testng.TestNG.runSuites(TestNG.java:1112)
	at org.testng.TestNG.run(TestNG.java:1079)
	at org.testng.remote.AbstractRemoteTestNG.run(AbstractRemoteTestNG.java:115)
	at org.testng.remote.RemoteTestNG.initAndRun(RemoteTestNG.java:293)
	at org.testng.remote.RemoteTestNG.main(RemoteTestNG.java:91)
</pre></div></td>
<td>0</td>
<td>Loan.LoanModifyAfterVerification@7d3d101b</td></tr>
<tr>
<td title='CASA.CreateSavingsAccount.setup()'><b>setup</b><br>Test class: CASA.CreateSavingsAccount</td>
<td><div><pre>java.lang.NullPointerException: Cannot invoke &quot;org.openqa.selenium.WebDriver.get(String)&quot; because &quot;driver&quot; is null
	at Base.DriverManager.login(DriverManager.java:64)
	at CASA.CreateSavingsAccount.setup(CreateSavingsAccount.java:43)
	at java.base/java.util.ArrayList.forEach(ArrayList.java:1511)
... Removed 25 stack frames</pre></div><a href='#' onClick='toggleBox("stack-trace1482986993", this, "Click to show all stack frames", "Click to hide stack frames")'>Click to show all stack frames</a>
<div class='stack-trace' id='stack-trace1482986993'><pre>java.lang.NullPointerException: Cannot invoke &quot;org.openqa.selenium.WebDriver.get(String)&quot; because &quot;driver&quot; is null
	at Base.DriverManager.login(DriverManager.java:64)
	at CASA.CreateSavingsAccount.setup(CreateSavingsAccount.java:43)
	at java.base/jdk.internal.reflect.NativeMethodAccessorImpl.invoke0(Native Method)
	at java.base/jdk.internal.reflect.NativeMethodAccessorImpl.invoke(NativeMethodAccessorImpl.java:77)
	at java.base/jdk.internal.reflect.DelegatingMethodAccessorImpl.invoke(DelegatingMethodAccessorImpl.java:43)
	at java.base/java.lang.reflect.Method.invoke(Method.java:568)
	at org.testng.internal.invokers.MethodInvocationHelper.invokeMethod(MethodInvocationHelper.java:141)
	at org.testng.internal.invokers.MethodInvocationHelper.invokeMethodConsideringTimeout(MethodInvocationHelper.java:71)
	at org.testng.internal.invokers.ConfigInvoker.invokeConfigurationMethod(ConfigInvoker.java:400)
	at org.testng.internal.invokers.ConfigInvoker.invokeConfigurations(ConfigInvoker.java:333)
	at org.testng.internal.invokers.TestMethodWorker.invokeBeforeClassMethods(TestMethodWorker.java:188)
	at org.testng.internal.invokers.TestMethodWorker.run(TestMethodWorker.java:128)
	at java.base/java.util.ArrayList.forEach(ArrayList.java:1511)
	at org.testng.TestRunner.privateRun(TestRunner.java:741)
	at org.testng.TestRunner.run(TestRunner.java:616)
	at org.testng.SuiteRunner.runTest(SuiteRunner.java:421)
	at org.testng.SuiteRunner.runSequentially(SuiteRunner.java:413)
	at org.testng.SuiteRunner.privateRun(SuiteRunner.java:373)
	at org.testng.SuiteRunner.run(SuiteRunner.java:312)
	at org.testng.SuiteRunnerWorker.runSuite(SuiteRunnerWorker.java:52)
	at org.testng.SuiteRunnerWorker.run(SuiteRunnerWorker.java:95)
	at org.testng.TestNG.runSuitesSequentially(TestNG.java:1274)
	at org.testng.TestNG.runSuitesLocally(TestNG.java:1208)
	at org.testng.TestNG.runSuites(TestNG.java:1112)
	at org.testng.TestNG.run(TestNG.java:1079)
	at org.testng.remote.AbstractRemoteTestNG.run(AbstractRemoteTestNG.java:115)
	at org.testng.remote.RemoteTestNG.initAndRun(RemoteTestNG.java:293)
	at org.testng.remote.RemoteTestNG.main(RemoteTestNG.java:91)
</pre></div></td>
<td>0</td>
<td>CASA.CreateSavingsAccount@2b175c00</td></tr>
<tr>
<td title='Loan.LoanDisbustment.setup()'><b>setup</b><br>Test class: Loan.LoanDisbustment</td>
<td><div><pre>java.lang.NullPointerException: Cannot invoke &quot;org.openqa.selenium.WebDriver.get(String)&quot; because &quot;driver&quot; is null
	at Base.DriverManager.login(DriverManager.java:64)
	at Loan.LoanDisbustment.setup(LoanDisbustment.java:34)
	at java.base/java.util.ArrayList.forEach(ArrayList.java:1511)
... Removed 25 stack frames</pre></div><a href='#' onClick='toggleBox("stack-trace1201991394", this, "Click to show all stack frames", "Click to hide stack frames")'>Click to show all stack frames</a>
<div class='stack-trace' id='stack-trace1201991394'><pre>java.lang.NullPointerException: Cannot invoke &quot;org.openqa.selenium.WebDriver.get(String)&quot; because &quot;driver&quot; is null
	at Base.DriverManager.login(DriverManager.java:64)
	at Loan.LoanDisbustment.setup(LoanDisbustment.java:34)
	at java.base/jdk.internal.reflect.NativeMethodAccessorImpl.invoke0(Native Method)
	at java.base/jdk.internal.reflect.NativeMethodAccessorImpl.invoke(NativeMethodAccessorImpl.java:77)
	at java.base/jdk.internal.reflect.DelegatingMethodAccessorImpl.invoke(DelegatingMethodAccessorImpl.java:43)
	at java.base/java.lang.reflect.Method.invoke(Method.java:568)
	at org.testng.internal.invokers.MethodInvocationHelper.invokeMethod(MethodInvocationHelper.java:141)
	at org.testng.internal.invokers.MethodInvocationHelper.invokeMethodConsideringTimeout(MethodInvocationHelper.java:71)
	at org.testng.internal.invokers.ConfigInvoker.invokeConfigurationMethod(ConfigInvoker.java:400)
	at org.testng.internal.invokers.ConfigInvoker.invokeConfigurations(ConfigInvoker.java:333)
	at org.testng.internal.invokers.TestMethodWorker.invokeBeforeClassMethods(TestMethodWorker.java:188)
	at org.testng.internal.invokers.TestMethodWorker.run(TestMethodWorker.java:128)
	at java.base/java.util.ArrayList.forEach(ArrayList.java:1511)
	at org.testng.TestRunner.privateRun(TestRunner.java:741)
	at org.testng.TestRunner.run(TestRunner.java:616)
	at org.testng.SuiteRunner.runTest(SuiteRunner.java:421)
	at org.testng.SuiteRunner.runSequentially(SuiteRunner.java:413)
	at org.testng.SuiteRunner.privateRun(SuiteRunner.java:373)
	at org.testng.SuiteRunner.run(SuiteRunner.java:312)
	at org.testng.SuiteRunnerWorker.runSuite(SuiteRunnerWorker.java:52)
	at org.testng.SuiteRunnerWorker.run(SuiteRunnerWorker.java:95)
	at org.testng.TestNG.runSuitesSequentially(TestNG.java:1274)
	at org.testng.TestNG.runSuitesLocally(TestNG.java:1208)
	at org.testng.TestNG.runSuites(TestNG.java:1112)
	at org.testng.TestNG.run(TestNG.java:1079)
	at org.testng.remote.AbstractRemoteTestNG.run(AbstractRemoteTestNG.java:115)
	at org.testng.remote.RemoteTestNG.initAndRun(RemoteTestNG.java:293)
	at org.testng.remote.RemoteTestNG.main(RemoteTestNG.java:91)
</pre></div></td>
<td>0</td>
<td>Loan.LoanDisbustment@3eb81efb</td></tr>
<tr>
<td title='Loan.LoanAccountOpening.setup()'><b>setup</b><br>Test class: Loan.LoanAccountOpening</td>
<td><div><pre>java.lang.NullPointerException: Cannot invoke &quot;org.openqa.selenium.WebDriver.get(String)&quot; because &quot;driver&quot; is null
	at Base.DriverManager.login(DriverManager.java:64)
	at Loan.LoanAccountOpening.setup(LoanAccountOpening.java:41)
	at java.base/java.util.ArrayList.forEach(ArrayList.java:1511)
... Removed 25 stack frames</pre></div><a href='#' onClick='toggleBox("stack-trace1592618491", this, "Click to show all stack frames", "Click to hide stack frames")'>Click to show all stack frames</a>
<div class='stack-trace' id='stack-trace1592618491'><pre>java.lang.NullPointerException: Cannot invoke &quot;org.openqa.selenium.WebDriver.get(String)&quot; because &quot;driver&quot; is null
	at Base.DriverManager.login(DriverManager.java:64)
	at Loan.LoanAccountOpening.setup(LoanAccountOpening.java:41)
	at java.base/jdk.internal.reflect.NativeMethodAccessorImpl.invoke0(Native Method)
	at java.base/jdk.internal.reflect.NativeMethodAccessorImpl.invoke(NativeMethodAccessorImpl.java:77)
	at java.base/jdk.internal.reflect.DelegatingMethodAccessorImpl.invoke(DelegatingMethodAccessorImpl.java:43)
	at java.base/java.lang.reflect.Method.invoke(Method.java:568)
	at org.testng.internal.invokers.MethodInvocationHelper.invokeMethod(MethodInvocationHelper.java:141)
	at org.testng.internal.invokers.MethodInvocationHelper.invokeMethodConsideringTimeout(MethodInvocationHelper.java:71)
	at org.testng.internal.invokers.ConfigInvoker.invokeConfigurationMethod(ConfigInvoker.java:400)
	at org.testng.internal.invokers.ConfigInvoker.invokeConfigurations(ConfigInvoker.java:333)
	at org.testng.internal.invokers.TestMethodWorker.invokeBeforeClassMethods(TestMethodWorker.java:188)
	at org.testng.internal.invokers.TestMethodWorker.run(TestMethodWorker.java:128)
	at java.base/java.util.ArrayList.forEach(ArrayList.java:1511)
	at org.testng.TestRunner.privateRun(TestRunner.java:741)
	at org.testng.TestRunner.run(TestRunner.java:616)
	at org.testng.SuiteRunner.runTest(SuiteRunner.java:421)
	at org.testng.SuiteRunner.runSequentially(SuiteRunner.java:413)
	at org.testng.SuiteRunner.privateRun(SuiteRunner.java:373)
	at org.testng.SuiteRunner.run(SuiteRunner.java:312)
	at org.testng.SuiteRunnerWorker.runSuite(SuiteRunnerWorker.java:52)
	at org.testng.SuiteRunnerWorker.run(SuiteRunnerWorker.java:95)
	at org.testng.TestNG.runSuitesSequentially(TestNG.java:1274)
	at org.testng.TestNG.runSuitesLocally(TestNG.java:1208)
	at org.testng.TestNG.runSuites(TestNG.java:1112)
	at org.testng.TestNG.run(TestNG.java:1079)
	at org.testng.remote.AbstractRemoteTestNG.run(AbstractRemoteTestNG.java:115)
	at org.testng.remote.RemoteTestNG.initAndRun(RemoteTestNG.java:293)
	at org.testng.remote.RemoteTestNG.main(RemoteTestNG.java:91)
</pre></div></td>
<td>0</td>
<td>Loan.LoanAccountOpening@30c8681</td></tr>
<tr>
<td title='CASA.Cashdeposit.setup()'><b>setup</b><br>Test class: CASA.Cashdeposit</td>
<td><div><pre>java.lang.NullPointerException: Cannot invoke &quot;org.openqa.selenium.WebDriver.get(String)&quot; because &quot;driver&quot; is null
	at Base.DriverManager.login(DriverManager.java:64)
	at CASA.Cashdeposit.setup(Cashdeposit.java:35)
	at java.base/java.util.ArrayList.forEach(ArrayList.java:1511)
... Removed 25 stack frames</pre></div><a href='#' onClick='toggleBox("stack-trace695131253", this, "Click to show all stack frames", "Click to hide stack frames")'>Click to show all stack frames</a>
<div class='stack-trace' id='stack-trace695131253'><pre>java.lang.NullPointerException: Cannot invoke &quot;org.openqa.selenium.WebDriver.get(String)&quot; because &quot;driver&quot; is null
	at Base.DriverManager.login(DriverManager.java:64)
	at CASA.Cashdeposit.setup(Cashdeposit.java:35)
	at java.base/jdk.internal.reflect.NativeMethodAccessorImpl.invoke0(Native Method)
	at java.base/jdk.internal.reflect.NativeMethodAccessorImpl.invoke(NativeMethodAccessorImpl.java:77)
	at java.base/jdk.internal.reflect.DelegatingMethodAccessorImpl.invoke(DelegatingMethodAccessorImpl.java:43)
	at java.base/java.lang.reflect.Method.invoke(Method.java:568)
	at org.testng.internal.invokers.MethodInvocationHelper.invokeMethod(MethodInvocationHelper.java:141)
	at org.testng.internal.invokers.MethodInvocationHelper.invokeMethodConsideringTimeout(MethodInvocationHelper.java:71)
	at org.testng.internal.invokers.ConfigInvoker.invokeConfigurationMethod(ConfigInvoker.java:400)
	at org.testng.internal.invokers.ConfigInvoker.invokeConfigurations(ConfigInvoker.java:333)
	at org.testng.internal.invokers.TestMethodWorker.invokeBeforeClassMethods(TestMethodWorker.java:188)
	at org.testng.internal.invokers.TestMethodWorker.run(TestMethodWorker.java:128)
	at java.base/java.util.ArrayList.forEach(ArrayList.java:1511)
	at org.testng.TestRunner.privateRun(TestRunner.java:741)
	at org.testng.TestRunner.run(TestRunner.java:616)
	at org.testng.SuiteRunner.runTest(SuiteRunner.java:421)
	at org.testng.SuiteRunner.runSequentially(SuiteRunner.java:413)
	at org.testng.SuiteRunner.privateRun(SuiteRunner.java:373)
	at org.testng.SuiteRunner.run(SuiteRunner.java:312)
	at org.testng.SuiteRunnerWorker.runSuite(SuiteRunnerWorker.java:52)
	at org.testng.SuiteRunnerWorker.run(SuiteRunnerWorker.java:95)
	at org.testng.TestNG.runSuitesSequentially(TestNG.java:1274)
	at org.testng.TestNG.runSuitesLocally(TestNG.java:1208)
	at org.testng.TestNG.runSuites(TestNG.java:1112)
	at org.testng.TestNG.run(TestNG.java:1079)
	at org.testng.remote.AbstractRemoteTestNG.run(AbstractRemoteTestNG.java:115)
	at org.testng.remote.RemoteTestNG.initAndRun(RemoteTestNG.java:293)
	at org.testng.remote.RemoteTestNG.main(RemoteTestNG.java:91)
</pre></div></td>
<td>0</td>
<td>CASA.Cashdeposit@6cdba6dc</td></tr>
<tr>
<td title='Loan.DemandGeneration.setup()'><b>setup</b><br>Test class: Loan.DemandGeneration</td>
<td><div><pre>java.lang.NullPointerException: Cannot invoke &quot;org.openqa.selenium.WebDriver.get(String)&quot; because &quot;driver&quot; is null
	at Base.DriverManager.login(DriverManager.java:64)
	at Loan.DemandGeneration.setup(DemandGeneration.java:35)
	at java.base/java.util.ArrayList.forEach(ArrayList.java:1511)
... Removed 25 stack frames</pre></div><a href='#' onClick='toggleBox("stack-trace1010040056", this, "Click to show all stack frames", "Click to hide stack frames")'>Click to show all stack frames</a>
<div class='stack-trace' id='stack-trace1010040056'><pre>java.lang.NullPointerException: Cannot invoke &quot;org.openqa.selenium.WebDriver.get(String)&quot; because &quot;driver&quot; is null
	at Base.DriverManager.login(DriverManager.java:64)
	at Loan.DemandGeneration.setup(DemandGeneration.java:35)
	at java.base/jdk.internal.reflect.NativeMethodAccessorImpl.invoke0(Native Method)
	at java.base/jdk.internal.reflect.NativeMethodAccessorImpl.invoke(NativeMethodAccessorImpl.java:77)
	at java.base/jdk.internal.reflect.DelegatingMethodAccessorImpl.invoke(DelegatingMethodAccessorImpl.java:43)
	at java.base/java.lang.reflect.Method.invoke(Method.java:568)
	at org.testng.internal.invokers.MethodInvocationHelper.invokeMethod(MethodInvocationHelper.java:141)
	at org.testng.internal.invokers.MethodInvocationHelper.invokeMethodConsideringTimeout(MethodInvocationHelper.java:71)
	at org.testng.internal.invokers.ConfigInvoker.invokeConfigurationMethod(ConfigInvoker.java:400)
	at org.testng.internal.invokers.ConfigInvoker.invokeConfigurations(ConfigInvoker.java:333)
	at org.testng.internal.invokers.TestMethodWorker.invokeBeforeClassMethods(TestMethodWorker.java:188)
	at org.testng.internal.invokers.TestMethodWorker.run(TestMethodWorker.java:128)
	at java.base/java.util.ArrayList.forEach(ArrayList.java:1511)
	at org.testng.TestRunner.privateRun(TestRunner.java:741)
	at org.testng.TestRunner.run(TestRunner.java:616)
	at org.testng.SuiteRunner.runTest(SuiteRunner.java:421)
	at org.testng.SuiteRunner.runSequentially(SuiteRunner.java:413)
	at org.testng.SuiteRunner.privateRun(SuiteRunner.java:373)
	at org.testng.SuiteRunner.run(SuiteRunner.java:312)
	at org.testng.SuiteRunnerWorker.runSuite(SuiteRunnerWorker.java:52)
	at org.testng.SuiteRunnerWorker.run(SuiteRunnerWorker.java:95)
	at org.testng.TestNG.runSuitesSequentially(TestNG.java:1274)
	at org.testng.TestNG.runSuitesLocally(TestNG.java:1208)
	at org.testng.TestNG.runSuites(TestNG.java:1112)
	at org.testng.TestNG.run(TestNG.java:1079)
	at org.testng.remote.AbstractRemoteTestNG.run(AbstractRemoteTestNG.java:115)
	at org.testng.remote.RemoteTestNG.initAndRun(RemoteTestNG.java:293)
	at org.testng.remote.RemoteTestNG.main(RemoteTestNG.java:91)
</pre></div></td>
<td>0</td>
<td>Loan.DemandGeneration@78aa1f72</td></tr>
<tr>
<td title='CASA.VerificationOfSavingsAccount.setup()'><b>setup</b><br>Test class: CASA.VerificationOfSavingsAccount</td>
<td><div><pre>java.lang.NullPointerException: Cannot invoke &quot;org.openqa.selenium.WebDriver.get(String)&quot; because &quot;driver&quot; is null
	at Base.DriverManager.login(DriverManager.java:64)
	at CASA.VerificationOfSavingsAccount.setup(VerificationOfSavingsAccount.java:43)
	at java.base/java.util.ArrayList.forEach(ArrayList.java:1511)
... Removed 25 stack frames</pre></div><a href='#' onClick='toggleBox("stack-trace567921924", this, "Click to show all stack frames", "Click to hide stack frames")'>Click to show all stack frames</a>
<div class='stack-trace' id='stack-trace567921924'><pre>java.lang.NullPointerException: Cannot invoke &quot;org.openqa.selenium.WebDriver.get(String)&quot; because &quot;driver&quot; is null
	at Base.DriverManager.login(DriverManager.java:64)
	at CASA.VerificationOfSavingsAccount.setup(VerificationOfSavingsAccount.java:43)
	at java.base/jdk.internal.reflect.NativeMethodAccessorImpl.invoke0(Native Method)
	at java.base/jdk.internal.reflect.NativeMethodAccessorImpl.invoke(NativeMethodAccessorImpl.java:77)
	at java.base/jdk.internal.reflect.DelegatingMethodAccessorImpl.invoke(DelegatingMethodAccessorImpl.java:43)
	at java.base/java.lang.reflect.Method.invoke(Method.java:568)
	at org.testng.internal.invokers.MethodInvocationHelper.invokeMethod(MethodInvocationHelper.java:141)
	at org.testng.internal.invokers.MethodInvocationHelper.invokeMethodConsideringTimeout(MethodInvocationHelper.java:71)
	at org.testng.internal.invokers.ConfigInvoker.invokeConfigurationMethod(ConfigInvoker.java:400)
	at org.testng.internal.invokers.ConfigInvoker.invokeConfigurations(ConfigInvoker.java:333)
	at org.testng.internal.invokers.TestMethodWorker.invokeBeforeClassMethods(TestMethodWorker.java:188)
	at org.testng.internal.invokers.TestMethodWorker.run(TestMethodWorker.java:128)
	at java.base/java.util.ArrayList.forEach(ArrayList.java:1511)
	at org.testng.TestRunner.privateRun(TestRunner.java:741)
	at org.testng.TestRunner.run(TestRunner.java:616)
	at org.testng.SuiteRunner.runTest(SuiteRunner.java:421)
	at org.testng.SuiteRunner.runSequentially(SuiteRunner.java:413)
	at org.testng.SuiteRunner.privateRun(SuiteRunner.java:373)
	at org.testng.SuiteRunner.run(SuiteRunner.java:312)
	at org.testng.SuiteRunnerWorker.runSuite(SuiteRunnerWorker.java:52)
	at org.testng.SuiteRunnerWorker.run(SuiteRunnerWorker.java:95)
	at org.testng.TestNG.runSuitesSequentially(TestNG.java:1274)
	at org.testng.TestNG.runSuitesLocally(TestNG.java:1208)
	at org.testng.TestNG.runSuites(TestNG.java:1112)
	at org.testng.TestNG.run(TestNG.java:1079)
	at org.testng.remote.AbstractRemoteTestNG.run(AbstractRemoteTestNG.java:115)
	at org.testng.remote.RemoteTestNG.initAndRun(RemoteTestNG.java:293)
	at org.testng.remote.RemoteTestNG.main(RemoteTestNG.java:91)
</pre></div></td>
<td>0</td>
<td>CASA.VerificationOfSavingsAccount@16b2bb0c</td></tr>
<tr>
<td title='Loan.Loanverification.setup()'><b>setup</b><br>Test class: Loan.Loanverification</td>
<td><div><pre>java.lang.NullPointerException: Cannot invoke &quot;org.openqa.selenium.WebDriver.get(String)&quot; because &quot;driver&quot; is null
	at Base.DriverManager.login(DriverManager.java:64)
	at Loan.Loanverification.setup(Loanverification.java:41)
	at java.base/java.util.ArrayList.forEach(ArrayList.java:1511)
... Removed 25 stack frames</pre></div><a href='#' onClick='toggleBox("stack-trace1243470467", this, "Click to show all stack frames", "Click to hide stack frames")'>Click to show all stack frames</a>
<div class='stack-trace' id='stack-trace1243470467'><pre>java.lang.NullPointerException: Cannot invoke &quot;org.openqa.selenium.WebDriver.get(String)&quot; because &quot;driver&quot; is null
	at Base.DriverManager.login(DriverManager.java:64)
	at Loan.Loanverification.setup(Loanverification.java:41)
	at java.base/jdk.internal.reflect.NativeMethodAccessorImpl.invoke0(Native Method)
	at java.base/jdk.internal.reflect.NativeMethodAccessorImpl.invoke(NativeMethodAccessorImpl.java:77)
	at java.base/jdk.internal.reflect.DelegatingMethodAccessorImpl.invoke(DelegatingMethodAccessorImpl.java:43)
	at java.base/java.lang.reflect.Method.invoke(Method.java:568)
	at org.testng.internal.invokers.MethodInvocationHelper.invokeMethod(MethodInvocationHelper.java:141)
	at org.testng.internal.invokers.MethodInvocationHelper.invokeMethodConsideringTimeout(MethodInvocationHelper.java:71)
	at org.testng.internal.invokers.ConfigInvoker.invokeConfigurationMethod(ConfigInvoker.java:400)
	at org.testng.internal.invokers.ConfigInvoker.invokeConfigurations(ConfigInvoker.java:333)
	at org.testng.internal.invokers.TestMethodWorker.invokeBeforeClassMethods(TestMethodWorker.java:188)
	at org.testng.internal.invokers.TestMethodWorker.run(TestMethodWorker.java:128)
	at java.base/java.util.ArrayList.forEach(ArrayList.java:1511)
	at org.testng.TestRunner.privateRun(TestRunner.java:741)
	at org.testng.TestRunner.run(TestRunner.java:616)
	at org.testng.SuiteRunner.runTest(SuiteRunner.java:421)
	at org.testng.SuiteRunner.runSequentially(SuiteRunner.java:413)
	at org.testng.SuiteRunner.privateRun(SuiteRunner.java:373)
	at org.testng.SuiteRunner.run(SuiteRunner.java:312)
	at org.testng.SuiteRunnerWorker.runSuite(SuiteRunnerWorker.java:52)
	at org.testng.SuiteRunnerWorker.run(SuiteRunnerWorker.java:95)
	at org.testng.TestNG.runSuitesSequentially(TestNG.java:1274)
	at org.testng.TestNG.runSuitesLocally(TestNG.java:1208)
	at org.testng.TestNG.runSuites(TestNG.java:1112)
	at org.testng.TestNG.run(TestNG.java:1079)
	at org.testng.remote.AbstractRemoteTestNG.run(AbstractRemoteTestNG.java:115)
	at org.testng.remote.RemoteTestNG.initAndRun(RemoteTestNG.java:293)
	at org.testng.remote.RemoteTestNG.main(RemoteTestNG.java:91)
</pre></div></td>
<td>0</td>
<td>Loan.Loanverification@6d026701</td></tr>
</table><p>
<table width='100%' border='1' class='invocation-skipped'>
<tr><td colspan='4' align='center'><b>SKIPPED CONFIGURATIONS</b></td></tr>
<tr><td><b>Test method</b></td>
<td><b>Attribute(s)</b></td>
<td width="30%"><b>Exception</b></td>
<td width="10%"><b>Time (seconds)</b></td>
<td><b>Instance</b></td>
</tr>
<tr>
<td title='Loan.LoanAccountOpening.setUp()'><b>setUp</b><br>Test class: Loan.LoanAccountOpening</td>
<td></td>
<td>0</td>
<td>Loan.LoanAccountOpening@30c8681</td></tr>
<tr>
<td title='CASA.CreateSavingsAccount.tearDown()'><b>tearDown</b><br>Test class: CASA.CreateSavingsAccount</td>
<td></td>
<td>0</td>
<td>CASA.CreateSavingsAccount@2b175c00</td></tr>
<tr>
<td title='CASA.CreateSavingsAccount.setUp()'><b>setUp</b><br>Test class: CASA.CreateSavingsAccount</td>
<td></td>
<td>0</td>
<td>CASA.CreateSavingsAccount@2b175c00</td></tr>
<tr>
<td title='Loan.LoanAccountOpening.tearDown()'><b>tearDown</b><br>Test class: Loan.LoanAccountOpening</td>
<td></td>
<td>0</td>
<td>Loan.LoanAccountOpening@30c8681</td></tr>
<tr>
<td title='Loan.DemandGeneration.tearDown()'><b>tearDown</b><br>Test class: Loan.DemandGeneration</td>
<td></td>
<td>0</td>
<td>Loan.DemandGeneration@78aa1f72</td></tr>
</table><p>
<table width='100%' border='1' class='invocation-failed'>
<tr><td colspan='4' align='center'><b>FAILED TESTS</b></td></tr>
<tr><td><b>Test method</b></td>
<td><b>Attribute(s)</b></td>
<td width="30%"><b>Exception</b></td>
<td width="10%"><b>Time (seconds)</b></td>
<td><b>Instance</b></td>
</tr>
<tr>
<td title='Loan.LoanClose.close()'><b>close</b><br>Test class: Loan.LoanClose</td>
<td><div><pre>org.testng.internal.reflect.MethodMatcherException: 
[public void Loan.LoanClose.close(Utilities.RowData,Utilities.RowData)] has no parameters defined but was found to be using a data provider (either explicitly specified or inherited from class level annotation).
Data provider mismatch
Method: close([Utilities.RowData arg0, Utilities.RowData arg1])
Arguments: [(Utilities.RowData) RowData{headerMap={MONTH=12.0, intRestBasis=Select, docScanFlg=N - Scan not required, drawingPowerInd=E - Equal, testcasename=loan account create, operacct=003000500000131, occCode=004, pbPsFreqCalBase=G - Gregorian Calendar, pbPsFreqType=M - Monthly, cfid=R000002228, scheme code=4118.0, relnType=G - Guarantor, custTitle=MRS., relnCode=006, noOfInstlmnts=6.0, pbPsFlg=B - Both, expiryDate_ui=15-Mar-2026, pbPsFreqStartDD=30.0, pbPsFreqHldyStat=N - Next Day, OPTION=Select, docCode=ADHAR, menu=U - User-defined Repricing Plan, loanAmt=50000.0, custName=SARANYA S, Created_AccountID=0003LN511395, documentDate_ui=15-Mar-2023, loanPerdMths=12.0, modeAdv=DIRCT, CODE=002, custAddrLine1=567.0, subSectCode=70020.0, despatchMode=N - No Dispatch, sectCode=PRIOR}, indexList=[loan account create, HOAACLA, R000002228, 4118.0, B - Both, M - Monthly, 30.0, N - Next Day, G - Gregorian Calendar, N - No Dispatch, U - User-defined Repricing Plan, 50000.0, 12.0, 003000500000131, 12.0, Select, 15-Mar-2023, 15-Mar-2026, E - Equal, 6.0, Select, 002, 006, G - Guarantor, MRS., SARANYA S, 567.0, PRIOR, 70020.0, 004, DIRCT, ADHAR, N - Scan not required, 0003LN511395]}]
	at java.base/java.util.ArrayList.forEach(ArrayList.java:1511)
... Removed 22 stack frames</pre></div><a href='#' onClick='toggleBox("stack-trace1572423881", this, "Click to show all stack frames", "Click to hide stack frames")'>Click to show all stack frames</a>
<div class='stack-trace' id='stack-trace1572423881'><pre>org.testng.internal.reflect.MethodMatcherException: 
[public void Loan.LoanClose.close(Utilities.RowData,Utilities.RowData)] has no parameters defined but was found to be using a data provider (either explicitly specified or inherited from class level annotation).
Data provider mismatch
Method: close([Utilities.RowData arg0, Utilities.RowData arg1])
Arguments: [(Utilities.RowData) RowData{headerMap={MONTH=12.0, intRestBasis=Select, docScanFlg=N - Scan not required, drawingPowerInd=E - Equal, testcasename=loan account create, operacct=003000500000131, occCode=004, pbPsFreqCalBase=G - Gregorian Calendar, pbPsFreqType=M - Monthly, cfid=R000002228, scheme code=4118.0, relnType=G - Guarantor, custTitle=MRS., relnCode=006, noOfInstlmnts=6.0, pbPsFlg=B - Both, expiryDate_ui=15-Mar-2026, pbPsFreqStartDD=30.0, pbPsFreqHldyStat=N - Next Day, OPTION=Select, docCode=ADHAR, menu=U - User-defined Repricing Plan, loanAmt=50000.0, custName=SARANYA S, Created_AccountID=0003LN511395, documentDate_ui=15-Mar-2023, loanPerdMths=12.0, modeAdv=DIRCT, CODE=002, custAddrLine1=567.0, subSectCode=70020.0, despatchMode=N - No Dispatch, sectCode=PRIOR}, indexList=[loan account create, HOAACLA, R000002228, 4118.0, B - Both, M - Monthly, 30.0, N - Next Day, G - Gregorian Calendar, N - No Dispatch, U - User-defined Repricing Plan, 50000.0, 12.0, 003000500000131, 12.0, Select, 15-Mar-2023, 15-Mar-2026, E - Equal, 6.0, Select, 002, 006, G - Guarantor, MRS., SARANYA S, 567.0, PRIOR, 70020.0, 004, DIRCT, ADHAR, N - Scan not required, 0003LN511395]}]
	at org.testng.internal.reflect.DataProviderMethodMatcher.getConformingArguments(DataProviderMethodMatcher.java:46)
	at org.testng.internal.Parameters.injectParameters(Parameters.java:915)
	at org.testng.internal.invokers.MethodRunner.runInSequence(MethodRunner.java:50)
	at org.testng.internal.invokers.TestInvoker$MethodInvocationAgent.invoke(TestInvoker.java:995)
	at org.testng.internal.invokers.TestInvoker.invokeTestMethods(TestInvoker.java:203)
	at org.testng.internal.invokers.TestMethodWorker.invokeTestMethods(TestMethodWorker.java:154)
	at org.testng.internal.invokers.TestMethodWorker.run(TestMethodWorker.java:134)
	at java.base/java.util.ArrayList.forEach(ArrayList.java:1511)
	at org.testng.TestRunner.privateRun(TestRunner.java:741)
	at org.testng.TestRunner.run(TestRunner.java:616)
	at org.testng.SuiteRunner.runTest(SuiteRunner.java:421)
	at org.testng.SuiteRunner.runSequentially(SuiteRunner.java:413)
	at org.testng.SuiteRunner.privateRun(SuiteRunner.java:373)
	at org.testng.SuiteRunner.run(SuiteRunner.java:312)
	at org.testng.SuiteRunnerWorker.runSuite(SuiteRunnerWorker.java:52)
	at org.testng.SuiteRunnerWorker.run(SuiteRunnerWorker.java:95)
	at org.testng.TestNG.runSuitesSequentially(TestNG.java:1274)
	at org.testng.TestNG.runSuitesLocally(TestNG.java:1208)
	at org.testng.TestNG.runSuites(TestNG.java:1112)
	at org.testng.TestNG.run(TestNG.java:1079)
	at org.testng.remote.AbstractRemoteTestNG.run(AbstractRemoteTestNG.java:115)
	at org.testng.remote.RemoteTestNG.initAndRun(RemoteTestNG.java:293)
	at org.testng.remote.RemoteTestNG.main(RemoteTestNG.java:91)
</pre></div></td>
<td>0</td>
<td>Loan.LoanClose@1ae8bcbc</td></tr>
<tr>
<td title='Loan.LoanModifyAfterVerification.CreateLoan()'><b>CreateLoan</b><br>Test class: Loan.LoanModifyAfterVerification</td>
<td><div><pre>org.testng.internal.reflect.MethodMatcherException: 
[public static void Loan.LoanModifyAfterVerification.CreateLoan(Utilities.RowData,Utilities.RowData) throws java.lang.Exception] has no parameters defined but was found to be using a data provider (either explicitly specified or inherited from class level annotation).
Data provider mismatch
Method: CreateLoan([Utilities.RowData arg0, Utilities.RowData arg1])
Arguments: [(Utilities.RowData) RowData{headerMap={MONTH=12.0, intRestBasis=Select, docScanFlg=N - Scan not required, drawingPowerInd=E - Equal, testcasename=loan account create, operacct=003000500000131, occCode=004, pbPsFreqCalBase=G - Gregorian Calendar, pbPsFreqType=M - Monthly, cfid=R000002228, scheme code=4118.0, relnType=G - Guarantor, custTitle=MRS., relnCode=006, noOfInstlmnts=6.0, pbPsFlg=B - Both, expiryDate_ui=15-Mar-2026, pbPsFreqStartDD=30.0, pbPsFreqHldyStat=N - Next Day, OPTION=Select, docCode=ADHAR, menu=U - User-defined Repricing Plan, loanAmt=50000.0, custName=SARANYA S, Created_AccountID=0003LN511395, documentDate_ui=15-Mar-2023, loanPerdMths=12.0, modeAdv=DIRCT, CODE=002, custAddrLine1=567.0, subSectCode=70020.0, despatchMode=N - No Dispatch, sectCode=PRIOR}, indexList=[loan account create, HOAACLA, R000002228, 4118.0, B - Both, M - Monthly, 30.0, N - Next Day, G - Gregorian Calendar, N - No Dispatch, U - User-defined Repricing Plan, 50000.0, 12.0, 003000500000131, 12.0, Select, 15-Mar-2023, 15-Mar-2026, E - Equal, 6.0, Select, 002, 006, G - Guarantor, MRS., SARANYA S, 567.0, PRIOR, 70020.0, 004, DIRCT, ADHAR, N - Scan not required, 0003LN511395]}]
	at java.base/java.util.ArrayList.forEach(ArrayList.java:1511)
... Removed 22 stack frames</pre></div><a href='#' onClick='toggleBox("stack-trace1453632464", this, "Click to show all stack frames", "Click to hide stack frames")'>Click to show all stack frames</a>
<div class='stack-trace' id='stack-trace1453632464'><pre>org.testng.internal.reflect.MethodMatcherException: 
[public static void Loan.LoanModifyAfterVerification.CreateLoan(Utilities.RowData,Utilities.RowData) throws java.lang.Exception] has no parameters defined but was found to be using a data provider (either explicitly specified or inherited from class level annotation).
Data provider mismatch
Method: CreateLoan([Utilities.RowData arg0, Utilities.RowData arg1])
Arguments: [(Utilities.RowData) RowData{headerMap={MONTH=12.0, intRestBasis=Select, docScanFlg=N - Scan not required, drawingPowerInd=E - Equal, testcasename=loan account create, operacct=003000500000131, occCode=004, pbPsFreqCalBase=G - Gregorian Calendar, pbPsFreqType=M - Monthly, cfid=R000002228, scheme code=4118.0, relnType=G - Guarantor, custTitle=MRS., relnCode=006, noOfInstlmnts=6.0, pbPsFlg=B - Both, expiryDate_ui=15-Mar-2026, pbPsFreqStartDD=30.0, pbPsFreqHldyStat=N - Next Day, OPTION=Select, docCode=ADHAR, menu=U - User-defined Repricing Plan, loanAmt=50000.0, custName=SARANYA S, Created_AccountID=0003LN511395, documentDate_ui=15-Mar-2023, loanPerdMths=12.0, modeAdv=DIRCT, CODE=002, custAddrLine1=567.0, subSectCode=70020.0, despatchMode=N - No Dispatch, sectCode=PRIOR}, indexList=[loan account create, HOAACLA, R000002228, 4118.0, B - Both, M - Monthly, 30.0, N - Next Day, G - Gregorian Calendar, N - No Dispatch, U - User-defined Repricing Plan, 50000.0, 12.0, 003000500000131, 12.0, Select, 15-Mar-2023, 15-Mar-2026, E - Equal, 6.0, Select, 002, 006, G - Guarantor, MRS., SARANYA S, 567.0, PRIOR, 70020.0, 004, DIRCT, ADHAR, N - Scan not required, 0003LN511395]}]
	at org.testng.internal.reflect.DataProviderMethodMatcher.getConformingArguments(DataProviderMethodMatcher.java:46)
	at org.testng.internal.Parameters.injectParameters(Parameters.java:915)
	at org.testng.internal.invokers.MethodRunner.runInSequence(MethodRunner.java:50)
	at org.testng.internal.invokers.TestInvoker$MethodInvocationAgent.invoke(TestInvoker.java:995)
	at org.testng.internal.invokers.TestInvoker.invokeTestMethods(TestInvoker.java:203)
	at org.testng.internal.invokers.TestMethodWorker.invokeTestMethods(TestMethodWorker.java:154)
	at org.testng.internal.invokers.TestMethodWorker.run(TestMethodWorker.java:134)
	at java.base/java.util.ArrayList.forEach(ArrayList.java:1511)
	at org.testng.TestRunner.privateRun(TestRunner.java:741)
	at org.testng.TestRunner.run(TestRunner.java:616)
	at org.testng.SuiteRunner.runTest(SuiteRunner.java:421)
	at org.testng.SuiteRunner.runSequentially(SuiteRunner.java:413)
	at org.testng.SuiteRunner.privateRun(SuiteRunner.java:373)
	at org.testng.SuiteRunner.run(SuiteRunner.java:312)
	at org.testng.SuiteRunnerWorker.runSuite(SuiteRunnerWorker.java:52)
	at org.testng.SuiteRunnerWorker.run(SuiteRunnerWorker.java:95)
	at org.testng.TestNG.runSuitesSequentially(TestNG.java:1274)
	at org.testng.TestNG.runSuitesLocally(TestNG.java:1208)
	at org.testng.TestNG.runSuites(TestNG.java:1112)
	at org.testng.TestNG.run(TestNG.java:1079)
	at org.testng.remote.AbstractRemoteTestNG.run(AbstractRemoteTestNG.java:115)
	at org.testng.remote.RemoteTestNG.initAndRun(RemoteTestNG.java:293)
	at org.testng.remote.RemoteTestNG.main(RemoteTestNG.java:91)
</pre></div></td>
<td>0</td>
<td>Loan.LoanModifyAfterVerification@7d3d101b</td></tr>
<tr>
<td title='Loan.LoanDisbustment.VerifyLoanAccount()'><b>VerifyLoanAccount</b><br>Test class: Loan.LoanDisbustment</td>
<td><div><pre>org.testng.internal.reflect.MethodMatcherException: 
[public void Loan.LoanDisbustment.VerifyLoanAccount(Utilities.RowData,Utilities.RowData) throws java.lang.Exception] has no parameters defined but was found to be using a data provider (either explicitly specified or inherited from class level annotation).
Data provider mismatch
Method: VerifyLoanAccount([Utilities.RowData arg0, Utilities.RowData arg1])
Arguments: [(Utilities.RowData) RowData{headerMap={MONTH=12.0, intRestBasis=Select, docScanFlg=N - Scan not required, drawingPowerInd=E - Equal, testcasename=loan account create, operacct=003000500000131, occCode=004, pbPsFreqCalBase=G - Gregorian Calendar, pbPsFreqType=M - Monthly, cfid=R000002228, scheme code=4118.0, relnType=G - Guarantor, custTitle=MRS., relnCode=006, noOfInstlmnts=6.0, pbPsFlg=B - Both, expiryDate_ui=15-Mar-2026, pbPsFreqStartDD=30.0, pbPsFreqHldyStat=N - Next Day, OPTION=Select, docCode=ADHAR, menu=U - User-defined Repricing Plan, loanAmt=50000.0, custName=SARANYA S, Created_AccountID=0003LN511395, documentDate_ui=15-Mar-2023, loanPerdMths=12.0, modeAdv=DIRCT, CODE=002, custAddrLine1=567.0, subSectCode=70020.0, despatchMode=N - No Dispatch, sectCode=PRIOR}, indexList=[loan account create, HOAACLA, R000002228, 4118.0, B - Both, M - Monthly, 30.0, N - Next Day, G - Gregorian Calendar, N - No Dispatch, U - User-defined Repricing Plan, 50000.0, 12.0, 003000500000131, 12.0, Select, 15-Mar-2023, 15-Mar-2026, E - Equal, 6.0, Select, 002, 006, G - Guarantor, MRS., SARANYA S, 567.0, PRIOR, 70020.0, 004, DIRCT, ADHAR, N - Scan not required, 0003LN511395]}]
	at java.base/java.util.ArrayList.forEach(ArrayList.java:1511)
... Removed 22 stack frames</pre></div><a href='#' onClick='toggleBox("stack-trace1597594849", this, "Click to show all stack frames", "Click to hide stack frames")'>Click to show all stack frames</a>
<div class='stack-trace' id='stack-trace1597594849'><pre>org.testng.internal.reflect.MethodMatcherException: 
[public void Loan.LoanDisbustment.VerifyLoanAccount(Utilities.RowData,Utilities.RowData) throws java.lang.Exception] has no parameters defined but was found to be using a data provider (either explicitly specified or inherited from class level annotation).
Data provider mismatch
Method: VerifyLoanAccount([Utilities.RowData arg0, Utilities.RowData arg1])
Arguments: [(Utilities.RowData) RowData{headerMap={MONTH=12.0, intRestBasis=Select, docScanFlg=N - Scan not required, drawingPowerInd=E - Equal, testcasename=loan account create, operacct=003000500000131, occCode=004, pbPsFreqCalBase=G - Gregorian Calendar, pbPsFreqType=M - Monthly, cfid=R000002228, scheme code=4118.0, relnType=G - Guarantor, custTitle=MRS., relnCode=006, noOfInstlmnts=6.0, pbPsFlg=B - Both, expiryDate_ui=15-Mar-2026, pbPsFreqStartDD=30.0, pbPsFreqHldyStat=N - Next Day, OPTION=Select, docCode=ADHAR, menu=U - User-defined Repricing Plan, loanAmt=50000.0, custName=SARANYA S, Created_AccountID=0003LN511395, documentDate_ui=15-Mar-2023, loanPerdMths=12.0, modeAdv=DIRCT, CODE=002, custAddrLine1=567.0, subSectCode=70020.0, despatchMode=N - No Dispatch, sectCode=PRIOR}, indexList=[loan account create, HOAACLA, R000002228, 4118.0, B - Both, M - Monthly, 30.0, N - Next Day, G - Gregorian Calendar, N - No Dispatch, U - User-defined Repricing Plan, 50000.0, 12.0, 003000500000131, 12.0, Select, 15-Mar-2023, 15-Mar-2026, E - Equal, 6.0, Select, 002, 006, G - Guarantor, MRS., SARANYA S, 567.0, PRIOR, 70020.0, 004, DIRCT, ADHAR, N - Scan not required, 0003LN511395]}]
	at org.testng.internal.reflect.DataProviderMethodMatcher.getConformingArguments(DataProviderMethodMatcher.java:46)
	at org.testng.internal.Parameters.injectParameters(Parameters.java:915)
	at org.testng.internal.invokers.MethodRunner.runInSequence(MethodRunner.java:50)
	at org.testng.internal.invokers.TestInvoker$MethodInvocationAgent.invoke(TestInvoker.java:995)
	at org.testng.internal.invokers.TestInvoker.invokeTestMethods(TestInvoker.java:203)
	at org.testng.internal.invokers.TestMethodWorker.invokeTestMethods(TestMethodWorker.java:154)
	at org.testng.internal.invokers.TestMethodWorker.run(TestMethodWorker.java:134)
	at java.base/java.util.ArrayList.forEach(ArrayList.java:1511)
	at org.testng.TestRunner.privateRun(TestRunner.java:741)
	at org.testng.TestRunner.run(TestRunner.java:616)
	at org.testng.SuiteRunner.runTest(SuiteRunner.java:421)
	at org.testng.SuiteRunner.runSequentially(SuiteRunner.java:413)
	at org.testng.SuiteRunner.privateRun(SuiteRunner.java:373)
	at org.testng.SuiteRunner.run(SuiteRunner.java:312)
	at org.testng.SuiteRunnerWorker.runSuite(SuiteRunnerWorker.java:52)
	at org.testng.SuiteRunnerWorker.run(SuiteRunnerWorker.java:95)
	at org.testng.TestNG.runSuitesSequentially(TestNG.java:1274)
	at org.testng.TestNG.runSuitesLocally(TestNG.java:1208)
	at org.testng.TestNG.runSuites(TestNG.java:1112)
	at org.testng.TestNG.run(TestNG.java:1079)
	at org.testng.remote.AbstractRemoteTestNG.run(AbstractRemoteTestNG.java:115)
	at org.testng.remote.RemoteTestNG.initAndRun(RemoteTestNG.java:293)
	at org.testng.remote.RemoteTestNG.main(RemoteTestNG.java:91)
</pre></div></td>
<td>0</td>
<td>Loan.LoanDisbustment@3eb81efb</td></tr>
<tr>
<td title='Loan.DemandGeneration.demandGeneration()'><b>demandGeneration</b><br>Test class: Loan.DemandGeneration</td>
<td><div><pre>org.testng.internal.reflect.MethodMatcherException: 
[public void Loan.DemandGeneration.demandGeneration(Utilities.RowData,Utilities.RowData)] has no parameters defined but was found to be using a data provider (either explicitly specified or inherited from class level annotation).
Data provider mismatch
Method: demandGeneration([Utilities.RowData arg0, Utilities.RowData arg1])
Arguments: [(Utilities.RowData) RowData{headerMap={MONTH=12.0, intRestBasis=Select, docScanFlg=N - Scan not required, drawingPowerInd=E - Equal, testcasename=loan account create, operacct=003000500000131, occCode=004, pbPsFreqCalBase=G - Gregorian Calendar, pbPsFreqType=M - Monthly, cfid=R000002228, scheme code=4118.0, relnType=G - Guarantor, custTitle=MRS., relnCode=006, noOfInstlmnts=6.0, pbPsFlg=B - Both, expiryDate_ui=15-Mar-2026, pbPsFreqStartDD=30.0, pbPsFreqHldyStat=N - Next Day, OPTION=Select, docCode=ADHAR, menu=U - User-defined Repricing Plan, loanAmt=50000.0, custName=SARANYA S, Created_AccountID=0003LN511395, documentDate_ui=15-Mar-2023, loanPerdMths=12.0, modeAdv=DIRCT, CODE=002, custAddrLine1=567.0, subSectCode=70020.0, despatchMode=N - No Dispatch, sectCode=PRIOR}, indexList=[loan account create, HOAACLA, R000002228, 4118.0, B - Both, M - Monthly, 30.0, N - Next Day, G - Gregorian Calendar, N - No Dispatch, U - User-defined Repricing Plan, 50000.0, 12.0, 003000500000131, 12.0, Select, 15-Mar-2023, 15-Mar-2026, E - Equal, 6.0, Select, 002, 006, G - Guarantor, MRS., SARANYA S, 567.0, PRIOR, 70020.0, 004, DIRCT, ADHAR, N - Scan not required, 0003LN511395]}]
	at java.base/java.util.ArrayList.forEach(ArrayList.java:1511)
... Removed 22 stack frames</pre></div><a href='#' onClick='toggleBox("stack-trace1865505544", this, "Click to show all stack frames", "Click to hide stack frames")'>Click to show all stack frames</a>
<div class='stack-trace' id='stack-trace1865505544'><pre>org.testng.internal.reflect.MethodMatcherException: 
[public void Loan.DemandGeneration.demandGeneration(Utilities.RowData,Utilities.RowData)] has no parameters defined but was found to be using a data provider (either explicitly specified or inherited from class level annotation).
Data provider mismatch
Method: demandGeneration([Utilities.RowData arg0, Utilities.RowData arg1])
Arguments: [(Utilities.RowData) RowData{headerMap={MONTH=12.0, intRestBasis=Select, docScanFlg=N - Scan not required, drawingPowerInd=E - Equal, testcasename=loan account create, operacct=003000500000131, occCode=004, pbPsFreqCalBase=G - Gregorian Calendar, pbPsFreqType=M - Monthly, cfid=R000002228, scheme code=4118.0, relnType=G - Guarantor, custTitle=MRS., relnCode=006, noOfInstlmnts=6.0, pbPsFlg=B - Both, expiryDate_ui=15-Mar-2026, pbPsFreqStartDD=30.0, pbPsFreqHldyStat=N - Next Day, OPTION=Select, docCode=ADHAR, menu=U - User-defined Repricing Plan, loanAmt=50000.0, custName=SARANYA S, Created_AccountID=0003LN511395, documentDate_ui=15-Mar-2023, loanPerdMths=12.0, modeAdv=DIRCT, CODE=002, custAddrLine1=567.0, subSectCode=70020.0, despatchMode=N - No Dispatch, sectCode=PRIOR}, indexList=[loan account create, HOAACLA, R000002228, 4118.0, B - Both, M - Monthly, 30.0, N - Next Day, G - Gregorian Calendar, N - No Dispatch, U - User-defined Repricing Plan, 50000.0, 12.0, 003000500000131, 12.0, Select, 15-Mar-2023, 15-Mar-2026, E - Equal, 6.0, Select, 002, 006, G - Guarantor, MRS., SARANYA S, 567.0, PRIOR, 70020.0, 004, DIRCT, ADHAR, N - Scan not required, 0003LN511395]}]
	at org.testng.internal.reflect.DataProviderMethodMatcher.getConformingArguments(DataProviderMethodMatcher.java:46)
	at org.testng.internal.Parameters.injectParameters(Parameters.java:915)
	at org.testng.internal.invokers.MethodRunner.runInSequence(MethodRunner.java:50)
	at org.testng.internal.invokers.TestInvoker$MethodInvocationAgent.invoke(TestInvoker.java:995)
	at org.testng.internal.invokers.TestInvoker.invokeTestMethods(TestInvoker.java:203)
	at org.testng.internal.invokers.TestMethodWorker.invokeTestMethods(TestMethodWorker.java:154)
	at org.testng.internal.invokers.TestMethodWorker.run(TestMethodWorker.java:134)
	at java.base/java.util.ArrayList.forEach(ArrayList.java:1511)
	at org.testng.TestRunner.privateRun(TestRunner.java:741)
	at org.testng.TestRunner.run(TestRunner.java:616)
	at org.testng.SuiteRunner.runTest(SuiteRunner.java:421)
	at org.testng.SuiteRunner.runSequentially(SuiteRunner.java:413)
	at org.testng.SuiteRunner.privateRun(SuiteRunner.java:373)
	at org.testng.SuiteRunner.run(SuiteRunner.java:312)
	at org.testng.SuiteRunnerWorker.runSuite(SuiteRunnerWorker.java:52)
	at org.testng.SuiteRunnerWorker.run(SuiteRunnerWorker.java:95)
	at org.testng.TestNG.runSuitesSequentially(TestNG.java:1274)
	at org.testng.TestNG.runSuitesLocally(TestNG.java:1208)
	at org.testng.TestNG.runSuites(TestNG.java:1112)
	at org.testng.TestNG.run(TestNG.java:1079)
	at org.testng.remote.AbstractRemoteTestNG.run(AbstractRemoteTestNG.java:115)
	at org.testng.remote.RemoteTestNG.initAndRun(RemoteTestNG.java:293)
	at org.testng.remote.RemoteTestNG.main(RemoteTestNG.java:91)
</pre></div></td>
<td>0</td>
<td>Loan.DemandGeneration@78aa1f72</td></tr>
<tr>
<td title='Loan.DemandGeneration.demandSatisfaction()'><b>demandSatisfaction</b><br>Test class: Loan.DemandGeneration</td>
<td><div><pre>org.testng.internal.reflect.MethodMatcherException: 
[public void Loan.DemandGeneration.demandSatisfaction(Utilities.RowData,Utilities.RowData)] has no parameters defined but was found to be using a data provider (either explicitly specified or inherited from class level annotation).
Data provider mismatch
Method: demandSatisfaction([Utilities.RowData arg0, Utilities.RowData arg1])
Arguments: [(Utilities.RowData) RowData{headerMap={MONTH=12.0, intRestBasis=Select, docScanFlg=N - Scan not required, drawingPowerInd=E - Equal, testcasename=loan account create, operacct=003000500000131, occCode=004, pbPsFreqCalBase=G - Gregorian Calendar, pbPsFreqType=M - Monthly, cfid=R000002228, scheme code=4118.0, relnType=G - Guarantor, custTitle=MRS., relnCode=006, noOfInstlmnts=6.0, pbPsFlg=B - Both, expiryDate_ui=15-Mar-2026, pbPsFreqStartDD=30.0, pbPsFreqHldyStat=N - Next Day, OPTION=Select, docCode=ADHAR, menu=U - User-defined Repricing Plan, loanAmt=50000.0, custName=SARANYA S, Created_AccountID=0003LN511395, documentDate_ui=15-Mar-2023, loanPerdMths=12.0, modeAdv=DIRCT, CODE=002, custAddrLine1=567.0, subSectCode=70020.0, despatchMode=N - No Dispatch, sectCode=PRIOR}, indexList=[loan account create, HOAACLA, R000002228, 4118.0, B - Both, M - Monthly, 30.0, N - Next Day, G - Gregorian Calendar, N - No Dispatch, U - User-defined Repricing Plan, 50000.0, 12.0, 003000500000131, 12.0, Select, 15-Mar-2023, 15-Mar-2026, E - Equal, 6.0, Select, 002, 006, G - Guarantor, MRS., SARANYA S, 567.0, PRIOR, 70020.0, 004, DIRCT, ADHAR, N - Scan not required, 0003LN511395]}]
	at java.base/java.util.ArrayList.forEach(ArrayList.java:1511)
... Removed 22 stack frames</pre></div><a href='#' onClick='toggleBox("stack-trace286947699", this, "Click to show all stack frames", "Click to hide stack frames")'>Click to show all stack frames</a>
<div class='stack-trace' id='stack-trace286947699'><pre>org.testng.internal.reflect.MethodMatcherException: 
[public void Loan.DemandGeneration.demandSatisfaction(Utilities.RowData,Utilities.RowData)] has no parameters defined but was found to be using a data provider (either explicitly specified or inherited from class level annotation).
Data provider mismatch
Method: demandSatisfaction([Utilities.RowData arg0, Utilities.RowData arg1])
Arguments: [(Utilities.RowData) RowData{headerMap={MONTH=12.0, intRestBasis=Select, docScanFlg=N - Scan not required, drawingPowerInd=E - Equal, testcasename=loan account create, operacct=003000500000131, occCode=004, pbPsFreqCalBase=G - Gregorian Calendar, pbPsFreqType=M - Monthly, cfid=R000002228, scheme code=4118.0, relnType=G - Guarantor, custTitle=MRS., relnCode=006, noOfInstlmnts=6.0, pbPsFlg=B - Both, expiryDate_ui=15-Mar-2026, pbPsFreqStartDD=30.0, pbPsFreqHldyStat=N - Next Day, OPTION=Select, docCode=ADHAR, menu=U - User-defined Repricing Plan, loanAmt=50000.0, custName=SARANYA S, Created_AccountID=0003LN511395, documentDate_ui=15-Mar-2023, loanPerdMths=12.0, modeAdv=DIRCT, CODE=002, custAddrLine1=567.0, subSectCode=70020.0, despatchMode=N - No Dispatch, sectCode=PRIOR}, indexList=[loan account create, HOAACLA, R000002228, 4118.0, B - Both, M - Monthly, 30.0, N - Next Day, G - Gregorian Calendar, N - No Dispatch, U - User-defined Repricing Plan, 50000.0, 12.0, 003000500000131, 12.0, Select, 15-Mar-2023, 15-Mar-2026, E - Equal, 6.0, Select, 002, 006, G - Guarantor, MRS., SARANYA S, 567.0, PRIOR, 70020.0, 004, DIRCT, ADHAR, N - Scan not required, 0003LN511395]}]
	at org.testng.internal.reflect.DataProviderMethodMatcher.getConformingArguments(DataProviderMethodMatcher.java:46)
	at org.testng.internal.Parameters.injectParameters(Parameters.java:915)
	at org.testng.internal.invokers.MethodRunner.runInSequence(MethodRunner.java:50)
	at org.testng.internal.invokers.TestInvoker$MethodInvocationAgent.invoke(TestInvoker.java:995)
	at org.testng.internal.invokers.TestInvoker.invokeTestMethods(TestInvoker.java:203)
	at org.testng.internal.invokers.TestMethodWorker.invokeTestMethods(TestMethodWorker.java:154)
	at org.testng.internal.invokers.TestMethodWorker.run(TestMethodWorker.java:134)
	at java.base/java.util.ArrayList.forEach(ArrayList.java:1511)
	at org.testng.TestRunner.privateRun(TestRunner.java:741)
	at org.testng.TestRunner.run(TestRunner.java:616)
	at org.testng.SuiteRunner.runTest(SuiteRunner.java:421)
	at org.testng.SuiteRunner.runSequentially(SuiteRunner.java:413)
	at org.testng.SuiteRunner.privateRun(SuiteRunner.java:373)
	at org.testng.SuiteRunner.run(SuiteRunner.java:312)
	at org.testng.SuiteRunnerWorker.runSuite(SuiteRunnerWorker.java:52)
	at org.testng.SuiteRunnerWorker.run(SuiteRunnerWorker.java:95)
	at org.testng.TestNG.runSuitesSequentially(TestNG.java:1274)
	at org.testng.TestNG.runSuitesLocally(TestNG.java:1208)
	at org.testng.TestNG.runSuites(TestNG.java:1112)
	at org.testng.TestNG.run(TestNG.java:1079)
	at org.testng.remote.AbstractRemoteTestNG.run(AbstractRemoteTestNG.java:115)
	at org.testng.remote.RemoteTestNG.initAndRun(RemoteTestNG.java:293)
	at org.testng.remote.RemoteTestNG.main(RemoteTestNG.java:91)
</pre></div></td>
<td>0</td>
<td>Loan.DemandGeneration@78aa1f72</td></tr>
<tr>
<td title='CASA.VerificationOfSavingsAccount.VerifySBAccount()'><b>VerifySBAccount</b><br>Test class: CASA.VerificationOfSavingsAccount</td>
<td><div><pre>org.testng.internal.reflect.MethodMatcherException: 
[public static void CASA.VerificationOfSavingsAccount.VerifySBAccount(Utilities.RowData,Utilities.RowData) throws java.lang.Exception] has no parameters defined but was found to be using a data provider (either explicitly specified or inherited from class level annotation).
Data provider mismatch
Method: VerifySBAccount([Utilities.RowData arg0, Utilities.RowData arg1])
Arguments: [(Utilities.RowData) RowData{headerMap={DocCode=MCFST, ExpiryDate=04-Dec-2099, DispatchMode=N - No Dispatch, AccountId=, PurpAdv=, DrawingPowerInd=E - Equal, MinIntPcntCr=2.5, Tax=, AutSwpFlg=, tdsOpAcct=, TestCaseName=CreateSavingsAccount, DocScanFlg=Y - Scan Required, RepayInstr=, GuardianCode=, AcctPrefIntCr=5.0, Related - CustName=PRIYA, FreqType=D - Daily, IntCrAcctFlg=S - Original A/c., 2 nd NomineeCifId=, SubSectCode=, FreqDay=, Related-CustTitle=MS, TypeAdv=, ModeAdv=, PermanentACID=, City=, RelatedFreqDay=, Created_AccountID=003000500000382, AddressLine2=, AddressLine1=, State=, Relation Code=003, Modeofoperation=, NomineeCifId=R0003470, Country=, Second RelatedPartyflg=Y, SectCode=AGRI, SwpHldyStat=, Regnum=1, RelatedFreqWeek=, FreqHldyStat=P - Previous day, CalBase=, PostalCode=, NomineePcnt=100.0, Function=Open, Relation=001, SwpDepFreqMnths=, SwpFreqType=, NatAdv=, RelateddispMode=, Second Nominee=, Menu=HOAACSB, FFD-Schmcode=36003.0, CIF ID=R0003423, GuardianName=, Nominee Minor=N, CustPrefIntCr=7.0, FreqStartDD=, NextIntCrCalcDt=15-Mar-2025, 2 nd Relationship=, FFD flg=N, Relation Type=J - Joint Holder, 2 nd Nomination Pcnt.=, Related -CustAddrLine1=XYZ, MaxIntPcntCr=3.0, ChanPrefIntCr=8.0, RelatedFreqStartDD=, Acct_Statement=B - Both, RelatedFreqType=D - Daily, MinBalOperAcct=, ErrorCode=, Scheme Code=0005, DocumentDate=15-Mar-2023, FreqWeek=, RelatedFreqHldyStat=N - Next Day}, indexList=[CreateSavingsAccount, HOAACSB, Open, R0003423, 0005, , B - Both, , D - Daily, , , , P - Previous day, N - No Dispatch, , 2.5, 3.0, 7.0, 5.0, 8.0, S - Original A/c., , , , 15-Mar-2025, 1, R0003470, 001, 100.0, N, , , , , , , , , , , , , 002, Y, J - Joint Holder, 003, D - Daily, , , , N - Next Day, , MS, PRIYA, XYZ, MCFST, Y - Scan Required, N, 36003.0, , , , , , , 04-Dec-2099, 15-Mar-2023, E - Equal, AGRI, , , , , , 003000500000382, ]}]
	at java.base/java.util.ArrayList.forEach(ArrayList.java:1511)
... Removed 22 stack frames</pre></div><a href='#' onClick='toggleBox("stack-trace293757848", this, "Click to show all stack frames", "Click to hide stack frames")'>Click to show all stack frames</a>
<div class='stack-trace' id='stack-trace293757848'><pre>org.testng.internal.reflect.MethodMatcherException: 
[public static void CASA.VerificationOfSavingsAccount.VerifySBAccount(Utilities.RowData,Utilities.RowData) throws java.lang.Exception] has no parameters defined but was found to be using a data provider (either explicitly specified or inherited from class level annotation).
Data provider mismatch
Method: VerifySBAccount([Utilities.RowData arg0, Utilities.RowData arg1])
Arguments: [(Utilities.RowData) RowData{headerMap={DocCode=MCFST, ExpiryDate=04-Dec-2099, DispatchMode=N - No Dispatch, AccountId=, PurpAdv=, DrawingPowerInd=E - Equal, MinIntPcntCr=2.5, Tax=, AutSwpFlg=, tdsOpAcct=, TestCaseName=CreateSavingsAccount, DocScanFlg=Y - Scan Required, RepayInstr=, GuardianCode=, AcctPrefIntCr=5.0, Related - CustName=PRIYA, FreqType=D - Daily, IntCrAcctFlg=S - Original A/c., 2 nd NomineeCifId=, SubSectCode=, FreqDay=, Related-CustTitle=MS, TypeAdv=, ModeAdv=, PermanentACID=, City=, RelatedFreqDay=, Created_AccountID=003000500000382, AddressLine2=, AddressLine1=, State=, Relation Code=003, Modeofoperation=, NomineeCifId=R0003470, Country=, Second RelatedPartyflg=Y, SectCode=AGRI, SwpHldyStat=, Regnum=1, RelatedFreqWeek=, FreqHldyStat=P - Previous day, CalBase=, PostalCode=, NomineePcnt=100.0, Function=Open, Relation=001, SwpDepFreqMnths=, SwpFreqType=, NatAdv=, RelateddispMode=, Second Nominee=, Menu=HOAACSB, FFD-Schmcode=36003.0, CIF ID=R0003423, GuardianName=, Nominee Minor=N, CustPrefIntCr=7.0, FreqStartDD=, NextIntCrCalcDt=15-Mar-2025, 2 nd Relationship=, FFD flg=N, Relation Type=J - Joint Holder, 2 nd Nomination Pcnt.=, Related -CustAddrLine1=XYZ, MaxIntPcntCr=3.0, ChanPrefIntCr=8.0, RelatedFreqStartDD=, Acct_Statement=B - Both, RelatedFreqType=D - Daily, MinBalOperAcct=, ErrorCode=, Scheme Code=0005, DocumentDate=15-Mar-2023, FreqWeek=, RelatedFreqHldyStat=N - Next Day}, indexList=[CreateSavingsAccount, HOAACSB, Open, R0003423, 0005, , B - Both, , D - Daily, , , , P - Previous day, N - No Dispatch, , 2.5, 3.0, 7.0, 5.0, 8.0, S - Original A/c., , , , 15-Mar-2025, 1, R0003470, 001, 100.0, N, , , , , , , , , , , , , 002, Y, J - Joint Holder, 003, D - Daily, , , , N - Next Day, , MS, PRIYA, XYZ, MCFST, Y - Scan Required, N, 36003.0, , , , , , , 04-Dec-2099, 15-Mar-2023, E - Equal, AGRI, , , , , , 003000500000382, ]}]
	at org.testng.internal.reflect.DataProviderMethodMatcher.getConformingArguments(DataProviderMethodMatcher.java:46)
	at org.testng.internal.Parameters.injectParameters(Parameters.java:915)
	at org.testng.internal.invokers.MethodRunner.runInSequence(MethodRunner.java:50)
	at org.testng.internal.invokers.TestInvoker$MethodInvocationAgent.invoke(TestInvoker.java:995)
	at org.testng.internal.invokers.TestInvoker.invokeTestMethods(TestInvoker.java:203)
	at org.testng.internal.invokers.TestMethodWorker.invokeTestMethods(TestMethodWorker.java:154)
	at org.testng.internal.invokers.TestMethodWorker.run(TestMethodWorker.java:134)
	at java.base/java.util.ArrayList.forEach(ArrayList.java:1511)
	at org.testng.TestRunner.privateRun(TestRunner.java:741)
	at org.testng.TestRunner.run(TestRunner.java:616)
	at org.testng.SuiteRunner.runTest(SuiteRunner.java:421)
	at org.testng.SuiteRunner.runSequentially(SuiteRunner.java:413)
	at org.testng.SuiteRunner.privateRun(SuiteRunner.java:373)
	at org.testng.SuiteRunner.run(SuiteRunner.java:312)
	at org.testng.SuiteRunnerWorker.runSuite(SuiteRunnerWorker.java:52)
	at org.testng.SuiteRunnerWorker.run(SuiteRunnerWorker.java:95)
	at org.testng.TestNG.runSuitesSequentially(TestNG.java:1274)
	at org.testng.TestNG.runSuitesLocally(TestNG.java:1208)
	at org.testng.TestNG.runSuites(TestNG.java:1112)
	at org.testng.TestNG.run(TestNG.java:1079)
	at org.testng.remote.AbstractRemoteTestNG.run(AbstractRemoteTestNG.java:115)
	at org.testng.remote.RemoteTestNG.initAndRun(RemoteTestNG.java:293)
	at org.testng.remote.RemoteTestNG.main(RemoteTestNG.java:91)
</pre></div></td>
<td>0</td>
<td>CASA.VerificationOfSavingsAccount@16b2bb0c</td></tr>
<tr>
<td title='Loan.LoanModifybeforeverification.CreateLoan()'><b>CreateLoan</b><br>Test class: Loan.LoanModifybeforeverification</td>
<td><div><pre>org.testng.internal.reflect.MethodMatcherException: 
[public void Loan.LoanModifybeforeverification.CreateLoan(Utilities.RowData,Utilities.RowData) throws java.lang.Exception] has no parameters defined but was found to be using a data provider (either explicitly specified or inherited from class level annotation).
Data provider mismatch
Method: CreateLoan([Utilities.RowData arg0, Utilities.RowData arg1])
Arguments: [(Utilities.RowData) RowData{headerMap={MONTH=12.0, intRestBasis=Select, docScanFlg=N - Scan not required, drawingPowerInd=E - Equal, testcasename=loan account create, operacct=003000500000131, occCode=004, pbPsFreqCalBase=G - Gregorian Calendar, pbPsFreqType=M - Monthly, cfid=R000002228, scheme code=4118.0, relnType=G - Guarantor, custTitle=MRS., relnCode=006, noOfInstlmnts=6.0, pbPsFlg=B - Both, expiryDate_ui=15-Mar-2026, pbPsFreqStartDD=30.0, pbPsFreqHldyStat=N - Next Day, OPTION=Select, docCode=ADHAR, menu=U - User-defined Repricing Plan, loanAmt=50000.0, custName=SARANYA S, Created_AccountID=0003LN511395, documentDate_ui=15-Mar-2023, loanPerdMths=12.0, modeAdv=DIRCT, CODE=002, custAddrLine1=567.0, subSectCode=70020.0, despatchMode=N - No Dispatch, sectCode=PRIOR}, indexList=[loan account create, HOAACLA, R000002228, 4118.0, B - Both, M - Monthly, 30.0, N - Next Day, G - Gregorian Calendar, N - No Dispatch, U - User-defined Repricing Plan, 50000.0, 12.0, 003000500000131, 12.0, Select, 15-Mar-2023, 15-Mar-2026, E - Equal, 6.0, Select, 002, 006, G - Guarantor, MRS., SARANYA S, 567.0, PRIOR, 70020.0, 004, DIRCT, ADHAR, N - Scan not required, 0003LN511395]}]
	at java.base/java.util.ArrayList.forEach(ArrayList.java:1511)
... Removed 22 stack frames</pre></div><a href='#' onClick='toggleBox("stack-trace1810873106", this, "Click to show all stack frames", "Click to hide stack frames")'>Click to show all stack frames</a>
<div class='stack-trace' id='stack-trace1810873106'><pre>org.testng.internal.reflect.MethodMatcherException: 
[public void Loan.LoanModifybeforeverification.CreateLoan(Utilities.RowData,Utilities.RowData) throws java.lang.Exception] has no parameters defined but was found to be using a data provider (either explicitly specified or inherited from class level annotation).
Data provider mismatch
Method: CreateLoan([Utilities.RowData arg0, Utilities.RowData arg1])
Arguments: [(Utilities.RowData) RowData{headerMap={MONTH=12.0, intRestBasis=Select, docScanFlg=N - Scan not required, drawingPowerInd=E - Equal, testcasename=loan account create, operacct=003000500000131, occCode=004, pbPsFreqCalBase=G - Gregorian Calendar, pbPsFreqType=M - Monthly, cfid=R000002228, scheme code=4118.0, relnType=G - Guarantor, custTitle=MRS., relnCode=006, noOfInstlmnts=6.0, pbPsFlg=B - Both, expiryDate_ui=15-Mar-2026, pbPsFreqStartDD=30.0, pbPsFreqHldyStat=N - Next Day, OPTION=Select, docCode=ADHAR, menu=U - User-defined Repricing Plan, loanAmt=50000.0, custName=SARANYA S, Created_AccountID=0003LN511395, documentDate_ui=15-Mar-2023, loanPerdMths=12.0, modeAdv=DIRCT, CODE=002, custAddrLine1=567.0, subSectCode=70020.0, despatchMode=N - No Dispatch, sectCode=PRIOR}, indexList=[loan account create, HOAACLA, R000002228, 4118.0, B - Both, M - Monthly, 30.0, N - Next Day, G - Gregorian Calendar, N - No Dispatch, U - User-defined Repricing Plan, 50000.0, 12.0, 003000500000131, 12.0, Select, 15-Mar-2023, 15-Mar-2026, E - Equal, 6.0, Select, 002, 006, G - Guarantor, MRS., SARANYA S, 567.0, PRIOR, 70020.0, 004, DIRCT, ADHAR, N - Scan not required, 0003LN511395]}]
	at org.testng.internal.reflect.DataProviderMethodMatcher.getConformingArguments(DataProviderMethodMatcher.java:46)
	at org.testng.internal.Parameters.injectParameters(Parameters.java:915)
	at org.testng.internal.invokers.MethodRunner.runInSequence(MethodRunner.java:50)
	at org.testng.internal.invokers.TestInvoker$MethodInvocationAgent.invoke(TestInvoker.java:995)
	at org.testng.internal.invokers.TestInvoker.invokeTestMethods(TestInvoker.java:203)
	at org.testng.internal.invokers.TestMethodWorker.invokeTestMethods(TestMethodWorker.java:154)
	at org.testng.internal.invokers.TestMethodWorker.run(TestMethodWorker.java:134)
	at java.base/java.util.ArrayList.forEach(ArrayList.java:1511)
	at org.testng.TestRunner.privateRun(TestRunner.java:741)
	at org.testng.TestRunner.run(TestRunner.java:616)
	at org.testng.SuiteRunner.runTest(SuiteRunner.java:421)
	at org.testng.SuiteRunner.runSequentially(SuiteRunner.java:413)
	at org.testng.SuiteRunner.privateRun(SuiteRunner.java:373)
	at org.testng.SuiteRunner.run(SuiteRunner.java:312)
	at org.testng.SuiteRunnerWorker.runSuite(SuiteRunnerWorker.java:52)
	at org.testng.SuiteRunnerWorker.run(SuiteRunnerWorker.java:95)
	at org.testng.TestNG.runSuitesSequentially(TestNG.java:1274)
	at org.testng.TestNG.runSuitesLocally(TestNG.java:1208)
	at org.testng.TestNG.runSuites(TestNG.java:1112)
	at org.testng.TestNG.run(TestNG.java:1079)
	at org.testng.remote.AbstractRemoteTestNG.run(AbstractRemoteTestNG.java:115)
	at org.testng.remote.RemoteTestNG.initAndRun(RemoteTestNG.java:293)
	at org.testng.remote.RemoteTestNG.main(RemoteTestNG.java:91)
</pre></div></td>
<td>0</td>
<td>Loan.LoanModifybeforeverification@45a4b042</td></tr>
<tr>
<td title='Loan.Loanverification.VerifyLoanAccount()'><b>VerifyLoanAccount</b><br>Test class: Loan.Loanverification</td>
<td><div><pre>org.testng.internal.reflect.MethodMatcherException: 
[public void Loan.Loanverification.VerifyLoanAccount(Utilities.RowData,Utilities.RowData) throws java.lang.Exception] has no parameters defined but was found to be using a data provider (either explicitly specified or inherited from class level annotation).
Data provider mismatch
Method: VerifyLoanAccount([Utilities.RowData arg0, Utilities.RowData arg1])
Arguments: [(Utilities.RowData) RowData{headerMap={MONTH=12.0, intRestBasis=Select, docScanFlg=N - Scan not required, drawingPowerInd=E - Equal, testcasename=loan account create, operacct=003000500000131, occCode=004, pbPsFreqCalBase=G - Gregorian Calendar, pbPsFreqType=M - Monthly, cfid=R000002228, scheme code=4118.0, relnType=G - Guarantor, custTitle=MRS., relnCode=006, noOfInstlmnts=6.0, pbPsFlg=B - Both, expiryDate_ui=15-Mar-2026, pbPsFreqStartDD=30.0, pbPsFreqHldyStat=N - Next Day, OPTION=Select, docCode=ADHAR, menu=U - User-defined Repricing Plan, loanAmt=50000.0, custName=SARANYA S, Created_AccountID=0003LN511395, documentDate_ui=15-Mar-2023, loanPerdMths=12.0, modeAdv=DIRCT, CODE=002, custAddrLine1=567.0, subSectCode=70020.0, despatchMode=N - No Dispatch, sectCode=PRIOR}, indexList=[loan account create, HOAACLA, R000002228, 4118.0, B - Both, M - Monthly, 30.0, N - Next Day, G - Gregorian Calendar, N - No Dispatch, U - User-defined Repricing Plan, 50000.0, 12.0, 003000500000131, 12.0, Select, 15-Mar-2023, 15-Mar-2026, E - Equal, 6.0, Select, 002, 006, G - Guarantor, MRS., SARANYA S, 567.0, PRIOR, 70020.0, 004, DIRCT, ADHAR, N - Scan not required, 0003LN511395]}]
	at java.base/java.util.ArrayList.forEach(ArrayList.java:1511)
... Removed 22 stack frames</pre></div><a href='#' onClick='toggleBox("stack-trace1638429542", this, "Click to show all stack frames", "Click to hide stack frames")'>Click to show all stack frames</a>
<div class='stack-trace' id='stack-trace1638429542'><pre>org.testng.internal.reflect.MethodMatcherException: 
[public void Loan.Loanverification.VerifyLoanAccount(Utilities.RowData,Utilities.RowData) throws java.lang.Exception] has no parameters defined but was found to be using a data provider (either explicitly specified or inherited from class level annotation).
Data provider mismatch
Method: VerifyLoanAccount([Utilities.RowData arg0, Utilities.RowData arg1])
Arguments: [(Utilities.RowData) RowData{headerMap={MONTH=12.0, intRestBasis=Select, docScanFlg=N - Scan not required, drawingPowerInd=E - Equal, testcasename=loan account create, operacct=003000500000131, occCode=004, pbPsFreqCalBase=G - Gregorian Calendar, pbPsFreqType=M - Monthly, cfid=R000002228, scheme code=4118.0, relnType=G - Guarantor, custTitle=MRS., relnCode=006, noOfInstlmnts=6.0, pbPsFlg=B - Both, expiryDate_ui=15-Mar-2026, pbPsFreqStartDD=30.0, pbPsFreqHldyStat=N - Next Day, OPTION=Select, docCode=ADHAR, menu=U - User-defined Repricing Plan, loanAmt=50000.0, custName=SARANYA S, Created_AccountID=0003LN511395, documentDate_ui=15-Mar-2023, loanPerdMths=12.0, modeAdv=DIRCT, CODE=002, custAddrLine1=567.0, subSectCode=70020.0, despatchMode=N - No Dispatch, sectCode=PRIOR}, indexList=[loan account create, HOAACLA, R000002228, 4118.0, B - Both, M - Monthly, 30.0, N - Next Day, G - Gregorian Calendar, N - No Dispatch, U - User-defined Repricing Plan, 50000.0, 12.0, 003000500000131, 12.0, Select, 15-Mar-2023, 15-Mar-2026, E - Equal, 6.0, Select, 002, 006, G - Guarantor, MRS., SARANYA S, 567.0, PRIOR, 70020.0, 004, DIRCT, ADHAR, N - Scan not required, 0003LN511395]}]
	at org.testng.internal.reflect.DataProviderMethodMatcher.getConformingArguments(DataProviderMethodMatcher.java:46)
	at org.testng.internal.Parameters.injectParameters(Parameters.java:915)
	at org.testng.internal.invokers.MethodRunner.runInSequence(MethodRunner.java:50)
	at org.testng.internal.invokers.TestInvoker$MethodInvocationAgent.invoke(TestInvoker.java:995)
	at org.testng.internal.invokers.TestInvoker.invokeTestMethods(TestInvoker.java:203)
	at org.testng.internal.invokers.TestMethodWorker.invokeTestMethods(TestMethodWorker.java:154)
	at org.testng.internal.invokers.TestMethodWorker.run(TestMethodWorker.java:134)
	at java.base/java.util.ArrayList.forEach(ArrayList.java:1511)
	at org.testng.TestRunner.privateRun(TestRunner.java:741)
	at org.testng.TestRunner.run(TestRunner.java:616)
	at org.testng.SuiteRunner.runTest(SuiteRunner.java:421)
	at org.testng.SuiteRunner.runSequentially(SuiteRunner.java:413)
	at org.testng.SuiteRunner.privateRun(SuiteRunner.java:373)
	at org.testng.SuiteRunner.run(SuiteRunner.java:312)
	at org.testng.SuiteRunnerWorker.runSuite(SuiteRunnerWorker.java:52)
	at org.testng.SuiteRunnerWorker.run(SuiteRunnerWorker.java:95)
	at org.testng.TestNG.runSuitesSequentially(TestNG.java:1274)
	at org.testng.TestNG.runSuitesLocally(TestNG.java:1208)
	at org.testng.TestNG.runSuites(TestNG.java:1112)
	at org.testng.TestNG.run(TestNG.java:1079)
	at org.testng.remote.AbstractRemoteTestNG.run(AbstractRemoteTestNG.java:115)
	at org.testng.remote.RemoteTestNG.initAndRun(RemoteTestNG.java:293)
	at org.testng.remote.RemoteTestNG.main(RemoteTestNG.java:91)
</pre></div></td>
<td>0</td>
<td>Loan.Loanverification@6d026701</td></tr>
<tr>
<td title='CASA.Cashdeposit.addcashdeposit()'><b>addcashdeposit</b><br>Test class: CASA.Cashdeposit</td>
<td><div><pre>org.testng.internal.reflect.MethodMatcherException: 
[public void CASA.Cashdeposit.addcashdeposit(Utilities.RowData,Utilities.RowData)] has no parameters defined but was found to be using a data provider (either explicitly specified or inherited from class level annotation).
Data provider mismatch
Method: addcashdeposit([Utilities.RowData arg0, Utilities.RowData arg1])
Arguments: [(Utilities.RowData) RowData{headerMap={DocCode=MCFST, ExpiryDate=04-Dec-2099, DispatchMode=N - No Dispatch, AccountId=, PurpAdv=, DrawingPowerInd=E - Equal, MinIntPcntCr=2.5, Tax=, AutSwpFlg=, tdsOpAcct=, TestCaseName=CreateSavingsAccount, DocScanFlg=Y - Scan Required, RepayInstr=, GuardianCode=, AcctPrefIntCr=5.0, Related - CustName=PRIYA, FreqType=D - Daily, IntCrAcctFlg=S - Original A/c., 2 nd NomineeCifId=, SubSectCode=, FreqDay=, Related-CustTitle=MS, TypeAdv=, ModeAdv=, PermanentACID=, City=, RelatedFreqDay=, Created_AccountID=003000500000382, AddressLine2=, AddressLine1=, State=, Relation Code=003, Modeofoperation=, NomineeCifId=R0003470, Country=, Second RelatedPartyflg=Y, SectCode=AGRI, SwpHldyStat=, Regnum=1, RelatedFreqWeek=, FreqHldyStat=P - Previous day, CalBase=, PostalCode=, NomineePcnt=100.0, Function=Open, Relation=001, SwpDepFreqMnths=, SwpFreqType=, NatAdv=, RelateddispMode=, Second Nominee=, Menu=HOAACSB, FFD-Schmcode=36003.0, CIF ID=R0003423, GuardianName=, Nominee Minor=N, CustPrefIntCr=7.0, FreqStartDD=, NextIntCrCalcDt=15-Mar-2025, 2 nd Relationship=, FFD flg=N, Relation Type=J - Joint Holder, 2 nd Nomination Pcnt.=, Related -CustAddrLine1=XYZ, MaxIntPcntCr=3.0, ChanPrefIntCr=8.0, RelatedFreqStartDD=, Acct_Statement=B - Both, RelatedFreqType=D - Daily, MinBalOperAcct=, ErrorCode=, Scheme Code=0005, DocumentDate=15-Mar-2023, FreqWeek=, RelatedFreqHldyStat=N - Next Day}, indexList=[CreateSavingsAccount, HOAACSB, Open, R0003423, 0005, , B - Both, , D - Daily, , , , P - Previous day, N - No Dispatch, , 2.5, 3.0, 7.0, 5.0, 8.0, S - Original A/c., , , , 15-Mar-2025, 1, R0003470, 001, 100.0, N, , , , , , , , , , , , , 002, Y, J - Joint Holder, 003, D - Daily, , , , N - Next Day, , MS, PRIYA, XYZ, MCFST, Y - Scan Required, N, 36003.0, , , , , , , 04-Dec-2099, 15-Mar-2023, E - Equal, AGRI, , , , , , 003000500000382, ]}]
	at java.base/java.util.ArrayList.forEach(ArrayList.java:1511)
... Removed 22 stack frames</pre></div><a href='#' onClick='toggleBox("stack-trace1483243447", this, "Click to show all stack frames", "Click to hide stack frames")'>Click to show all stack frames</a>
<div class='stack-trace' id='stack-trace1483243447'><pre>org.testng.internal.reflect.MethodMatcherException: 
[public void CASA.Cashdeposit.addcashdeposit(Utilities.RowData,Utilities.RowData)] has no parameters defined but was found to be using a data provider (either explicitly specified or inherited from class level annotation).
Data provider mismatch
Method: addcashdeposit([Utilities.RowData arg0, Utilities.RowData arg1])
Arguments: [(Utilities.RowData) RowData{headerMap={DocCode=MCFST, ExpiryDate=04-Dec-2099, DispatchMode=N - No Dispatch, AccountId=, PurpAdv=, DrawingPowerInd=E - Equal, MinIntPcntCr=2.5, Tax=, AutSwpFlg=, tdsOpAcct=, TestCaseName=CreateSavingsAccount, DocScanFlg=Y - Scan Required, RepayInstr=, GuardianCode=, AcctPrefIntCr=5.0, Related - CustName=PRIYA, FreqType=D - Daily, IntCrAcctFlg=S - Original A/c., 2 nd NomineeCifId=, SubSectCode=, FreqDay=, Related-CustTitle=MS, TypeAdv=, ModeAdv=, PermanentACID=, City=, RelatedFreqDay=, Created_AccountID=003000500000382, AddressLine2=, AddressLine1=, State=, Relation Code=003, Modeofoperation=, NomineeCifId=R0003470, Country=, Second RelatedPartyflg=Y, SectCode=AGRI, SwpHldyStat=, Regnum=1, RelatedFreqWeek=, FreqHldyStat=P - Previous day, CalBase=, PostalCode=, NomineePcnt=100.0, Function=Open, Relation=001, SwpDepFreqMnths=, SwpFreqType=, NatAdv=, RelateddispMode=, Second Nominee=, Menu=HOAACSB, FFD-Schmcode=36003.0, CIF ID=R0003423, GuardianName=, Nominee Minor=N, CustPrefIntCr=7.0, FreqStartDD=, NextIntCrCalcDt=15-Mar-2025, 2 nd Relationship=, FFD flg=N, Relation Type=J - Joint Holder, 2 nd Nomination Pcnt.=, Related -CustAddrLine1=XYZ, MaxIntPcntCr=3.0, ChanPrefIntCr=8.0, RelatedFreqStartDD=, Acct_Statement=B - Both, RelatedFreqType=D - Daily, MinBalOperAcct=, ErrorCode=, Scheme Code=0005, DocumentDate=15-Mar-2023, FreqWeek=, RelatedFreqHldyStat=N - Next Day}, indexList=[CreateSavingsAccount, HOAACSB, Open, R0003423, 0005, , B - Both, , D - Daily, , , , P - Previous day, N - No Dispatch, , 2.5, 3.0, 7.0, 5.0, 8.0, S - Original A/c., , , , 15-Mar-2025, 1, R0003470, 001, 100.0, N, , , , , , , , , , , , , 002, Y, J - Joint Holder, 003, D - Daily, , , , N - Next Day, , MS, PRIYA, XYZ, MCFST, Y - Scan Required, N, 36003.0, , , , , , , 04-Dec-2099, 15-Mar-2023, E - Equal, AGRI, , , , , , 003000500000382, ]}]
	at org.testng.internal.reflect.DataProviderMethodMatcher.getConformingArguments(DataProviderMethodMatcher.java:46)
	at org.testng.internal.Parameters.injectParameters(Parameters.java:915)
	at org.testng.internal.invokers.MethodRunner.runInSequence(MethodRunner.java:50)
	at org.testng.internal.invokers.TestInvoker$MethodInvocationAgent.invoke(TestInvoker.java:995)
	at org.testng.internal.invokers.TestInvoker.invokeTestMethods(TestInvoker.java:203)
	at org.testng.internal.invokers.TestMethodWorker.invokeTestMethods(TestMethodWorker.java:154)
	at org.testng.internal.invokers.TestMethodWorker.run(TestMethodWorker.java:134)
	at java.base/java.util.ArrayList.forEach(ArrayList.java:1511)
	at org.testng.TestRunner.privateRun(TestRunner.java:741)
	at org.testng.TestRunner.run(TestRunner.java:616)
	at org.testng.SuiteRunner.runTest(SuiteRunner.java:421)
	at org.testng.SuiteRunner.runSequentially(SuiteRunner.java:413)
	at org.testng.SuiteRunner.privateRun(SuiteRunner.java:373)
	at org.testng.SuiteRunner.run(SuiteRunner.java:312)
	at org.testng.SuiteRunnerWorker.runSuite(SuiteRunnerWorker.java:52)
	at org.testng.SuiteRunnerWorker.run(SuiteRunnerWorker.java:95)
	at org.testng.TestNG.runSuitesSequentially(TestNG.java:1274)
	at org.testng.TestNG.runSuitesLocally(TestNG.java:1208)
	at org.testng.TestNG.runSuites(TestNG.java:1112)
	at org.testng.TestNG.run(TestNG.java:1079)
	at org.testng.remote.AbstractRemoteTestNG.run(AbstractRemoteTestNG.java:115)
	at org.testng.remote.RemoteTestNG.initAndRun(RemoteTestNG.java:293)
	at org.testng.remote.RemoteTestNG.main(RemoteTestNG.java:91)
</pre></div></td>
<td>0</td>
<td>CASA.Cashdeposit@6cdba6dc</td></tr>
</table><p>
<table width='100%' border='1' class='invocation-passed'>
<tr><td colspan='4' align='center'><b>PASSED TESTS</b></td></tr>
<tr><td><b>Test method</b></td>
<td><b>Attribute(s)</b></td>
<td width="30%"><b>Exception</b></td>
<td width="10%"><b>Time (seconds)</b></td>
<td><b>Instance</b></td>
</tr>
<tr>
<td title='TestCases.TC01_CreateSavingsAccountWith5000amtAndClosetheAccount.runTest()'><b>runTest</b><br>Test class: TestCases.TC01_CreateSavingsAccountWith5000amtAndClosetheAccount</td>
<td></td>
<td>39</td>
<td>TestCases.TC01_CreateSavingsAccountWith5000amtAndClosetheAccount@34f6515b</td></tr>
<tr>
<td title='TestCases.TC02_CreateLoanAccountwithSchmcodeforTwoWheelerRs2LandClosetheAccount.runTest()'><b>runTest</b><br>Test class: TestCases.TC02_CreateLoanAccountwithSchmcodeforTwoWheelerRs2LandClosetheAccount<br/>
<a href="#Output-1397088232" onClick='toggleBox("Output-1397088232", this, "Show output", "Hide output");'>Show output</a>

<a href="#Output-1397088232" onClick="toggleAllBoxes();">Show all outputs</a>
<div class='log' id="Output-1397088232">
Excel file loaded: D:\parallelsetup\Loan/resources/LoanLoan.xlsx<br/>
</div>
</td>
<td></td>
<td>22</td>
<td>TestCases.TC02_CreateLoanAccountwithSchmcodeforTwoWheelerRs2LandClosetheAccount@5cdec700</td></tr>
</table><p>
<table width='100%' border='1' class='invocation-skipped'>
<tr><td colspan='4' align='center'><b>SKIPPED TESTS</b></td></tr>
<tr><td><b>Test method</b></td>
<td><b>Attribute(s)</b></td>
<td width="30%"><b>Exception</b></td>
<td width="10%"><b>Time (seconds)</b></td>
<td><b>Instance</b></td>
</tr>
<tr>
<td title='Loan.LoanAccountOpening.CreateLoan()'><b>CreateLoan</b><br>Test class: Loan.LoanAccountOpening<br>Parameters: RowData{headerMap={MONTH=12.0, intRestBasis=Select, docScanFlg=N - Scan not required, drawingPowerInd=E - Equal, testcasename=loan account create, operacct=003000500000131, occCode=004, pbPsFreqCalBase=G - Gregorian Calendar, pbPsFreqType=M - Monthly, cfid=R000002228, scheme code=4118.0, relnType=G - Guarantor, custTitle=MRS., relnCode=006, noOfInstlmnts=6.0, pbPsFlg=B - Both, expiryDate_ui=15-Mar-2026, pbPsFreqStartDD=30.0, pbPsFreqHldyStat=N - Next Day, OPTION=Select, docCode=ADHAR, menu=U - User-defined Repricing Plan, loanAmt=50000.0, custName=SARANYA S, Created_AccountID=0003LN511395, documentDate_ui=15-Mar-2023, loanPerdMths=12.0, modeAdv=DIRCT, CODE=002, custAddrLine1=567.0, subSectCode=70020.0, despatchMode=N - No Dispatch, sectCode=PRIOR}, indexList=[loan account create, HOAACLA, R000002228, 4118.0, B - Both, M - Monthly, 30.0, N - Next Day, G - Gregorian Calendar, N - No Dispatch, U - User-defined Repricing Plan, 50000.0, 12.0, 003000500000131, 12.0, Select, 15-Mar-2023, 15-Mar-2026, E - Equal, 6.0, Select, 002, 006, G - Guarantor, MRS., SARANYA S, 567.0, PRIOR, 70020.0, 004, DIRCT, ADHAR, N - Scan not required, 0003LN511395]}</td>
<td><div><pre>java.lang.NullPointerException: Cannot invoke &quot;org.openqa.selenium.WebDriver.get(String)&quot; because &quot;driver&quot; is null
	at Base.DriverManager.login(DriverManager.java:64)
	at Loan.LoanAccountOpening.setup(LoanAccountOpening.java:41)
	at java.base/java.util.ArrayList.forEach(ArrayList.java:1511)
... Removed 25 stack frames</pre></div><a href='#' onClick='toggleBox("stack-trace964895360", this, "Click to show all stack frames", "Click to hide stack frames")'>Click to show all stack frames</a>
<div class='stack-trace' id='stack-trace964895360'><pre>java.lang.NullPointerException: Cannot invoke &quot;org.openqa.selenium.WebDriver.get(String)&quot; because &quot;driver&quot; is null
	at Base.DriverManager.login(DriverManager.java:64)
	at Loan.LoanAccountOpening.setup(LoanAccountOpening.java:41)
	at java.base/jdk.internal.reflect.NativeMethodAccessorImpl.invoke0(Native Method)
	at java.base/jdk.internal.reflect.NativeMethodAccessorImpl.invoke(NativeMethodAccessorImpl.java:77)
	at java.base/jdk.internal.reflect.DelegatingMethodAccessorImpl.invoke(DelegatingMethodAccessorImpl.java:43)
	at java.base/java.lang.reflect.Method.invoke(Method.java:568)
	at org.testng.internal.invokers.MethodInvocationHelper.invokeMethod(MethodInvocationHelper.java:141)
	at org.testng.internal.invokers.MethodInvocationHelper.invokeMethodConsideringTimeout(MethodInvocationHelper.java:71)
	at org.testng.internal.invokers.ConfigInvoker.invokeConfigurationMethod(ConfigInvoker.java:400)
	at org.testng.internal.invokers.ConfigInvoker.invokeConfigurations(ConfigInvoker.java:333)
	at org.testng.internal.invokers.TestMethodWorker.invokeBeforeClassMethods(TestMethodWorker.java:188)
	at org.testng.internal.invokers.TestMethodWorker.run(TestMethodWorker.java:128)
	at java.base/java.util.ArrayList.forEach(ArrayList.java:1511)
	at org.testng.TestRunner.privateRun(TestRunner.java:741)
	at org.testng.TestRunner.run(TestRunner.java:616)
	at org.testng.SuiteRunner.runTest(SuiteRunner.java:421)
	at org.testng.SuiteRunner.runSequentially(SuiteRunner.java:413)
	at org.testng.SuiteRunner.privateRun(SuiteRunner.java:373)
	at org.testng.SuiteRunner.run(SuiteRunner.java:312)
	at org.testng.SuiteRunnerWorker.runSuite(SuiteRunnerWorker.java:52)
	at org.testng.SuiteRunnerWorker.run(SuiteRunnerWorker.java:95)
	at org.testng.TestNG.runSuitesSequentially(TestNG.java:1274)
	at org.testng.TestNG.runSuitesLocally(TestNG.java:1208)
	at org.testng.TestNG.runSuites(TestNG.java:1112)
	at org.testng.TestNG.run(TestNG.java:1079)
	at org.testng.remote.AbstractRemoteTestNG.run(AbstractRemoteTestNG.java:115)
	at org.testng.remote.RemoteTestNG.initAndRun(RemoteTestNG.java:293)
	at org.testng.remote.RemoteTestNG.main(RemoteTestNG.java:91)
</pre></div></td>
<td>0</td>
<td>Loan.LoanAccountOpening@30c8681</td></tr>
<tr>
<td title='CASA.CreateSavingsAccount.createAccount()'><b>createAccount</b><br>Test class: CASA.CreateSavingsAccount<br>Parameters: RowData{headerMap={DocCode=MCFST, ExpiryDate=04-Dec-2099, DispatchMode=N - No Dispatch, AccountId=, PurpAdv=, DrawingPowerInd=E - Equal, MinIntPcntCr=2.5, Tax=, AutSwpFlg=, tdsOpAcct=, TestCaseName=CreateSavingsAccount, DocScanFlg=Y - Scan Required, RepayInstr=, GuardianCode=, AcctPrefIntCr=5.0, Related - CustName=PRIYA, FreqType=D - Daily, IntCrAcctFlg=S - Original A/c., 2 nd NomineeCifId=, SubSectCode=, FreqDay=, Related-CustTitle=MS, TypeAdv=, ModeAdv=, PermanentACID=, City=, RelatedFreqDay=, Created_AccountID=003000500000382, AddressLine2=, AddressLine1=, State=, Relation Code=003, Modeofoperation=, NomineeCifId=R0003470, Country=, Second RelatedPartyflg=Y, SectCode=AGRI, SwpHldyStat=, Regnum=1, RelatedFreqWeek=, FreqHldyStat=P - Previous day, CalBase=, PostalCode=, NomineePcnt=100.0, Function=Open, Relation=001, SwpDepFreqMnths=, SwpFreqType=, NatAdv=, RelateddispMode=, Second Nominee=, Menu=HOAACSB, FFD-Schmcode=36003.0, CIF ID=R0003423, GuardianName=, Nominee Minor=N, CustPrefIntCr=7.0, FreqStartDD=, NextIntCrCalcDt=15-Mar-2025, 2 nd Relationship=, FFD flg=N, Relation Type=J - Joint Holder, 2 nd Nomination Pcnt.=, Related -CustAddrLine1=XYZ, MaxIntPcntCr=3.0, ChanPrefIntCr=8.0, RelatedFreqStartDD=, Acct_Statement=B - Both, RelatedFreqType=D - Daily, MinBalOperAcct=, ErrorCode=, Scheme Code=0005, DocumentDate=15-Mar-2023, FreqWeek=, RelatedFreqHldyStat=N - Next Day}, indexList=[CreateSavingsAccount, HOAACSB, Open, R0003423, 0005, , B - Both, , D - Daily, , , , P - Previous day, N - No Dispatch, , 2.5, 3.0, 7.0, 5.0, 8.0, S - Original A/c., , , , 15-Mar-2025, 1, R0003470, 001, 100.0, N, , , , , , , , , , , , , 002, Y, J - Joint Holder, 003, D - Daily, , , , N - Next Day, , MS, PRIYA, XYZ, MCFST, Y - Scan Required, N, 36003.0, , , , , , , 04-Dec-2099, 15-Mar-2023, E - Equal, AGRI, , , , , , 003000500000382, ]}</td>
<td><div><pre>java.lang.NullPointerException: Cannot invoke &quot;org.openqa.selenium.WebDriver.get(String)&quot; because &quot;driver&quot; is null
	at Base.DriverManager.login(DriverManager.java:64)
	at CASA.CreateSavingsAccount.setup(CreateSavingsAccount.java:43)
	at java.base/java.util.ArrayList.forEach(ArrayList.java:1511)
... Removed 25 stack frames</pre></div><a href='#' onClick='toggleBox("stack-trace377570010", this, "Click to show all stack frames", "Click to hide stack frames")'>Click to show all stack frames</a>
<div class='stack-trace' id='stack-trace377570010'><pre>java.lang.NullPointerException: Cannot invoke &quot;org.openqa.selenium.WebDriver.get(String)&quot; because &quot;driver&quot; is null
	at Base.DriverManager.login(DriverManager.java:64)
	at CASA.CreateSavingsAccount.setup(CreateSavingsAccount.java:43)
	at java.base/jdk.internal.reflect.NativeMethodAccessorImpl.invoke0(Native Method)
	at java.base/jdk.internal.reflect.NativeMethodAccessorImpl.invoke(NativeMethodAccessorImpl.java:77)
	at java.base/jdk.internal.reflect.DelegatingMethodAccessorImpl.invoke(DelegatingMethodAccessorImpl.java:43)
	at java.base/java.lang.reflect.Method.invoke(Method.java:568)
	at org.testng.internal.invokers.MethodInvocationHelper.invokeMethod(MethodInvocationHelper.java:141)
	at org.testng.internal.invokers.MethodInvocationHelper.invokeMethodConsideringTimeout(MethodInvocationHelper.java:71)
	at org.testng.internal.invokers.ConfigInvoker.invokeConfigurationMethod(ConfigInvoker.java:400)
	at org.testng.internal.invokers.ConfigInvoker.invokeConfigurations(ConfigInvoker.java:333)
	at org.testng.internal.invokers.TestMethodWorker.invokeBeforeClassMethods(TestMethodWorker.java:188)
	at org.testng.internal.invokers.TestMethodWorker.run(TestMethodWorker.java:128)
	at java.base/java.util.ArrayList.forEach(ArrayList.java:1511)
	at org.testng.TestRunner.privateRun(TestRunner.java:741)
	at org.testng.TestRunner.run(TestRunner.java:616)
	at org.testng.SuiteRunner.runTest(SuiteRunner.java:421)
	at org.testng.SuiteRunner.runSequentially(SuiteRunner.java:413)
	at org.testng.SuiteRunner.privateRun(SuiteRunner.java:373)
	at org.testng.SuiteRunner.run(SuiteRunner.java:312)
	at org.testng.SuiteRunnerWorker.runSuite(SuiteRunnerWorker.java:52)
	at org.testng.SuiteRunnerWorker.run(SuiteRunnerWorker.java:95)
	at org.testng.TestNG.runSuitesSequentially(TestNG.java:1274)
	at org.testng.TestNG.runSuitesLocally(TestNG.java:1208)
	at org.testng.TestNG.runSuites(TestNG.java:1112)
	at org.testng.TestNG.run(TestNG.java:1079)
	at org.testng.remote.AbstractRemoteTestNG.run(AbstractRemoteTestNG.java:115)
	at org.testng.remote.RemoteTestNG.initAndRun(RemoteTestNG.java:293)
	at org.testng.remote.RemoteTestNG.main(RemoteTestNG.java:91)
</pre></div></td>
<td>0</td>
<td>CASA.CreateSavingsAccount@2b175c00</td></tr>
</table><p>
</body>
</html>