<?xml version="1.0" encoding="UTF-8"?>
<!-- Generated by org.testng.reporters.JUnitXMLReporter -->
<testsuite ignored="0" hostname="christina" failures="0" tests="4" name="FuntionalityTest" time="673.606" errors="0" timestamp="2025-11-06T12:35:44 IST">
  <testcase classname="TestCases.TC01_Payments_LodgeOutwardBill" name="runTest" time="126.228"/>
  <testcase classname="TestCases.TC05_Accept_The_Lodge" name="runTest" time="208.897"/>
  <testcase classname="TestCases.TC06_Export_Amend_Bill" name="runTest" time="184.57"/>
  <testcase classname="TestCases.TCO4_Outward_FreeDelivery" name="runTest" time="148.105"/>
</testsuite> <!-- FuntionalityTest -->
