<?xml version="1.0" encoding="UTF-8"?>
<!-- Generated by org.testng.reporters.JUnitXMLReporter -->
<testsuite ignored="0" hostname="christina" failures="1" tests="1" name="TermDepositExecution" time="90.718" errors="0" timestamp="2025-10-17T14:41:15 IST">
  <testcase classname="TermDeposit.CloseTermDeposit" name="colsingtdaccount" time="70.252">
    <failure type="java.lang.AssertionError" message="❌ Test Failed: Closed A/c. ID is empty! expected [false] but found [true]">
      <![CDATA[java.lang.AssertionError: ❌ Test Failed: Closed A/c. ID is empty! expected [false] but found [true]
at TermDeposit.CloseTermDeposit.colsingtdaccount(CloseTermDeposit.java:154)
at java.base/java.util.ArrayList.forEach(ArrayList.java:1511)
at TestCases1.TC09_CloseTermDeposit.runTestSuiteInOrder(TC09_CloseTermDeposit.java:52)
at java.base/java.util.ArrayList.forEach(ArrayList.java:1511)
... Removed 54 stack frames]]>
    </failure>
  </testcase> <!-- colsingtdaccount -->
</testsuite> <!-- TermDepositExecution -->
