<?xml version="1.0" encoding="UTF-8"?>
<!-- Generated by org.testng.reporters.JUnitXMLReporter -->
<testsuite ignored="0" hostname="christina" failures="9" tests="13" name="Default test" time="74.262" errors="0" timestamp="2025-10-21T15:49:43 IST">
  <testcase classname="CASA.CreateSavingsAccount" name="@BeforeClass setup" time="0.001">
    <failure type="java.lang.NullPointerException" message="Cannot invoke &amp;quot;org.openqa.selenium.WebDriver.get(String)&amp;quot; because &amp;quot;driver&amp;quot; is null">
      <![CDATA[java.lang.NullPointerException: Cannot invoke "org.openqa.selenium.WebDriver.get(String)" because "driver" is null
at Base.DriverManager.login(DriverManager.java:64)
at CASA.CreateSavingsAccount.setup(CreateSavingsAccount.java:43)
at java.base/java.util.ArrayList.forEach(ArrayList.java:1511)
... Removed 25 stack frames]]>
    </failure>
  </testcase> <!-- @BeforeClass setup -->
  <testcase classname="Base.BaseTest" name="@BeforeMethod setUp" time="0.0">
    <skipped/>
  </testcase> <!-- @BeforeMethod setUp -->
  <testcase classname="Base.BaseTest" name="@AfterMethod tearDown" time="0.0">
    <skipped/>
  </testcase> <!-- @AfterMethod tearDown -->
  <testcase classname="Loan.LoanDisbustment" name="@BeforeClass setup" time="0.004">
    <failure type="java.lang.NullPointerException" message="Cannot invoke &amp;quot;org.openqa.selenium.WebDriver.get(String)&amp;quot; because &amp;quot;driver&amp;quot; is null">
      <![CDATA[java.lang.NullPointerException: Cannot invoke "org.openqa.selenium.WebDriver.get(String)" because "driver" is null
at Base.DriverManager.login(DriverManager.java:64)
at Loan.LoanDisbustment.setup(LoanDisbustment.java:34)
at java.base/java.util.ArrayList.forEach(ArrayList.java:1511)
... Removed 25 stack frames]]>
    </failure>
  </testcase> <!-- @BeforeClass setup -->
  <testcase classname="Loan.LoanClose" name="@BeforeClass setup" time="0.003">
    <failure type="java.lang.NullPointerException" message="Cannot invoke &amp;quot;org.openqa.selenium.WebDriver.get(String)&amp;quot; because &amp;quot;driver&amp;quot; is null">
      <![CDATA[java.lang.NullPointerException: Cannot invoke "org.openqa.selenium.WebDriver.get(String)" because "driver" is null
at Base.DriverManager.login(DriverManager.java:64)
at Loan.LoanClose.setup(LoanClose.java:33)
at java.base/java.util.ArrayList.forEach(ArrayList.java:1511)
... Removed 25 stack frames]]>
    </failure>
  </testcase> <!-- @BeforeClass setup -->
  <testcase classname="CASA.Cashdeposit" name="@BeforeClass setup" time="0.003">
    <failure type="java.lang.NullPointerException" message="Cannot invoke &amp;quot;org.openqa.selenium.WebDriver.get(String)&amp;quot; because &amp;quot;driver&amp;quot; is null">
      <![CDATA[java.lang.NullPointerException: Cannot invoke "org.openqa.selenium.WebDriver.get(String)" because "driver" is null
at Base.DriverManager.login(DriverManager.java:64)
at CASA.Cashdeposit.setup(Cashdeposit.java:35)
at java.base/java.util.ArrayList.forEach(ArrayList.java:1511)
... Removed 25 stack frames]]>
    </failure>
  </testcase> <!-- @BeforeClass setup -->
  <testcase classname="Loan.LoanModifyAfterVerification" name="@BeforeClass setup" time="0.008">
    <failure type="java.lang.NullPointerException" message="Cannot invoke &amp;quot;org.openqa.selenium.WebDriver.get(String)&amp;quot; because &amp;quot;driver&amp;quot; is null">
      <![CDATA[java.lang.NullPointerException: Cannot invoke "org.openqa.selenium.WebDriver.get(String)" because "driver" is null
at Base.DriverManager.login(DriverManager.java:64)
at Loan.LoanModifyAfterVerification.setup(LoanModifyAfterVerification.java:34)
at java.base/java.util.ArrayList.forEach(ArrayList.java:1511)
... Removed 25 stack frames]]>
    </failure>
  </testcase> <!-- @BeforeClass setup -->
  <testcase classname="Loan.LoanAccountOpening" name="@BeforeClass setup" time="0.003">
    <failure type="java.lang.NullPointerException" message="Cannot invoke &amp;quot;org.openqa.selenium.WebDriver.get(String)&amp;quot; because &amp;quot;driver&amp;quot; is null">
      <![CDATA[java.lang.NullPointerException: Cannot invoke "org.openqa.selenium.WebDriver.get(String)" because "driver" is null
at Base.DriverManager.login(DriverManager.java:64)
at Loan.LoanAccountOpening.setup(LoanAccountOpening.java:41)
at java.base/java.util.ArrayList.forEach(ArrayList.java:1511)
... Removed 25 stack frames]]>
    </failure>
  </testcase> <!-- @BeforeClass setup -->
  <testcase classname="Base.BaseTest" name="@BeforeMethod setUp" time="0.0">
    <skipped/>
  </testcase> <!-- @BeforeMethod setUp -->
  <testcase classname="Base.BaseTest" name="@AfterMethod tearDown" time="0.0">
    <skipped/>
  </testcase> <!-- @AfterMethod tearDown -->
  <testcase classname="Loan.Loanverification" name="@BeforeClass setup" time="0.003">
    <failure type="java.lang.NullPointerException" message="Cannot invoke &amp;quot;org.openqa.selenium.WebDriver.get(String)&amp;quot; because &amp;quot;driver&amp;quot; is null">
      <![CDATA[java.lang.NullPointerException: Cannot invoke "org.openqa.selenium.WebDriver.get(String)" because "driver" is null
at Base.DriverManager.login(DriverManager.java:64)
at Loan.Loanverification.setup(Loanverification.java:41)
at java.base/java.util.ArrayList.forEach(ArrayList.java:1511)
... Removed 25 stack frames]]>
    </failure>
  </testcase> <!-- @BeforeClass setup -->
  <testcase classname="Loan.DemandGeneration" name="@BeforeClass setup" time="0.002">
    <failure type="java.lang.NullPointerException" message="Cannot invoke &amp;quot;org.openqa.selenium.WebDriver.get(String)&amp;quot; because &amp;quot;driver&amp;quot; is null">
      <![CDATA[java.lang.NullPointerException: Cannot invoke "org.openqa.selenium.WebDriver.get(String)" because "driver" is null
at Base.DriverManager.login(DriverManager.java:64)
at Loan.DemandGeneration.setup(DemandGeneration.java:35)
at java.base/java.util.ArrayList.forEach(ArrayList.java:1511)
... Removed 25 stack frames]]>
    </failure>
  </testcase> <!-- @BeforeClass setup -->
  <testcase classname="Loan.DemandGeneration" name="@AfterClass tearDown" time="0.0">
    <skipped/>
  </testcase> <!-- @AfterClass tearDown -->
  <testcase classname="CASA.VerificationOfSavingsAccount" name="@BeforeClass setup" time="0.002">
    <failure type="java.lang.NullPointerException" message="Cannot invoke &amp;quot;org.openqa.selenium.WebDriver.get(String)&amp;quot; because &amp;quot;driver&amp;quot; is null">
      <![CDATA[java.lang.NullPointerException: Cannot invoke "org.openqa.selenium.WebDriver.get(String)" because "driver" is null
at Base.DriverManager.login(DriverManager.java:64)
at CASA.VerificationOfSavingsAccount.setup(VerificationOfSavingsAccount.java:43)
at java.base/java.util.ArrayList.forEach(ArrayList.java:1511)
... Removed 25 stack frames]]>
    </failure>
  </testcase> <!-- @BeforeClass setup -->
  <testcase classname="TestCases.TC01_CreateSavingsAccountWith5000amtAndClosetheAccount" name="runTest" time="39.7"/>
  <testcase classname="CASA.CreateSavingsAccount" name="createAccount" time="0.0">
    <skipped/>
  </testcase> <!-- createAccount -->
  <testcase classname="Loan.LoanDisbustment" name="VerifyLoanAccount" time="0.195">
    <failure type="org.testng.internal.reflect.MethodMatcherException" message="
[public void Loan.LoanDisbustment.VerifyLoanAccount(Utilities.RowData,Utilities.RowData) throws java.lang.Exception] has no parameters defined but was found to be using a data provider (either explicitly specified or inherited from class level annotation).
Data provider mismatch
Method: VerifyLoanAccount([Utilities.RowData arg0, Utilities.RowData arg1])
Arguments: [(Utilities.RowData) RowData{headerMap={MONTH=12.0, intRestBasis=Select, docScanFlg=N - Scan not required, drawingPowerInd=E - Equal, testcasename=loan account create, operacct=003000500000131, occCode=004, pbPsFreqCalBase=G - Gregorian Calendar, pbPsFreqType=M - Monthly, cfid=R000002228, scheme code=4118.0, relnType=G - Guarantor, custTitle=MRS., relnCode=006, noOfInstlmnts=6.0, pbPsFlg=B - Both, expiryDate_ui=15-Mar-2026, pbPsFreqStartDD=30.0, pbPsFreqHldyStat=N - Next Day, OPTION=Select, docCode=ADHAR, menu=U - User-defined Repricing Plan, loanAmt=50000.0, custName=SARANYA S, Created_AccountID=0003LN511395, documentDate_ui=15-Mar-2023, loanPerdMths=12.0, modeAdv=DIRCT, CODE=002, custAddrLine1=567.0, subSectCode=70020.0, despatchMode=N - No Dispatch, sectCode=PRIOR}, indexList=[loan account create, HOAACLA, R000002228, 4118.0, B - Both, M - Monthly, 30.0, N - Next Day, G - Gregorian Calendar, N - No Dispatch, U - User-defined Repricing Plan, 50000.0, 12.0, 003000500000131, 12.0, Select, 15-Mar-2023, 15-Mar-2026, E - Equal, 6.0, Select, 002, 006, G - Guarantor, MRS., SARANYA S, 567.0, PRIOR, 70020.0, 004, DIRCT, ADHAR, N - Scan not required, 0003LN511395]}]">
      <![CDATA[org.testng.internal.reflect.MethodMatcherException: 
[public void Loan.LoanDisbustment.VerifyLoanAccount(Utilities.RowData,Utilities.RowData) throws java.lang.Exception] has no parameters defined but was found to be using a data provider (either explicitly specified or inherited from class level annotation).
Data provider mismatch
Method: VerifyLoanAccount([Utilities.RowData arg0, Utilities.RowData arg1])
Arguments: [(Utilities.RowData) RowData{headerMap={MONTH=12.0, intRestBasis=Select, docScanFlg=N - Scan not required, drawingPowerInd=E - Equal, testcasename=loan account create, operacct=003000500000131, occCode=004, pbPsFreqCalBase=G - Gregorian Calendar, pbPsFreqType=M - Monthly, cfid=R000002228, scheme code=4118.0, relnType=G - Guarantor, custTitle=MRS., relnCode=006, noOfInstlmnts=6.0, pbPsFlg=B - Both, expiryDate_ui=15-Mar-2026, pbPsFreqStartDD=30.0, pbPsFreqHldyStat=N - Next Day, OPTION=Select, docCode=ADHAR, menu=U - User-defined Repricing Plan, loanAmt=50000.0, custName=SARANYA S, Created_AccountID=0003LN511395, documentDate_ui=15-Mar-2023, loanPerdMths=12.0, modeAdv=DIRCT, CODE=002, custAddrLine1=567.0, subSectCode=70020.0, despatchMode=N - No Dispatch, sectCode=PRIOR}, indexList=[loan account create, HOAACLA, R000002228, 4118.0, B - Both, M - Monthly, 30.0, N - Next Day, G - Gregorian Calendar, N - No Dispatch, U - User-defined Repricing Plan, 50000.0, 12.0, 003000500000131, 12.0, Select, 15-Mar-2023, 15-Mar-2026, E - Equal, 6.0, Select, 002, 006, G - Guarantor, MRS., SARANYA S, 567.0, PRIOR, 70020.0, 004, DIRCT, ADHAR, N - Scan not required, 0003LN511395]}]
at java.base/java.util.ArrayList.forEach(ArrayList.java:1511)
... Removed 22 stack frames]]>
    </failure>
  </testcase> <!-- VerifyLoanAccount -->
  <testcase classname="Loan.LoanClose" name="close" time="0.108">
    <failure type="org.testng.internal.reflect.MethodMatcherException" message="
[public void Loan.LoanClose.close(Utilities.RowData,Utilities.RowData)] has no parameters defined but was found to be using a data provider (either explicitly specified or inherited from class level annotation).
Data provider mismatch
Method: close([Utilities.RowData arg0, Utilities.RowData arg1])
Arguments: [(Utilities.RowData) RowData{headerMap={MONTH=12.0, intRestBasis=Select, docScanFlg=N - Scan not required, drawingPowerInd=E - Equal, testcasename=loan account create, operacct=003000500000131, occCode=004, pbPsFreqCalBase=G - Gregorian Calendar, pbPsFreqType=M - Monthly, cfid=R000002228, scheme code=4118.0, relnType=G - Guarantor, custTitle=MRS., relnCode=006, noOfInstlmnts=6.0, pbPsFlg=B - Both, expiryDate_ui=15-Mar-2026, pbPsFreqStartDD=30.0, pbPsFreqHldyStat=N - Next Day, OPTION=Select, docCode=ADHAR, menu=U - User-defined Repricing Plan, loanAmt=50000.0, custName=SARANYA S, Created_AccountID=0003LN511395, documentDate_ui=15-Mar-2023, loanPerdMths=12.0, modeAdv=DIRCT, CODE=002, custAddrLine1=567.0, subSectCode=70020.0, despatchMode=N - No Dispatch, sectCode=PRIOR}, indexList=[loan account create, HOAACLA, R000002228, 4118.0, B - Both, M - Monthly, 30.0, N - Next Day, G - Gregorian Calendar, N - No Dispatch, U - User-defined Repricing Plan, 50000.0, 12.0, 003000500000131, 12.0, Select, 15-Mar-2023, 15-Mar-2026, E - Equal, 6.0, Select, 002, 006, G - Guarantor, MRS., SARANYA S, 567.0, PRIOR, 70020.0, 004, DIRCT, ADHAR, N - Scan not required, 0003LN511395]}]">
      <![CDATA[org.testng.internal.reflect.MethodMatcherException: 
[public void Loan.LoanClose.close(Utilities.RowData,Utilities.RowData)] has no parameters defined but was found to be using a data provider (either explicitly specified or inherited from class level annotation).
Data provider mismatch
Method: close([Utilities.RowData arg0, Utilities.RowData arg1])
Arguments: [(Utilities.RowData) RowData{headerMap={MONTH=12.0, intRestBasis=Select, docScanFlg=N - Scan not required, drawingPowerInd=E - Equal, testcasename=loan account create, operacct=003000500000131, occCode=004, pbPsFreqCalBase=G - Gregorian Calendar, pbPsFreqType=M - Monthly, cfid=R000002228, scheme code=4118.0, relnType=G - Guarantor, custTitle=MRS., relnCode=006, noOfInstlmnts=6.0, pbPsFlg=B - Both, expiryDate_ui=15-Mar-2026, pbPsFreqStartDD=30.0, pbPsFreqHldyStat=N - Next Day, OPTION=Select, docCode=ADHAR, menu=U - User-defined Repricing Plan, loanAmt=50000.0, custName=SARANYA S, Created_AccountID=0003LN511395, documentDate_ui=15-Mar-2023, loanPerdMths=12.0, modeAdv=DIRCT, CODE=002, custAddrLine1=567.0, subSectCode=70020.0, despatchMode=N - No Dispatch, sectCode=PRIOR}, indexList=[loan account create, HOAACLA, R000002228, 4118.0, B - Both, M - Monthly, 30.0, N - Next Day, G - Gregorian Calendar, N - No Dispatch, U - User-defined Repricing Plan, 50000.0, 12.0, 003000500000131, 12.0, Select, 15-Mar-2023, 15-Mar-2026, E - Equal, 6.0, Select, 002, 006, G - Guarantor, MRS., SARANYA S, 567.0, PRIOR, 70020.0, 004, DIRCT, ADHAR, N - Scan not required, 0003LN511395]}]
at java.base/java.util.ArrayList.forEach(ArrayList.java:1511)
... Removed 22 stack frames]]>
    </failure>
  </testcase> <!-- close -->
  <testcase classname="CASA.Cashdeposit" name="addcashdeposit" time="0.146">
    <failure type="org.testng.internal.reflect.MethodMatcherException" message="
[public void CASA.Cashdeposit.addcashdeposit(Utilities.RowData,Utilities.RowData)] has no parameters defined but was found to be using a data provider (either explicitly specified or inherited from class level annotation).
Data provider mismatch
Method: addcashdeposit([Utilities.RowData arg0, Utilities.RowData arg1])
Arguments: [(Utilities.RowData) RowData{headerMap={DocCode=MCFST, ExpiryDate=04-Dec-2099, DispatchMode=N - No Dispatch, AccountId=, PurpAdv=, DrawingPowerInd=E - Equal, MinIntPcntCr=2.5, Tax=, AutSwpFlg=, tdsOpAcct=, TestCaseName=CreateSavingsAccount, DocScanFlg=Y - Scan Required, RepayInstr=, GuardianCode=, AcctPrefIntCr=5.0, Related - CustName=PRIYA, FreqType=D - Daily, IntCrAcctFlg=S - Original A/c., 2 nd NomineeCifId=, SubSectCode=, FreqDay=, Related-CustTitle=MS, TypeAdv=, ModeAdv=, PermanentACID=, City=, RelatedFreqDay=, Created_AccountID=003000500000382, AddressLine2=, AddressLine1=, State=, Relation Code=003, Modeofoperation=, NomineeCifId=R0003470, Country=, Second RelatedPartyflg=Y, SectCode=AGRI, SwpHldyStat=, Regnum=1, RelatedFreqWeek=, FreqHldyStat=P - Previous day, CalBase=, PostalCode=, NomineePcnt=100.0, Function=Open, Relation=001, SwpDepFreqMnths=, SwpFreqType=, NatAdv=, RelateddispMode=, Second Nominee =, Menu=HOAACSB, FFD-Schmcode=36003.0, CIF ID=R0003423, GuardianName=, Nominee Minor=N, CustPrefIntCr=7.0, FreqStartDD=, NextIntCrCalcDt=15-Mar-2025, 2 nd Relationship=, FFD flg=N, Relation Type=J - Joint Holder, 2 nd Nomination Pcnt.=, Related -CustAddrLine1=XYZ, MaxIntPcntCr=3.0, ChanPrefIntCr=8.0, RelatedFreqStartDD=, Acct_Statement=B - Both, RelatedFreqType=D - Daily, MinBalOperAcct=, ErrorCode=, Scheme Code=0005, DocumentDate=15-Mar-2023, FreqWeek=, RelatedFreqHldyStat=N - Next Day}, indexList=[CreateSavingsAccount, HOAACSB, Open, R0003423, 0005, , B - Both, , D - Daily, , , , P - Previous day, N - No Dispatch, , 2.5, 3.0, 7.0, 5.0, 8.0, S - Original A/c., , , , 15-Mar-2025, 1, R0003470, 001, 100.0, N, , , , , , , , , , , , , 002, Y, J - Joint Holder, 003, D - Daily, , , , N - Next Day, , MS, PRIYA, XYZ, MCFST, Y - Scan Required, N, 36003.0, , , , , , , 04-Dec-2099, 15-Mar-2023, E - Equal, AGRI, , , , , , 003000500000382, ]}]">
      <![CDATA[org.testng.internal.reflect.MethodMatcherException: 
[public void CASA.Cashdeposit.addcashdeposit(Utilities.RowData,Utilities.RowData)] has no parameters defined but was found to be using a data provider (either explicitly specified or inherited from class level annotation).
Data provider mismatch
Method: addcashdeposit([Utilities.RowData arg0, Utilities.RowData arg1])
Arguments: [(Utilities.RowData) RowData{headerMap={DocCode=MCFST, ExpiryDate=04-Dec-2099, DispatchMode=N - No Dispatch, AccountId=, PurpAdv=, DrawingPowerInd=E - Equal, MinIntPcntCr=2.5, Tax=, AutSwpFlg=, tdsOpAcct=, TestCaseName=CreateSavingsAccount, DocScanFlg=Y - Scan Required, RepayInstr=, GuardianCode=, AcctPrefIntCr=5.0, Related - CustName=PRIYA, FreqType=D - Daily, IntCrAcctFlg=S - Original A/c., 2 nd NomineeCifId=, SubSectCode=, FreqDay=, Related-CustTitle=MS, TypeAdv=, ModeAdv=, PermanentACID=, City=, RelatedFreqDay=, Created_AccountID=003000500000382, AddressLine2=, AddressLine1=, State=, Relation Code=003, Modeofoperation=, NomineeCifId=R0003470, Country=, Second RelatedPartyflg=Y, SectCode=AGRI, SwpHldyStat=, Regnum=1, RelatedFreqWeek=, FreqHldyStat=P - Previous day, CalBase=, PostalCode=, NomineePcnt=100.0, Function=Open, Relation=001, SwpDepFreqMnths=, SwpFreqType=, NatAdv=, RelateddispMode=, Second Nominee =, Menu=HOAACSB, FFD-Schmcode=36003.0, CIF ID=R0003423, GuardianName=, Nominee Minor=N, CustPrefIntCr=7.0, FreqStartDD=, NextIntCrCalcDt=15-Mar-2025, 2 nd Relationship=, FFD flg=N, Relation Type=J - Joint Holder, 2 nd Nomination Pcnt.=, Related -CustAddrLine1=XYZ, MaxIntPcntCr=3.0, ChanPrefIntCr=8.0, RelatedFreqStartDD=, Acct_Statement=B - Both, RelatedFreqType=D - Daily, MinBalOperAcct=, ErrorCode=, Scheme Code=0005, DocumentDate=15-Mar-2023, FreqWeek=, RelatedFreqHldyStat=N - Next Day}, indexList=[CreateSavingsAccount, HOAACSB, Open, R0003423, 0005, , B - Both, , D - Daily, , , , P - Previous day, N - No Dispatch, , 2.5, 3.0, 7.0, 5.0, 8.0, S - Original A/c., , , , 15-Mar-2025, 1, R0003470, 001, 100.0, N, , , , , , , , , , , , , 002, Y, J - Joint Holder, 003, D - Daily, , , , N - Next Day, , MS, PRIYA, XYZ, MCFST, Y - Scan Required, N, 36003.0, , , , , , , 04-Dec-2099, 15-Mar-2023, E - Equal, AGRI, , , , , , 003000500000382, ]}]
at java.base/java.util.ArrayList.forEach(ArrayList.java:1511)
... Removed 22 stack frames]]>
    </failure>
  </testcase> <!-- addcashdeposit -->
  <testcase classname="Loan.LoanModifyAfterVerification" name="CreateLoan" time="0.108">
    <failure type="org.testng.internal.reflect.MethodMatcherException" message="
[public static void Loan.LoanModifyAfterVerification.CreateLoan(Utilities.RowData,Utilities.RowData) throws java.lang.Exception] has no parameters defined but was found to be using a data provider (either explicitly specified or inherited from class level annotation).
Data provider mismatch
Method: CreateLoan([Utilities.RowData arg0, Utilities.RowData arg1])
Arguments: [(Utilities.RowData) RowData{headerMap={MONTH=12.0, intRestBasis=Select, docScanFlg=N - Scan not required, drawingPowerInd=E - Equal, testcasename=loan account create, operacct=003000500000131, occCode=004, pbPsFreqCalBase=G - Gregorian Calendar, pbPsFreqType=M - Monthly, cfid=R000002228, scheme code=4118.0, relnType=G - Guarantor, custTitle=MRS., relnCode=006, noOfInstlmnts=6.0, pbPsFlg=B - Both, expiryDate_ui=15-Mar-2026, pbPsFreqStartDD=30.0, pbPsFreqHldyStat=N - Next Day, OPTION=Select, docCode=ADHAR, menu=U - User-defined Repricing Plan, loanAmt=50000.0, custName=SARANYA S, Created_AccountID=0003LN511395, documentDate_ui=15-Mar-2023, loanPerdMths=12.0, modeAdv=DIRCT, CODE=002, custAddrLine1=567.0, subSectCode=70020.0, despatchMode=N - No Dispatch, sectCode=PRIOR}, indexList=[loan account create, HOAACLA, R000002228, 4118.0, B - Both, M - Monthly, 30.0, N - Next Day, G - Gregorian Calendar, N - No Dispatch, U - User-defined Repricing Plan, 50000.0, 12.0, 003000500000131, 12.0, Select, 15-Mar-2023, 15-Mar-2026, E - Equal, 6.0, Select, 002, 006, G - Guarantor, MRS., SARANYA S, 567.0, PRIOR, 70020.0, 004, DIRCT, ADHAR, N - Scan not required, 0003LN511395]}]">
      <![CDATA[org.testng.internal.reflect.MethodMatcherException: 
[public static void Loan.LoanModifyAfterVerification.CreateLoan(Utilities.RowData,Utilities.RowData) throws java.lang.Exception] has no parameters defined but was found to be using a data provider (either explicitly specified or inherited from class level annotation).
Data provider mismatch
Method: CreateLoan([Utilities.RowData arg0, Utilities.RowData arg1])
Arguments: [(Utilities.RowData) RowData{headerMap={MONTH=12.0, intRestBasis=Select, docScanFlg=N - Scan not required, drawingPowerInd=E - Equal, testcasename=loan account create, operacct=003000500000131, occCode=004, pbPsFreqCalBase=G - Gregorian Calendar, pbPsFreqType=M - Monthly, cfid=R000002228, scheme code=4118.0, relnType=G - Guarantor, custTitle=MRS., relnCode=006, noOfInstlmnts=6.0, pbPsFlg=B - Both, expiryDate_ui=15-Mar-2026, pbPsFreqStartDD=30.0, pbPsFreqHldyStat=N - Next Day, OPTION=Select, docCode=ADHAR, menu=U - User-defined Repricing Plan, loanAmt=50000.0, custName=SARANYA S, Created_AccountID=0003LN511395, documentDate_ui=15-Mar-2023, loanPerdMths=12.0, modeAdv=DIRCT, CODE=002, custAddrLine1=567.0, subSectCode=70020.0, despatchMode=N - No Dispatch, sectCode=PRIOR}, indexList=[loan account create, HOAACLA, R000002228, 4118.0, B - Both, M - Monthly, 30.0, N - Next Day, G - Gregorian Calendar, N - No Dispatch, U - User-defined Repricing Plan, 50000.0, 12.0, 003000500000131, 12.0, Select, 15-Mar-2023, 15-Mar-2026, E - Equal, 6.0, Select, 002, 006, G - Guarantor, MRS., SARANYA S, 567.0, PRIOR, 70020.0, 004, DIRCT, ADHAR, N - Scan not required, 0003LN511395]}]
at java.base/java.util.ArrayList.forEach(ArrayList.java:1511)
... Removed 22 stack frames]]>
    </failure>
  </testcase> <!-- CreateLoan -->
  <testcase classname="Loan.LoanAccountOpening" name="CreateLoan" time="0.0">
    <skipped/>
  </testcase> <!-- CreateLoan -->
  <testcase classname="TestCases.TC02_CreateLoanAccountwithSchmcodeforTwoWheelerRs2LandClosetheAccount" name="runTest" time="22.424"/>
  <testcase classname="Loan.Loanverification" name="VerifyLoanAccount" time="0.072">
    <failure type="org.testng.internal.reflect.MethodMatcherException" message="
[public void Loan.Loanverification.VerifyLoanAccount(Utilities.RowData,Utilities.RowData) throws java.lang.Exception] has no parameters defined but was found to be using a data provider (either explicitly specified or inherited from class level annotation).
Data provider mismatch
Method: VerifyLoanAccount([Utilities.RowData arg0, Utilities.RowData arg1])
Arguments: [(Utilities.RowData) RowData{headerMap={MONTH=12.0, intRestBasis=Select, docScanFlg=N - Scan not required, drawingPowerInd=E - Equal, testcasename=loan account create, operacct=003000500000131, occCode=004, pbPsFreqCalBase=G - Gregorian Calendar, pbPsFreqType=M - Monthly, cfid=R000002228, scheme code=4118.0, relnType=G - Guarantor, custTitle=MRS., relnCode=006, noOfInstlmnts=6.0, pbPsFlg=B - Both, expiryDate_ui=15-Mar-2026, pbPsFreqStartDD=30.0, pbPsFreqHldyStat=N - Next Day, OPTION=Select, docCode=ADHAR, menu=U - User-defined Repricing Plan, loanAmt=50000.0, custName=SARANYA S, Created_AccountID=0003LN511395, documentDate_ui=15-Mar-2023, loanPerdMths=12.0, modeAdv=DIRCT, CODE=002, custAddrLine1=567.0, subSectCode=70020.0, despatchMode=N - No Dispatch, sectCode=PRIOR}, indexList=[loan account create, HOAACLA, R000002228, 4118.0, B - Both, M - Monthly, 30.0, N - Next Day, G - Gregorian Calendar, N - No Dispatch, U - User-defined Repricing Plan, 50000.0, 12.0, 003000500000131, 12.0, Select, 15-Mar-2023, 15-Mar-2026, E - Equal, 6.0, Select, 002, 006, G - Guarantor, MRS., SARANYA S, 567.0, PRIOR, 70020.0, 004, DIRCT, ADHAR, N - Scan not required, 0003LN511395]}]">
      <![CDATA[org.testng.internal.reflect.MethodMatcherException: 
[public void Loan.Loanverification.VerifyLoanAccount(Utilities.RowData,Utilities.RowData) throws java.lang.Exception] has no parameters defined but was found to be using a data provider (either explicitly specified or inherited from class level annotation).
Data provider mismatch
Method: VerifyLoanAccount([Utilities.RowData arg0, Utilities.RowData arg1])
Arguments: [(Utilities.RowData) RowData{headerMap={MONTH=12.0, intRestBasis=Select, docScanFlg=N - Scan not required, drawingPowerInd=E - Equal, testcasename=loan account create, operacct=003000500000131, occCode=004, pbPsFreqCalBase=G - Gregorian Calendar, pbPsFreqType=M - Monthly, cfid=R000002228, scheme code=4118.0, relnType=G - Guarantor, custTitle=MRS., relnCode=006, noOfInstlmnts=6.0, pbPsFlg=B - Both, expiryDate_ui=15-Mar-2026, pbPsFreqStartDD=30.0, pbPsFreqHldyStat=N - Next Day, OPTION=Select, docCode=ADHAR, menu=U - User-defined Repricing Plan, loanAmt=50000.0, custName=SARANYA S, Created_AccountID=0003LN511395, documentDate_ui=15-Mar-2023, loanPerdMths=12.0, modeAdv=DIRCT, CODE=002, custAddrLine1=567.0, subSectCode=70020.0, despatchMode=N - No Dispatch, sectCode=PRIOR}, indexList=[loan account create, HOAACLA, R000002228, 4118.0, B - Both, M - Monthly, 30.0, N - Next Day, G - Gregorian Calendar, N - No Dispatch, U - User-defined Repricing Plan, 50000.0, 12.0, 003000500000131, 12.0, Select, 15-Mar-2023, 15-Mar-2026, E - Equal, 6.0, Select, 002, 006, G - Guarantor, MRS., SARANYA S, 567.0, PRIOR, 70020.0, 004, DIRCT, ADHAR, N - Scan not required, 0003LN511395]}]
at java.base/java.util.ArrayList.forEach(ArrayList.java:1511)
... Removed 22 stack frames]]>
    </failure>
  </testcase> <!-- VerifyLoanAccount -->
  <testcase classname="Loan.DemandGeneration" name="demandGeneration" time="0.087">
    <failure type="org.testng.internal.reflect.MethodMatcherException" message="
[public void Loan.DemandGeneration.demandGeneration(Utilities.RowData,Utilities.RowData)] has no parameters defined but was found to be using a data provider (either explicitly specified or inherited from class level annotation).
Data provider mismatch
Method: demandGeneration([Utilities.RowData arg0, Utilities.RowData arg1])
Arguments: [(Utilities.RowData) RowData{headerMap={MONTH=12.0, intRestBasis=Select, docScanFlg=N - Scan not required, drawingPowerInd=E - Equal, testcasename=loan account create, operacct=003000500000131, occCode=004, pbPsFreqCalBase=G - Gregorian Calendar, pbPsFreqType=M - Monthly, cfid=R000002228, scheme code=4118.0, relnType=G - Guarantor, custTitle=MRS., relnCode=006, noOfInstlmnts=6.0, pbPsFlg=B - Both, expiryDate_ui=15-Mar-2026, pbPsFreqStartDD=30.0, pbPsFreqHldyStat=N - Next Day, OPTION=Select, docCode=ADHAR, menu=U - User-defined Repricing Plan, loanAmt=50000.0, custName=SARANYA S, Created_AccountID=0003LN511395, documentDate_ui=15-Mar-2023, loanPerdMths=12.0, modeAdv=DIRCT, CODE=002, custAddrLine1=567.0, subSectCode=70020.0, despatchMode=N - No Dispatch, sectCode=PRIOR}, indexList=[loan account create, HOAACLA, R000002228, 4118.0, B - Both, M - Monthly, 30.0, N - Next Day, G - Gregorian Calendar, N - No Dispatch, U - User-defined Repricing Plan, 50000.0, 12.0, 003000500000131, 12.0, Select, 15-Mar-2023, 15-Mar-2026, E - Equal, 6.0, Select, 002, 006, G - Guarantor, MRS., SARANYA S, 567.0, PRIOR, 70020.0, 004, DIRCT, ADHAR, N - Scan not required, 0003LN511395]}]">
      <![CDATA[org.testng.internal.reflect.MethodMatcherException: 
[public void Loan.DemandGeneration.demandGeneration(Utilities.RowData,Utilities.RowData)] has no parameters defined but was found to be using a data provider (either explicitly specified or inherited from class level annotation).
Data provider mismatch
Method: demandGeneration([Utilities.RowData arg0, Utilities.RowData arg1])
Arguments: [(Utilities.RowData) RowData{headerMap={MONTH=12.0, intRestBasis=Select, docScanFlg=N - Scan not required, drawingPowerInd=E - Equal, testcasename=loan account create, operacct=003000500000131, occCode=004, pbPsFreqCalBase=G - Gregorian Calendar, pbPsFreqType=M - Monthly, cfid=R000002228, scheme code=4118.0, relnType=G - Guarantor, custTitle=MRS., relnCode=006, noOfInstlmnts=6.0, pbPsFlg=B - Both, expiryDate_ui=15-Mar-2026, pbPsFreqStartDD=30.0, pbPsFreqHldyStat=N - Next Day, OPTION=Select, docCode=ADHAR, menu=U - User-defined Repricing Plan, loanAmt=50000.0, custName=SARANYA S, Created_AccountID=0003LN511395, documentDate_ui=15-Mar-2023, loanPerdMths=12.0, modeAdv=DIRCT, CODE=002, custAddrLine1=567.0, subSectCode=70020.0, despatchMode=N - No Dispatch, sectCode=PRIOR}, indexList=[loan account create, HOAACLA, R000002228, 4118.0, B - Both, M - Monthly, 30.0, N - Next Day, G - Gregorian Calendar, N - No Dispatch, U - User-defined Repricing Plan, 50000.0, 12.0, 003000500000131, 12.0, Select, 15-Mar-2023, 15-Mar-2026, E - Equal, 6.0, Select, 002, 006, G - Guarantor, MRS., SARANYA S, 567.0, PRIOR, 70020.0, 004, DIRCT, ADHAR, N - Scan not required, 0003LN511395]}]
at java.base/java.util.ArrayList.forEach(ArrayList.java:1511)
... Removed 22 stack frames]]>
    </failure>
  </testcase> <!-- demandGeneration -->
  <testcase classname="Loan.DemandGeneration" name="demandSatisfaction" time="0.092">
    <failure type="org.testng.internal.reflect.MethodMatcherException" message="
[public void Loan.DemandGeneration.demandSatisfaction(Utilities.RowData,Utilities.RowData)] has no parameters defined but was found to be using a data provider (either explicitly specified or inherited from class level annotation).
Data provider mismatch
Method: demandSatisfaction([Utilities.RowData arg0, Utilities.RowData arg1])
Arguments: [(Utilities.RowData) RowData{headerMap={MONTH=12.0, intRestBasis=Select, docScanFlg=N - Scan not required, drawingPowerInd=E - Equal, testcasename=loan account create, operacct=003000500000131, occCode=004, pbPsFreqCalBase=G - Gregorian Calendar, pbPsFreqType=M - Monthly, cfid=R000002228, scheme code=4118.0, relnType=G - Guarantor, custTitle=MRS., relnCode=006, noOfInstlmnts=6.0, pbPsFlg=B - Both, expiryDate_ui=15-Mar-2026, pbPsFreqStartDD=30.0, pbPsFreqHldyStat=N - Next Day, OPTION=Select, docCode=ADHAR, menu=U - User-defined Repricing Plan, loanAmt=50000.0, custName=SARANYA S, Created_AccountID=0003LN511395, documentDate_ui=15-Mar-2023, loanPerdMths=12.0, modeAdv=DIRCT, CODE=002, custAddrLine1=567.0, subSectCode=70020.0, despatchMode=N - No Dispatch, sectCode=PRIOR}, indexList=[loan account create, HOAACLA, R000002228, 4118.0, B - Both, M - Monthly, 30.0, N - Next Day, G - Gregorian Calendar, N - No Dispatch, U - User-defined Repricing Plan, 50000.0, 12.0, 003000500000131, 12.0, Select, 15-Mar-2023, 15-Mar-2026, E - Equal, 6.0, Select, 002, 006, G - Guarantor, MRS., SARANYA S, 567.0, PRIOR, 70020.0, 004, DIRCT, ADHAR, N - Scan not required, 0003LN511395]}]">
      <![CDATA[org.testng.internal.reflect.MethodMatcherException: 
[public void Loan.DemandGeneration.demandSatisfaction(Utilities.RowData,Utilities.RowData)] has no parameters defined but was found to be using a data provider (either explicitly specified or inherited from class level annotation).
Data provider mismatch
Method: demandSatisfaction([Utilities.RowData arg0, Utilities.RowData arg1])
Arguments: [(Utilities.RowData) RowData{headerMap={MONTH=12.0, intRestBasis=Select, docScanFlg=N - Scan not required, drawingPowerInd=E - Equal, testcasename=loan account create, operacct=003000500000131, occCode=004, pbPsFreqCalBase=G - Gregorian Calendar, pbPsFreqType=M - Monthly, cfid=R000002228, scheme code=4118.0, relnType=G - Guarantor, custTitle=MRS., relnCode=006, noOfInstlmnts=6.0, pbPsFlg=B - Both, expiryDate_ui=15-Mar-2026, pbPsFreqStartDD=30.0, pbPsFreqHldyStat=N - Next Day, OPTION=Select, docCode=ADHAR, menu=U - User-defined Repricing Plan, loanAmt=50000.0, custName=SARANYA S, Created_AccountID=0003LN511395, documentDate_ui=15-Mar-2023, loanPerdMths=12.0, modeAdv=DIRCT, CODE=002, custAddrLine1=567.0, subSectCode=70020.0, despatchMode=N - No Dispatch, sectCode=PRIOR}, indexList=[loan account create, HOAACLA, R000002228, 4118.0, B - Both, M - Monthly, 30.0, N - Next Day, G - Gregorian Calendar, N - No Dispatch, U - User-defined Repricing Plan, 50000.0, 12.0, 003000500000131, 12.0, Select, 15-Mar-2023, 15-Mar-2026, E - Equal, 6.0, Select, 002, 006, G - Guarantor, MRS., SARANYA S, 567.0, PRIOR, 70020.0, 004, DIRCT, ADHAR, N - Scan not required, 0003LN511395]}]
at java.base/java.util.ArrayList.forEach(ArrayList.java:1511)
... Removed 22 stack frames]]>
    </failure>
  </testcase> <!-- demandSatisfaction -->
  <testcase classname="Loan.LoanModifybeforeverification" name="CreateLoan" time="0.115">
    <failure type="org.testng.internal.reflect.MethodMatcherException" message="
[public void Loan.LoanModifybeforeverification.CreateLoan(Utilities.RowData,Utilities.RowData) throws java.lang.Exception] has no parameters defined but was found to be using a data provider (either explicitly specified or inherited from class level annotation).
Data provider mismatch
Method: CreateLoan([Utilities.RowData arg0, Utilities.RowData arg1])
Arguments: [(Utilities.RowData) RowData{headerMap={MONTH=12.0, intRestBasis=Select, docScanFlg=N - Scan not required, drawingPowerInd=E - Equal, testcasename=loan account create, operacct=003000500000131, occCode=004, pbPsFreqCalBase=G - Gregorian Calendar, pbPsFreqType=M - Monthly, cfid=R000002228, scheme code=4118.0, relnType=G - Guarantor, custTitle=MRS., relnCode=006, noOfInstlmnts=6.0, pbPsFlg=B - Both, expiryDate_ui=15-Mar-2026, pbPsFreqStartDD=30.0, pbPsFreqHldyStat=N - Next Day, OPTION=Select, docCode=ADHAR, menu=U - User-defined Repricing Plan, loanAmt=50000.0, custName=SARANYA S, Created_AccountID=0003LN511395, documentDate_ui=15-Mar-2023, loanPerdMths=12.0, modeAdv=DIRCT, CODE=002, custAddrLine1=567.0, subSectCode=70020.0, despatchMode=N - No Dispatch, sectCode=PRIOR}, indexList=[loan account create, HOAACLA, R000002228, 4118.0, B - Both, M - Monthly, 30.0, N - Next Day, G - Gregorian Calendar, N - No Dispatch, U - User-defined Repricing Plan, 50000.0, 12.0, 003000500000131, 12.0, Select, 15-Mar-2023, 15-Mar-2026, E - Equal, 6.0, Select, 002, 006, G - Guarantor, MRS., SARANYA S, 567.0, PRIOR, 70020.0, 004, DIRCT, ADHAR, N - Scan not required, 0003LN511395]}]">
      <![CDATA[org.testng.internal.reflect.MethodMatcherException: 
[public void Loan.LoanModifybeforeverification.CreateLoan(Utilities.RowData,Utilities.RowData) throws java.lang.Exception] has no parameters defined but was found to be using a data provider (either explicitly specified or inherited from class level annotation).
Data provider mismatch
Method: CreateLoan([Utilities.RowData arg0, Utilities.RowData arg1])
Arguments: [(Utilities.RowData) RowData{headerMap={MONTH=12.0, intRestBasis=Select, docScanFlg=N - Scan not required, drawingPowerInd=E - Equal, testcasename=loan account create, operacct=003000500000131, occCode=004, pbPsFreqCalBase=G - Gregorian Calendar, pbPsFreqType=M - Monthly, cfid=R000002228, scheme code=4118.0, relnType=G - Guarantor, custTitle=MRS., relnCode=006, noOfInstlmnts=6.0, pbPsFlg=B - Both, expiryDate_ui=15-Mar-2026, pbPsFreqStartDD=30.0, pbPsFreqHldyStat=N - Next Day, OPTION=Select, docCode=ADHAR, menu=U - User-defined Repricing Plan, loanAmt=50000.0, custName=SARANYA S, Created_AccountID=0003LN511395, documentDate_ui=15-Mar-2023, loanPerdMths=12.0, modeAdv=DIRCT, CODE=002, custAddrLine1=567.0, subSectCode=70020.0, despatchMode=N - No Dispatch, sectCode=PRIOR}, indexList=[loan account create, HOAACLA, R000002228, 4118.0, B - Both, M - Monthly, 30.0, N - Next Day, G - Gregorian Calendar, N - No Dispatch, U - User-defined Repricing Plan, 50000.0, 12.0, 003000500000131, 12.0, Select, 15-Mar-2023, 15-Mar-2026, E - Equal, 6.0, Select, 002, 006, G - Guarantor, MRS., SARANYA S, 567.0, PRIOR, 70020.0, 004, DIRCT, ADHAR, N - Scan not required, 0003LN511395]}]
at java.base/java.util.ArrayList.forEach(ArrayList.java:1511)
... Removed 22 stack frames]]>
    </failure>
  </testcase> <!-- CreateLoan -->
  <testcase classname="CASA.VerificationOfSavingsAccount" name="VerifySBAccount" time="0.155">
    <failure type="org.testng.internal.reflect.MethodMatcherException" message="
[public static void CASA.VerificationOfSavingsAccount.VerifySBAccount(Utilities.RowData,Utilities.RowData) throws java.lang.Exception] has no parameters defined but was found to be using a data provider (either explicitly specified or inherited from class level annotation).
Data provider mismatch
Method: VerifySBAccount([Utilities.RowData arg0, Utilities.RowData arg1])
Arguments: [(Utilities.RowData) RowData{headerMap={DocCode=MCFST, ExpiryDate=04-Dec-2099, DispatchMode=N - No Dispatch, AccountId=, PurpAdv=, DrawingPowerInd=E - Equal, MinIntPcntCr=2.5, Tax=, AutSwpFlg=, tdsOpAcct=, TestCaseName=CreateSavingsAccount, DocScanFlg=Y - Scan Required, RepayInstr=, GuardianCode=, AcctPrefIntCr=5.0, Related - CustName=PRIYA, FreqType=D - Daily, IntCrAcctFlg=S - Original A/c., 2 nd NomineeCifId=, SubSectCode=, FreqDay=, Related-CustTitle=MS, TypeAdv=, ModeAdv=, PermanentACID=, City=, RelatedFreqDay=, Created_AccountID=003000500000382, AddressLine2=, AddressLine1=, State=, Relation Code=003, Modeofoperation=, NomineeCifId=R0003470, Country=, Second RelatedPartyflg=Y, SectCode=AGRI, SwpHldyStat=, Regnum=1, RelatedFreqWeek=, FreqHldyStat=P - Previous day, CalBase=, PostalCode=, NomineePcnt=100.0, Function=Open, Relation=001, SwpDepFreqMnths=, SwpFreqType=, NatAdv=, RelateddispMode=, Second Nominee =, Menu=HOAACSB, FFD-Schmcode=36003.0, CIF ID=R0003423, GuardianName=, Nominee Minor=N, CustPrefIntCr=7.0, FreqStartDD=, NextIntCrCalcDt=15-Mar-2025, 2 nd Relationship=, FFD flg=N, Relation Type=J - Joint Holder, 2 nd Nomination Pcnt.=, Related -CustAddrLine1=XYZ, MaxIntPcntCr=3.0, ChanPrefIntCr=8.0, RelatedFreqStartDD=, Acct_Statement=B - Both, RelatedFreqType=D - Daily, MinBalOperAcct=, ErrorCode=, Scheme Code=0005, DocumentDate=15-Mar-2023, FreqWeek=, RelatedFreqHldyStat=N - Next Day}, indexList=[CreateSavingsAccount, HOAACSB, Open, R0003423, 0005, , B - Both, , D - Daily, , , , P - Previous day, N - No Dispatch, , 2.5, 3.0, 7.0, 5.0, 8.0, S - Original A/c., , , , 15-Mar-2025, 1, R0003470, 001, 100.0, N, , , , , , , , , , , , , 002, Y, J - Joint Holder, 003, D - Daily, , , , N - Next Day, , MS, PRIYA, XYZ, MCFST, Y - Scan Required, N, 36003.0, , , , , , , 04-Dec-2099, 15-Mar-2023, E - Equal, AGRI, , , , , , 003000500000382, ]}]">
      <![CDATA[org.testng.internal.reflect.MethodMatcherException: 
[public static void CASA.VerificationOfSavingsAccount.VerifySBAccount(Utilities.RowData,Utilities.RowData) throws java.lang.Exception] has no parameters defined but was found to be using a data provider (either explicitly specified or inherited from class level annotation).
Data provider mismatch
Method: VerifySBAccount([Utilities.RowData arg0, Utilities.RowData arg1])
Arguments: [(Utilities.RowData) RowData{headerMap={DocCode=MCFST, ExpiryDate=04-Dec-2099, DispatchMode=N - No Dispatch, AccountId=, PurpAdv=, DrawingPowerInd=E - Equal, MinIntPcntCr=2.5, Tax=, AutSwpFlg=, tdsOpAcct=, TestCaseName=CreateSavingsAccount, DocScanFlg=Y - Scan Required, RepayInstr=, GuardianCode=, AcctPrefIntCr=5.0, Related - CustName=PRIYA, FreqType=D - Daily, IntCrAcctFlg=S - Original A/c., 2 nd NomineeCifId=, SubSectCode=, FreqDay=, Related-CustTitle=MS, TypeAdv=, ModeAdv=, PermanentACID=, City=, RelatedFreqDay=, Created_AccountID=003000500000382, AddressLine2=, AddressLine1=, State=, Relation Code=003, Modeofoperation=, NomineeCifId=R0003470, Country=, Second RelatedPartyflg=Y, SectCode=AGRI, SwpHldyStat=, Regnum=1, RelatedFreqWeek=, FreqHldyStat=P - Previous day, CalBase=, PostalCode=, NomineePcnt=100.0, Function=Open, Relation=001, SwpDepFreqMnths=, SwpFreqType=, NatAdv=, RelateddispMode=, Second Nominee =, Menu=HOAACSB, FFD-Schmcode=36003.0, CIF ID=R0003423, GuardianName=, Nominee Minor=N, CustPrefIntCr=7.0, FreqStartDD=, NextIntCrCalcDt=15-Mar-2025, 2 nd Relationship=, FFD flg=N, Relation Type=J - Joint Holder, 2 nd Nomination Pcnt.=, Related -CustAddrLine1=XYZ, MaxIntPcntCr=3.0, ChanPrefIntCr=8.0, RelatedFreqStartDD=, Acct_Statement=B - Both, RelatedFreqType=D - Daily, MinBalOperAcct=, ErrorCode=, Scheme Code=0005, DocumentDate=15-Mar-2023, FreqWeek=, RelatedFreqHldyStat=N - Next Day}, indexList=[CreateSavingsAccount, HOAACSB, Open, R0003423, 0005, , B - Both, , D - Daily, , , , P - Previous day, N - No Dispatch, , 2.5, 3.0, 7.0, 5.0, 8.0, S - Original A/c., , , , 15-Mar-2025, 1, R0003470, 001, 100.0, N, , , , , , , , , , , , , 002, Y, J - Joint Holder, 003, D - Daily, , , , N - Next Day, , MS, PRIYA, XYZ, MCFST, Y - Scan Required, N, 36003.0, , , , , , , 04-Dec-2099, 15-Mar-2023, E - Equal, AGRI, , , , , , 003000500000382, ]}]
at java.base/java.util.ArrayList.forEach(ArrayList.java:1511)
... Removed 22 stack frames]]>
    </failure>
  </testcase> <!-- VerifySBAccount -->
</testsuite> <!-- Default test -->
